The target system is: Android - 26 - x86_64
The host system is: Darwin - 18.0.0 - x86_64
Compiling the C compiler identification source file "CMakeCCompilerId.c" succeeded.
Compiler: /Users/sankim/lib_build/ffmpeg-android/android-ndk-r16b/toolchains/x86_64-4.9/prebuilt/darwin-x86_64/bin/x86_64-linux-android-gcc 
Build flags: 
Id flags: -c 

The output was:
0


Compilation of the C compiler identification source "CMakeCCompilerId.c" produced "CMakeCCompilerId.o"

The C compiler identification is GNU, found in "/Users/sankim/lib_build/libx265-android/x265/build/android/x86_64/CMakeFiles/3.10.1/CompilerIdC/CMakeCCompilerId.o"

Compiling the CXX compiler identification source file "CMakeCXXCompilerId.cpp" succeeded.
Compiler: /Users/sankim/lib_build/ffmpeg-android/android-ndk-r16b/toolchains/x86_64-4.9/prebuilt/darwin-x86_64/bin/x86_64-linux-android-g++ 
Build flags: 
Id flags: -c 

The output was:
0


Compilation of the CXX compiler identification source "CMakeCXXCompilerId.cpp" produced "CMakeCXXCompilerId.o"

The CXX compiler identification is GNU, found in "/Users/sankim/lib_build/libx265-android/x265/build/android/x86_64/CMakeFiles/3.10.1/CompilerIdCXX/CMakeCXXCompilerId.o"

Determining if the C compiler works passed with the following output:
Change Dir: /Users/sankim/lib_build/libx265-android/x265/build/android/x86_64/CMakeFiles/CMakeTmp

Run Build Command:"/usr/bin/make" "cmTC_77ed8/fast"
/Applications/Xcode.app/Contents/Developer/usr/bin/make -f CMakeFiles/cmTC_77ed8.dir/build.make CMakeFiles/cmTC_77ed8.dir/build
Building C object CMakeFiles/cmTC_77ed8.dir/testCCompiler.c.o
/Users/sankim/lib_build/ffmpeg-android/android-ndk-r16b/toolchains/x86_64-4.9/prebuilt/darwin-x86_64/bin/x86_64-linux-android-gcc --sysroot=/Users/sankim/lib_build/ffmpeg-android/android-ndk-r16b/sysroot  -isystem /Users/sankim/lib_build/ffmpeg-android/android-ndk-r16b/sysroot/usr/include -isystem /Users/sankim/lib_build/ffmpeg-android/android-ndk-r16b/sysroot/usr/include/x86_64-linux-android  -funwind-tables -no-canonical-prefixes -D__ANDROID_API__=26 -fexceptions  -g -fPIE   -o CMakeFiles/cmTC_77ed8.dir/testCCompiler.c.o   -c /Users/sankim/lib_build/libx265-android/x265/build/android/x86_64/CMakeFiles/CMakeTmp/testCCompiler.c
Linking C executable cmTC_77ed8
/usr/local/Cellar/cmake/3.10.1/bin/cmake -E cmake_link_script CMakeFiles/cmTC_77ed8.dir/link.txt --verbose=1
/Users/sankim/lib_build/ffmpeg-android/android-ndk-r16b/toolchains/x86_64-4.9/prebuilt/darwin-x86_64/bin/x86_64-linux-android-gcc --sysroot=/Users/sankim/lib_build/ffmpeg-android/android-ndk-r16b/platforms/android-26/arch-x86_64 -funwind-tables -no-canonical-prefixes -D__ANDROID_API__=26 -fexceptions  -g  -fPIE -pie -Wl,--gc-sections -Wl,-z,nocopyreloc  CMakeFiles/cmTC_77ed8.dir/testCCompiler.c.o  -o cmTC_77ed8 


Detecting C compiler ABI info compiled with the following output:
Change Dir: /Users/sankim/lib_build/libx265-android/x265/build/android/x86_64/CMakeFiles/CMakeTmp

Run Build Command:"/usr/bin/make" "cmTC_22ee4/fast"
/Applications/Xcode.app/Contents/Developer/usr/bin/make -f CMakeFiles/cmTC_22ee4.dir/build.make CMakeFiles/cmTC_22ee4.dir/build
Building C object CMakeFiles/cmTC_22ee4.dir/CMakeCCompilerABI.c.o
/Users/sankim/lib_build/ffmpeg-android/android-ndk-r16b/toolchains/x86_64-4.9/prebuilt/darwin-x86_64/bin/x86_64-linux-android-gcc --sysroot=/Users/sankim/lib_build/ffmpeg-android/android-ndk-r16b/sysroot  -isystem /Users/sankim/lib_build/ffmpeg-android/android-ndk-r16b/sysroot/usr/include -isystem /Users/sankim/lib_build/ffmpeg-android/android-ndk-r16b/sysroot/usr/include/x86_64-linux-android  -funwind-tables -no-canonical-prefixes -D__ANDROID_API__=26 -fexceptions  -g -fPIE   -o CMakeFiles/cmTC_22ee4.dir/CMakeCCompilerABI.c.o   -c /usr/local/Cellar/cmake/3.10.1/share/cmake/Modules/CMakeCCompilerABI.c
Linking C executable cmTC_22ee4
/usr/local/Cellar/cmake/3.10.1/bin/cmake -E cmake_link_script CMakeFiles/cmTC_22ee4.dir/link.txt --verbose=1
/Users/sankim/lib_build/ffmpeg-android/android-ndk-r16b/toolchains/x86_64-4.9/prebuilt/darwin-x86_64/bin/x86_64-linux-android-gcc --sysroot=/Users/sankim/lib_build/ffmpeg-android/android-ndk-r16b/platforms/android-26/arch-x86_64 -funwind-tables -no-canonical-prefixes -D__ANDROID_API__=26 -fexceptions  -g  -fPIE -pie -Wl,--gc-sections -Wl,-z,nocopyreloc -v CMakeFiles/cmTC_22ee4.dir/CMakeCCompilerABI.c.o  -o cmTC_22ee4 
Using built-in specs.
COLLECT_GCC=/Users/sankim/lib_build/ffmpeg-android/android-ndk-r16b/toolchains/x86_64-4.9/prebuilt/darwin-x86_64/bin/x86_64-linux-android-gcc
COLLECT_LTO_WRAPPER=/Users/sankim/lib_build/ffmpeg-android/android-ndk-r16b/toolchains/x86_64-4.9/prebuilt/darwin-x86_64/bin/../libexec/gcc/x86_64-linux-android/4.9.x/lto-wrapper
Target: x86_64-linux-android
Configured with: /Volumes/Android/buildbot/src/android/gcc/toolchain/build/../gcc/gcc-4.9/configure --prefix=/tmp/0efb08cea2bfaf7e8b2dd2d612423fe3 --target=x86_64-linux-android --host=x86_64-apple-darwin --build=x86_64-apple-darwin --with-gnu-as --with-gnu-ld --enable-languages=c,c++ --with-gmp=/buildbot/tmp/build/toolchain/temp-install --with-mpfr=/buildbot/tmp/build/toolchain/temp-install --with-mpc=/buildbot/tmp/build/toolchain/temp-install --with-cloog=/buildbot/tmp/build/toolchain/temp-install --with-isl=/buildbot/tmp/build/toolchain/temp-install --with-ppl=/buildbot/tmp/build/toolchain/temp-install --disable-ppl-version-check --disable-cloog-version-check --disable-isl-version-check --enable-cloog-backend=isl --with-host-libstdcxx='-static-libgcc -lstdc++ -lm' --disable-libssp --enable-threads --disable-nls --disable-libmudflap --disable-libgomp --disable-libstdc__-v3 --disable-sjlj-exceptions --disable-shared --disable-tls --disable-libitm --with-arch=x86-64 --with-tune=intel --with-fpmath=sse --with-multilib-list=m32,m64 --enable-bionic-libs --enable-libatomic-ifuncs=no --enable-initfini-array --disable-nls --prefix=/tmp/0efb08cea2bfaf7e8b2dd2d612423fe3 --with-sysroot=/tmp/0efb08cea2bfaf7e8b2dd2d612423fe3/sysroot --with-binutils-version=2.27 --with-mpfr-version=3.1.1 --with-mpc-version=1.0.1 --with-gmp-version=5.0.5 --with-gcc-version=4.9 --with-gdb-version=none --with-gxx-include-dir=/tmp/0efb08cea2bfaf7e8b2dd2d612423fe3/include/c++/4.9.x --with-bugurl=http://source.android.com/source/report-bugs.html --enable-languages=c,c++ --disable-bootstrap --enable-plugins --enable-libgomp --enable-gnu-indirect-function --disable-libcilkrts --disable-libsanitizer --enable-gold --enable-threads --enable-eh-frame-hdr-for-static --enable-graphite=yes --with-isl-version=0.11.1 --with-cloog-version=0.18.0 --program-transform-name='s&^&x86_64-linux-android-&' --enable-gold=default
Thread model: posix
gcc version 4.9.x 20150123 (prerelease) (GCC) 
COMPILER_PATH=/Users/sankim/lib_build/ffmpeg-android/android-ndk-r16b/toolchains/x86_64-4.9/prebuilt/darwin-x86_64/bin/../libexec/gcc/x86_64-linux-android/4.9.x/:/Users/sankim/lib_build/ffmpeg-android/android-ndk-r16b/toolchains/x86_64-4.9/prebuilt/darwin-x86_64/bin/../libexec/gcc/:/Users/sankim/lib_build/ffmpeg-android/android-ndk-r16b/toolchains/x86_64-4.9/prebuilt/darwin-x86_64/bin/../lib/gcc/x86_64-linux-android/4.9.x/../../../../x86_64-linux-android/bin/
LIBRARY_PATH=/Users/sankim/lib_build/ffmpeg-android/android-ndk-r16b/toolchains/x86_64-4.9/prebuilt/darwin-x86_64/bin/../lib/gcc/x86_64-linux-android/4.9.x/:/Users/sankim/lib_build/ffmpeg-android/android-ndk-r16b/toolchains/x86_64-4.9/prebuilt/darwin-x86_64/bin/../lib/gcc/:/Users/sankim/lib_build/ffmpeg-android/android-ndk-r16b/toolchains/x86_64-4.9/prebuilt/darwin-x86_64/bin/../lib/gcc/x86_64-linux-android/4.9.x/../../../../x86_64-linux-android/lib/../lib64/:/Users/sankim/lib_build/ffmpeg-android/android-ndk-r16b/platforms/android-26/arch-x86_64/usr/lib/../lib64/:/Users/sankim/lib_build/ffmpeg-android/android-ndk-r16b/toolchains/x86_64-4.9/prebuilt/darwin-x86_64/bin/../lib/gcc/x86_64-linux-android/4.9.x/../../../../x86_64-linux-android/lib/:/Users/sankim/lib_build/ffmpeg-android/android-ndk-r16b/platforms/android-26/arch-x86_64/usr/lib/
COLLECT_GCC_OPTIONS='-funwind-tables' '-D' '__ANDROID_API__=26' '-fexceptions' '-g' '-fPIE' '-pie' '-v' '-o' 'cmTC_22ee4' '-mtune=intel' '-march=x86-64'
 /Users/sankim/lib_build/ffmpeg-android/android-ndk-r16b/toolchains/x86_64-4.9/prebuilt/darwin-x86_64/bin/../libexec/gcc/x86_64-linux-android/4.9.x/collect2 -plugin /Users/sankim/lib_build/ffmpeg-android/android-ndk-r16b/toolchains/x86_64-4.9/prebuilt/darwin-x86_64/bin/../libexec/gcc/x86_64-linux-android/4.9.x/liblto_plugin.so -plugin-opt=/Users/sankim/lib_build/ffmpeg-android/android-ndk-r16b/toolchains/x86_64-4.9/prebuilt/darwin-x86_64/bin/../libexec/gcc/x86_64-linux-android/4.9.x/lto-wrapper -plugin-opt=-fresolution=/var/folders/cl/yl7tt_gs76s8t1d8kb3bm03m0000gn/T//cc0VhztF.res -plugin-opt=-pass-through=-lgcc -plugin-opt=-pass-through=-lc -plugin-opt=-pass-through=-ldl -plugin-opt=-pass-through=-lgcc --sysroot=/Users/sankim/lib_build/ffmpeg-android/android-ndk-r16b/platforms/android-26/arch-x86_64 --eh-frame-hdr -m elf_x86_64 -dynamic-linker /system/bin/linker64 -z noexecstack -z relro -z now -pie -o cmTC_22ee4 /Users/sankim/lib_build/ffmpeg-android/android-ndk-r16b/platforms/android-26/arch-x86_64/usr/lib/../lib64/crtbegin_dynamic.o -L/Users/sankim/lib_build/ffmpeg-android/android-ndk-r16b/toolchains/x86_64-4.9/prebuilt/darwin-x86_64/bin/../lib/gcc/x86_64-linux-android/4.9.x -L/Users/sankim/lib_build/ffmpeg-android/android-ndk-r16b/toolchains/x86_64-4.9/prebuilt/darwin-x86_64/bin/../lib/gcc -L/Users/sankim/lib_build/ffmpeg-android/android-ndk-r16b/toolchains/x86_64-4.9/prebuilt/darwin-x86_64/bin/../lib/gcc/x86_64-linux-android/4.9.x/../../../../x86_64-linux-android/lib/../lib64 -L/Users/sankim/lib_build/ffmpeg-android/android-ndk-r16b/platforms/android-26/arch-x86_64/usr/lib/../lib64 -L/Users/sankim/lib_build/ffmpeg-android/android-ndk-r16b/toolchains/x86_64-4.9/prebuilt/darwin-x86_64/bin/../lib/gcc/x86_64-linux-android/4.9.x/../../../../x86_64-linux-android/lib -L/Users/sankim/lib_build/ffmpeg-android/android-ndk-r16b/platforms/android-26/arch-x86_64/usr/lib --gc-sections -z nocopyreloc CMakeFiles/cmTC_22ee4.dir/CMakeCCompilerABI.c.o -lgcc -lc -ldl -lgcc /Users/sankim/lib_build/ffmpeg-android/android-ndk-r16b/platforms/android-26/arch-x86_64/usr/lib/../lib64/crtend_android.o


Parsed C implicit link information from above output:
  link line regex: [^( *|.*[/\])(x86_64-linux-android-ld|CMAKE_LINK_STARTFILE-NOTFOUND|([^/\]+-)?ld|collect2)[^/\]*( |$)]
  ignore line: [Change Dir: /Users/sankim/lib_build/libx265-android/x265/build/android/x86_64/CMakeFiles/CMakeTmp]
  ignore line: []
  ignore line: [Run Build Command:"/usr/bin/make" "cmTC_22ee4/fast"]
  ignore line: [/Applications/Xcode.app/Contents/Developer/usr/bin/make -f CMakeFiles/cmTC_22ee4.dir/build.make CMakeFiles/cmTC_22ee4.dir/build]
  ignore line: [Building C object CMakeFiles/cmTC_22ee4.dir/CMakeCCompilerABI.c.o]
  ignore line: [/Users/sankim/lib_build/ffmpeg-android/android-ndk-r16b/toolchains/x86_64-4.9/prebuilt/darwin-x86_64/bin/x86_64-linux-android-gcc --sysroot=/Users/sankim/lib_build/ffmpeg-android/android-ndk-r16b/sysroot  -isystem /Users/sankim/lib_build/ffmpeg-android/android-ndk-r16b/sysroot/usr/include -isystem /Users/sankim/lib_build/ffmpeg-android/android-ndk-r16b/sysroot/usr/include/x86_64-linux-android  -funwind-tables -no-canonical-prefixes -D__ANDROID_API__=26 -fexceptions  -g -fPIE   -o CMakeFiles/cmTC_22ee4.dir/CMakeCCompilerABI.c.o   -c /usr/local/Cellar/cmake/3.10.1/share/cmake/Modules/CMakeCCompilerABI.c]
  ignore line: [Linking C executable cmTC_22ee4]
  ignore line: [/usr/local/Cellar/cmake/3.10.1/bin/cmake -E cmake_link_script CMakeFiles/cmTC_22ee4.dir/link.txt --verbose=1]
  ignore line: [/Users/sankim/lib_build/ffmpeg-android/android-ndk-r16b/toolchains/x86_64-4.9/prebuilt/darwin-x86_64/bin/x86_64-linux-android-gcc --sysroot=/Users/sankim/lib_build/ffmpeg-android/android-ndk-r16b/platforms/android-26/arch-x86_64 -funwind-tables -no-canonical-prefixes -D__ANDROID_API__=26 -fexceptions  -g  -fPIE -pie -Wl,--gc-sections -Wl,-z,nocopyreloc -v CMakeFiles/cmTC_22ee4.dir/CMakeCCompilerABI.c.o  -o cmTC_22ee4 ]
  ignore line: [Using built-in specs.]
  ignore line: [COLLECT_GCC=/Users/sankim/lib_build/ffmpeg-android/android-ndk-r16b/toolchains/x86_64-4.9/prebuilt/darwin-x86_64/bin/x86_64-linux-android-gcc]
  ignore line: [COLLECT_LTO_WRAPPER=/Users/sankim/lib_build/ffmpeg-android/android-ndk-r16b/toolchains/x86_64-4.9/prebuilt/darwin-x86_64/bin/../libexec/gcc/x86_64-linux-android/4.9.x/lto-wrapper]
  ignore line: [Target: x86_64-linux-android]
  ignore line: [Configured with: /Volumes/Android/buildbot/src/android/gcc/toolchain/build/../gcc/gcc-4.9/configure --prefix=/tmp/0efb08cea2bfaf7e8b2dd2d612423fe3 --target=x86_64-linux-android --host=x86_64-apple-darwin --build=x86_64-apple-darwin --with-gnu-as --with-gnu-ld --enable-languages=c,c++ --with-gmp=/buildbot/tmp/build/toolchain/temp-install --with-mpfr=/buildbot/tmp/build/toolchain/temp-install --with-mpc=/buildbot/tmp/build/toolchain/temp-install --with-cloog=/buildbot/tmp/build/toolchain/temp-install --with-isl=/buildbot/tmp/build/toolchain/temp-install --with-ppl=/buildbot/tmp/build/toolchain/temp-install --disable-ppl-version-check --disable-cloog-version-check --disable-isl-version-check --enable-cloog-backend=isl --with-host-libstdcxx='-static-libgcc -lstdc++ -lm' --disable-libssp --enable-threads --disable-nls --disable-libmudflap --disable-libgomp --disable-libstdc__-v3 --disable-sjlj-exceptions --disable-shared --disable-tls --disable-libitm --with-arch=x86-64 --with-tune=intel --with-fpmath=sse --with-multilib-list=m32,m64 --enable-bionic-libs --enable-libatomic-ifuncs=no --enable-initfini-array --disable-nls --prefix=/tmp/0efb08cea2bfaf7e8b2dd2d612423fe3 --with-sysroot=/tmp/0efb08cea2bfaf7e8b2dd2d612423fe3/sysroot --with-binutils-version=2.27 --with-mpfr-version=3.1.1 --with-mpc-version=1.0.1 --with-gmp-version=5.0.5 --with-gcc-version=4.9 --with-gdb-version=none --with-gxx-include-dir=/tmp/0efb08cea2bfaf7e8b2dd2d612423fe3/include/c++/4.9.x --with-bugurl=http://source.android.com/source/report-bugs.html --enable-languages=c,c++ --disable-bootstrap --enable-plugins --enable-libgomp --enable-gnu-indirect-function --disable-libcilkrts --disable-libsanitizer --enable-gold --enable-threads --enable-eh-frame-hdr-for-static --enable-graphite=yes --with-isl-version=0.11.1 --with-cloog-version=0.18.0 --program-transform-name='s&^&x86_64-linux-android-&' --enable-gold=default]
  ignore line: [Thread model: posix]
  ignore line: [gcc version 4.9.x 20150123 (prerelease) (GCC) ]
  ignore line: [COMPILER_PATH=/Users/sankim/lib_build/ffmpeg-android/android-ndk-r16b/toolchains/x86_64-4.9/prebuilt/darwin-x86_64/bin/../libexec/gcc/x86_64-linux-android/4.9.x/:/Users/sankim/lib_build/ffmpeg-android/android-ndk-r16b/toolchains/x86_64-4.9/prebuilt/darwin-x86_64/bin/../libexec/gcc/:/Users/sankim/lib_build/ffmpeg-android/android-ndk-r16b/toolchains/x86_64-4.9/prebuilt/darwin-x86_64/bin/../lib/gcc/x86_64-linux-android/4.9.x/../../../../x86_64-linux-android/bin/]
  ignore line: [LIBRARY_PATH=/Users/sankim/lib_build/ffmpeg-android/android-ndk-r16b/toolchains/x86_64-4.9/prebuilt/darwin-x86_64/bin/../lib/gcc/x86_64-linux-android/4.9.x/:/Users/sankim/lib_build/ffmpeg-android/android-ndk-r16b/toolchains/x86_64-4.9/prebuilt/darwin-x86_64/bin/../lib/gcc/:/Users/sankim/lib_build/ffmpeg-android/android-ndk-r16b/toolchains/x86_64-4.9/prebuilt/darwin-x86_64/bin/../lib/gcc/x86_64-linux-android/4.9.x/../../../../x86_64-linux-android/lib/../lib64/:/Users/sankim/lib_build/ffmpeg-android/android-ndk-r16b/platforms/android-26/arch-x86_64/usr/lib/../lib64/:/Users/sankim/lib_build/ffmpeg-android/android-ndk-r16b/toolchains/x86_64-4.9/prebuilt/darwin-x86_64/bin/../lib/gcc/x86_64-linux-android/4.9.x/../../../../x86_64-linux-android/lib/:/Users/sankim/lib_build/ffmpeg-android/android-ndk-r16b/platforms/android-26/arch-x86_64/usr/lib/]
  ignore line: [COLLECT_GCC_OPTIONS='-funwind-tables' '-D' '__ANDROID_API__=26' '-fexceptions' '-g' '-fPIE' '-pie' '-v' '-o' 'cmTC_22ee4' '-mtune=intel' '-march=x86-64']
  link line: [ /Users/sankim/lib_build/ffmpeg-android/android-ndk-r16b/toolchains/x86_64-4.9/prebuilt/darwin-x86_64/bin/../libexec/gcc/x86_64-linux-android/4.9.x/collect2 -plugin /Users/sankim/lib_build/ffmpeg-android/android-ndk-r16b/toolchains/x86_64-4.9/prebuilt/darwin-x86_64/bin/../libexec/gcc/x86_64-linux-android/4.9.x/liblto_plugin.so -plugin-opt=/Users/sankim/lib_build/ffmpeg-android/android-ndk-r16b/toolchains/x86_64-4.9/prebuilt/darwin-x86_64/bin/../libexec/gcc/x86_64-linux-android/4.9.x/lto-wrapper -plugin-opt=-fresolution=/var/folders/cl/yl7tt_gs76s8t1d8kb3bm03m0000gn/T//cc0VhztF.res -plugin-opt=-pass-through=-lgcc -plugin-opt=-pass-through=-lc -plugin-opt=-pass-through=-ldl -plugin-opt=-pass-through=-lgcc --sysroot=/Users/sankim/lib_build/ffmpeg-android/android-ndk-r16b/platforms/android-26/arch-x86_64 --eh-frame-hdr -m elf_x86_64 -dynamic-linker /system/bin/linker64 -z noexecstack -z relro -z now -pie -o cmTC_22ee4 /Users/sankim/lib_build/ffmpeg-android/android-ndk-r16b/platforms/android-26/arch-x86_64/usr/lib/../lib64/crtbegin_dynamic.o -L/Users/sankim/lib_build/ffmpeg-android/android-ndk-r16b/toolchains/x86_64-4.9/prebuilt/darwin-x86_64/bin/../lib/gcc/x86_64-linux-android/4.9.x -L/Users/sankim/lib_build/ffmpeg-android/android-ndk-r16b/toolchains/x86_64-4.9/prebuilt/darwin-x86_64/bin/../lib/gcc -L/Users/sankim/lib_build/ffmpeg-android/android-ndk-r16b/toolchains/x86_64-4.9/prebuilt/darwin-x86_64/bin/../lib/gcc/x86_64-linux-android/4.9.x/../../../../x86_64-linux-android/lib/../lib64 -L/Users/sankim/lib_build/ffmpeg-android/android-ndk-r16b/platforms/android-26/arch-x86_64/usr/lib/../lib64 -L/Users/sankim/lib_build/ffmpeg-android/android-ndk-r16b/toolchains/x86_64-4.9/prebuilt/darwin-x86_64/bin/../lib/gcc/x86_64-linux-android/4.9.x/../../../../x86_64-linux-android/lib -L/Users/sankim/lib_build/ffmpeg-android/android-ndk-r16b/platforms/android-26/arch-x86_64/usr/lib --gc-sections -z nocopyreloc CMakeFiles/cmTC_22ee4.dir/CMakeCCompilerABI.c.o -lgcc -lc -ldl -lgcc /Users/sankim/lib_build/ffmpeg-android/android-ndk-r16b/platforms/android-26/arch-x86_64/usr/lib/../lib64/crtend_android.o]
    arg [/Users/sankim/lib_build/ffmpeg-android/android-ndk-r16b/toolchains/x86_64-4.9/prebuilt/darwin-x86_64/bin/../libexec/gcc/x86_64-linux-android/4.9.x/collect2] ==> ignore
    arg [-plugin] ==> ignore
    arg [/Users/sankim/lib_build/ffmpeg-android/android-ndk-r16b/toolchains/x86_64-4.9/prebuilt/darwin-x86_64/bin/../libexec/gcc/x86_64-linux-android/4.9.x/liblto_plugin.so] ==> ignore
    arg [-plugin-opt=/Users/sankim/lib_build/ffmpeg-android/android-ndk-r16b/toolchains/x86_64-4.9/prebuilt/darwin-x86_64/bin/../libexec/gcc/x86_64-linux-android/4.9.x/lto-wrapper] ==> ignore
    arg [-plugin-opt=-fresolution=/var/folders/cl/yl7tt_gs76s8t1d8kb3bm03m0000gn/T//cc0VhztF.res] ==> ignore
    arg [-plugin-opt=-pass-through=-lgcc] ==> ignore
    arg [-plugin-opt=-pass-through=-lc] ==> ignore
    arg [-plugin-opt=-pass-through=-ldl] ==> ignore
    arg [-plugin-opt=-pass-through=-lgcc] ==> ignore
    arg [--sysroot=/Users/sankim/lib_build/ffmpeg-android/android-ndk-r16b/platforms/android-26/arch-x86_64] ==> ignore
    arg [--eh-frame-hdr] ==> ignore
    arg [-m] ==> ignore
    arg [elf_x86_64] ==> ignore
    arg [-dynamic-linker] ==> ignore
    arg [/system/bin/linker64] ==> ignore
    arg [-znoexecstack] ==> ignore
    arg [-zrelro] ==> ignore
    arg [-znow] ==> ignore
    arg [-pie] ==> ignore
    arg [-o] ==> ignore
    arg [cmTC_22ee4] ==> ignore
    arg [/Users/sankim/lib_build/ffmpeg-android/android-ndk-r16b/platforms/android-26/arch-x86_64/usr/lib/../lib64/crtbegin_dynamic.o] ==> ignore
    arg [-L/Users/sankim/lib_build/ffmpeg-android/android-ndk-r16b/toolchains/x86_64-4.9/prebuilt/darwin-x86_64/bin/../lib/gcc/x86_64-linux-android/4.9.x] ==> dir [/Users/sankim/lib_build/ffmpeg-android/android-ndk-r16b/toolchains/x86_64-4.9/prebuilt/darwin-x86_64/bin/../lib/gcc/x86_64-linux-android/4.9.x]
    arg [-L/Users/sankim/lib_build/ffmpeg-android/android-ndk-r16b/toolchains/x86_64-4.9/prebuilt/darwin-x86_64/bin/../lib/gcc] ==> dir [/Users/sankim/lib_build/ffmpeg-android/android-ndk-r16b/toolchains/x86_64-4.9/prebuilt/darwin-x86_64/bin/../lib/gcc]
    arg [-L/Users/sankim/lib_build/ffmpeg-android/android-ndk-r16b/toolchains/x86_64-4.9/prebuilt/darwin-x86_64/bin/../lib/gcc/x86_64-linux-android/4.9.x/../../../../x86_64-linux-android/lib/../lib64] ==> dir [/Users/sankim/lib_build/ffmpeg-android/android-ndk-r16b/toolchains/x86_64-4.9/prebuilt/darwin-x86_64/bin/../lib/gcc/x86_64-linux-android/4.9.x/../../../../x86_64-linux-android/lib/../lib64]
    arg [-L/Users/sankim/lib_build/ffmpeg-android/android-ndk-r16b/platforms/android-26/arch-x86_64/usr/lib/../lib64] ==> dir [/Users/sankim/lib_build/ffmpeg-android/android-ndk-r16b/platforms/android-26/arch-x86_64/usr/lib/../lib64]
    arg [-L/Users/sankim/lib_build/ffmpeg-android/android-ndk-r16b/toolchains/x86_64-4.9/prebuilt/darwin-x86_64/bin/../lib/gcc/x86_64-linux-android/4.9.x/../../../../x86_64-linux-android/lib] ==> dir [/Users/sankim/lib_build/ffmpeg-android/android-ndk-r16b/toolchains/x86_64-4.9/prebuilt/darwin-x86_64/bin/../lib/gcc/x86_64-linux-android/4.9.x/../../../../x86_64-linux-android/lib]
    arg [-L/Users/sankim/lib_build/ffmpeg-android/android-ndk-r16b/platforms/android-26/arch-x86_64/usr/lib] ==> dir [/Users/sankim/lib_build/ffmpeg-android/android-ndk-r16b/platforms/android-26/arch-x86_64/usr/lib]
    arg [--gc-sections] ==> ignore
    arg [-znocopyreloc] ==> ignore
    arg [CMakeFiles/cmTC_22ee4.dir/CMakeCCompilerABI.c.o] ==> ignore
    arg [-lgcc] ==> lib [gcc]
    arg [-lc] ==> lib [c]
    arg [-ldl] ==> lib [dl]
    arg [-lgcc] ==> lib [gcc]
    arg [/Users/sankim/lib_build/ffmpeg-android/android-ndk-r16b/platforms/android-26/arch-x86_64/usr/lib/../lib64/crtend_android.o] ==> ignore
  collapse library dir [/Users/sankim/lib_build/ffmpeg-android/android-ndk-r16b/toolchains/x86_64-4.9/prebuilt/darwin-x86_64/bin/../lib/gcc/x86_64-linux-android/4.9.x] ==> [/Users/sankim/lib_build/ffmpeg-android/android-ndk-r16b/toolchains/x86_64-4.9/prebuilt/darwin-x86_64/lib/gcc/x86_64-linux-android/4.9.x]
  collapse library dir [/Users/sankim/lib_build/ffmpeg-android/android-ndk-r16b/toolchains/x86_64-4.9/prebuilt/darwin-x86_64/bin/../lib/gcc] ==> [/Users/sankim/lib_build/ffmpeg-android/android-ndk-r16b/toolchains/x86_64-4.9/prebuilt/darwin-x86_64/lib/gcc]
  collapse library dir [/Users/sankim/lib_build/ffmpeg-android/android-ndk-r16b/toolchains/x86_64-4.9/prebuilt/darwin-x86_64/bin/../lib/gcc/x86_64-linux-android/4.9.x/../../../../x86_64-linux-android/lib/../lib64] ==> [/Users/sankim/lib_build/ffmpeg-android/android-ndk-r16b/toolchains/x86_64-4.9/prebuilt/darwin-x86_64/x86_64-linux-android/lib64]
  collapse library dir [/Users/sankim/lib_build/ffmpeg-android/android-ndk-r16b/platforms/android-26/arch-x86_64/usr/lib/../lib64] ==> [/Users/sankim/lib_build/ffmpeg-android/android-ndk-r16b/platforms/android-26/arch-x86_64/usr/lib64]
  collapse library dir [/Users/sankim/lib_build/ffmpeg-android/android-ndk-r16b/toolchains/x86_64-4.9/prebuilt/darwin-x86_64/bin/../lib/gcc/x86_64-linux-android/4.9.x/../../../../x86_64-linux-android/lib] ==> [/Users/sankim/lib_build/ffmpeg-android/android-ndk-r16b/toolchains/x86_64-4.9/prebuilt/darwin-x86_64/x86_64-linux-android/lib]
  collapse library dir [/Users/sankim/lib_build/ffmpeg-android/android-ndk-r16b/platforms/android-26/arch-x86_64/usr/lib] ==> [/Users/sankim/lib_build/ffmpeg-android/android-ndk-r16b/platforms/android-26/arch-x86_64/usr/lib]
  implicit libs: [gcc;c;dl;gcc]
  implicit dirs: [/Users/sankim/lib_build/ffmpeg-android/android-ndk-r16b/toolchains/x86_64-4.9/prebuilt/darwin-x86_64/lib/gcc/x86_64-linux-android/4.9.x;/Users/sankim/lib_build/ffmpeg-android/android-ndk-r16b/toolchains/x86_64-4.9/prebuilt/darwin-x86_64/lib/gcc;/Users/sankim/lib_build/ffmpeg-android/android-ndk-r16b/toolchains/x86_64-4.9/prebuilt/darwin-x86_64/x86_64-linux-android/lib64;/Users/sankim/lib_build/ffmpeg-android/android-ndk-r16b/platforms/android-26/arch-x86_64/usr/lib64;/Users/sankim/lib_build/ffmpeg-android/android-ndk-r16b/toolchains/x86_64-4.9/prebuilt/darwin-x86_64/x86_64-linux-android/lib;/Users/sankim/lib_build/ffmpeg-android/android-ndk-r16b/platforms/android-26/arch-x86_64/usr/lib]
  implicit fwks: []




Detecting C [-std=c11] compiler features compiled with the following output:
Change Dir: /Users/sankim/lib_build/libx265-android/x265/build/android/x86_64/CMakeFiles/CMakeTmp

Run Build Command:"/usr/bin/make" "cmTC_e9260/fast"
/Applications/Xcode.app/Contents/Developer/usr/bin/make -f CMakeFiles/cmTC_e9260.dir/build.make CMakeFiles/cmTC_e9260.dir/build
Building C object CMakeFiles/cmTC_e9260.dir/feature_tests.c.o
/Users/sankim/lib_build/ffmpeg-android/android-ndk-r16b/toolchains/x86_64-4.9/prebuilt/darwin-x86_64/bin/x86_64-linux-android-gcc --sysroot=/Users/sankim/lib_build/ffmpeg-android/android-ndk-r16b/sysroot  -isystem /Users/sankim/lib_build/ffmpeg-android/android-ndk-r16b/sysroot/usr/include -isystem /Users/sankim/lib_build/ffmpeg-android/android-ndk-r16b/sysroot/usr/include/x86_64-linux-android  -funwind-tables -no-canonical-prefixes -D__ANDROID_API__=26 -fexceptions  -g -fPIE   -std=c11 -o CMakeFiles/cmTC_e9260.dir/feature_tests.c.o   -c /Users/sankim/lib_build/libx265-android/x265/build/android/x86_64/CMakeFiles/feature_tests.c
Linking C executable cmTC_e9260
/usr/local/Cellar/cmake/3.10.1/bin/cmake -E cmake_link_script CMakeFiles/cmTC_e9260.dir/link.txt --verbose=1
/Users/sankim/lib_build/ffmpeg-android/android-ndk-r16b/toolchains/x86_64-4.9/prebuilt/darwin-x86_64/bin/x86_64-linux-android-gcc --sysroot=/Users/sankim/lib_build/ffmpeg-android/android-ndk-r16b/platforms/android-26/arch-x86_64 -funwind-tables -no-canonical-prefixes -D__ANDROID_API__=26 -fexceptions  -g  -fPIE -pie -Wl,--gc-sections -Wl,-z,nocopyreloc  CMakeFiles/cmTC_e9260.dir/feature_tests.c.o  -o cmTC_e9260 


    Feature record: C_FEATURE:1c_function_prototypes
    Feature record: C_FEATURE:1c_restrict
    Feature record: C_FEATURE:1c_static_assert
    Feature record: C_FEATURE:1c_variadic_macros


Detecting C [-std=c99] compiler features compiled with the following output:
Change Dir: /Users/sankim/lib_build/libx265-android/x265/build/android/x86_64/CMakeFiles/CMakeTmp

Run Build Command:"/usr/bin/make" "cmTC_82407/fast"
/Applications/Xcode.app/Contents/Developer/usr/bin/make -f CMakeFiles/cmTC_82407.dir/build.make CMakeFiles/cmTC_82407.dir/build
Building C object CMakeFiles/cmTC_82407.dir/feature_tests.c.o
/Users/sankim/lib_build/ffmpeg-android/android-ndk-r16b/toolchains/x86_64-4.9/prebuilt/darwin-x86_64/bin/x86_64-linux-android-gcc --sysroot=/Users/sankim/lib_build/ffmpeg-android/android-ndk-r16b/sysroot  -isystem /Users/sankim/lib_build/ffmpeg-android/android-ndk-r16b/sysroot/usr/include -isystem /Users/sankim/lib_build/ffmpeg-android/android-ndk-r16b/sysroot/usr/include/x86_64-linux-android  -funwind-tables -no-canonical-prefixes -D__ANDROID_API__=26 -fexceptions  -g -fPIE   -std=c99 -o CMakeFiles/cmTC_82407.dir/feature_tests.c.o   -c /Users/sankim/lib_build/libx265-android/x265/build/android/x86_64/CMakeFiles/feature_tests.c
Linking C executable cmTC_82407
/usr/local/Cellar/cmake/3.10.1/bin/cmake -E cmake_link_script CMakeFiles/cmTC_82407.dir/link.txt --verbose=1
/Users/sankim/lib_build/ffmpeg-android/android-ndk-r16b/toolchains/x86_64-4.9/prebuilt/darwin-x86_64/bin/x86_64-linux-android-gcc --sysroot=/Users/sankim/lib_build/ffmpeg-android/android-ndk-r16b/platforms/android-26/arch-x86_64 -funwind-tables -no-canonical-prefixes -D__ANDROID_API__=26 -fexceptions  -g  -fPIE -pie -Wl,--gc-sections -Wl,-z,nocopyreloc  CMakeFiles/cmTC_82407.dir/feature_tests.c.o  -o cmTC_82407 


    Feature record: C_FEATURE:1c_function_prototypes
    Feature record: C_FEATURE:1c_restrict
    Feature record: C_FEATURE:0c_static_assert
    Feature record: C_FEATURE:1c_variadic_macros


Detecting C [-std=c90] compiler features compiled with the following output:
Change Dir: /Users/sankim/lib_build/libx265-android/x265/build/android/x86_64/CMakeFiles/CMakeTmp

Run Build Command:"/usr/bin/make" "cmTC_e9393/fast"
/Applications/Xcode.app/Contents/Developer/usr/bin/make -f CMakeFiles/cmTC_e9393.dir/build.make CMakeFiles/cmTC_e9393.dir/build
Building C object CMakeFiles/cmTC_e9393.dir/feature_tests.c.o
/Users/sankim/lib_build/ffmpeg-android/android-ndk-r16b/toolchains/x86_64-4.9/prebuilt/darwin-x86_64/bin/x86_64-linux-android-gcc --sysroot=/Users/sankim/lib_build/ffmpeg-android/android-ndk-r16b/sysroot  -isystem /Users/sankim/lib_build/ffmpeg-android/android-ndk-r16b/sysroot/usr/include -isystem /Users/sankim/lib_build/ffmpeg-android/android-ndk-r16b/sysroot/usr/include/x86_64-linux-android  -funwind-tables -no-canonical-prefixes -D__ANDROID_API__=26 -fexceptions  -g -fPIE   -std=c90 -o CMakeFiles/cmTC_e9393.dir/feature_tests.c.o   -c /Users/sankim/lib_build/libx265-android/x265/build/android/x86_64/CMakeFiles/feature_tests.c
Linking C executable cmTC_e9393
/usr/local/Cellar/cmake/3.10.1/bin/cmake -E cmake_link_script CMakeFiles/cmTC_e9393.dir/link.txt --verbose=1
/Users/sankim/lib_build/ffmpeg-android/android-ndk-r16b/toolchains/x86_64-4.9/prebuilt/darwin-x86_64/bin/x86_64-linux-android-gcc --sysroot=/Users/sankim/lib_build/ffmpeg-android/android-ndk-r16b/platforms/android-26/arch-x86_64 -funwind-tables -no-canonical-prefixes -D__ANDROID_API__=26 -fexceptions  -g  -fPIE -pie -Wl,--gc-sections -Wl,-z,nocopyreloc  CMakeFiles/cmTC_e9393.dir/feature_tests.c.o  -o cmTC_e9393 


    Feature record: C_FEATURE:1c_function_prototypes
    Feature record: C_FEATURE:0c_restrict
    Feature record: C_FEATURE:0c_static_assert
    Feature record: C_FEATURE:0c_variadic_macros
Determining if the CXX compiler works passed with the following output:
Change Dir: /Users/sankim/lib_build/libx265-android/x265/build/android/x86_64/CMakeFiles/CMakeTmp

Run Build Command:"/usr/bin/make" "cmTC_b7547/fast"
/Applications/Xcode.app/Contents/Developer/usr/bin/make -f CMakeFiles/cmTC_b7547.dir/build.make CMakeFiles/cmTC_b7547.dir/build
Building CXX object CMakeFiles/cmTC_b7547.dir/testCXXCompiler.cxx.o
/Users/sankim/lib_build/ffmpeg-android/android-ndk-r16b/toolchains/x86_64-4.9/prebuilt/darwin-x86_64/bin/x86_64-linux-android-g++ --sysroot=/Users/sankim/lib_build/ffmpeg-android/android-ndk-r16b/sysroot   -isystem /Users/sankim/lib_build/ffmpeg-android/android-ndk-r16b/sources/cxx-stl/gnu-libstdc++/4.9/include -isystem /Users/sankim/lib_build/ffmpeg-android/android-ndk-r16b/sources/cxx-stl/gnu-libstdc++/4.9/libs/x86_64/include -isystem /Users/sankim/lib_build/ffmpeg-android/android-ndk-r16b/sources/cxx-stl/gnu-libstdc++/4.9/include/backward -isystem /Users/sankim/lib_build/ffmpeg-android/android-ndk-r16b/sysroot/usr/include -isystem /Users/sankim/lib_build/ffmpeg-android/android-ndk-r16b/sysroot/usr/include/x86_64-linux-android  -funwind-tables -no-canonical-prefixes -D__ANDROID_API__=26 -fexceptions -frtti  -g -fPIE   -o CMakeFiles/cmTC_b7547.dir/testCXXCompiler.cxx.o -c /Users/sankim/lib_build/libx265-android/x265/build/android/x86_64/CMakeFiles/CMakeTmp/testCXXCompiler.cxx
Linking CXX executable cmTC_b7547
/usr/local/Cellar/cmake/3.10.1/bin/cmake -E cmake_link_script CMakeFiles/cmTC_b7547.dir/link.txt --verbose=1
/Users/sankim/lib_build/ffmpeg-android/android-ndk-r16b/toolchains/x86_64-4.9/prebuilt/darwin-x86_64/bin/x86_64-linux-android-g++ --sysroot=/Users/sankim/lib_build/ffmpeg-android/android-ndk-r16b/platforms/android-26/arch-x86_64  -funwind-tables -no-canonical-prefixes -D__ANDROID_API__=26 -fexceptions -frtti  -g  -fPIE -pie -Wl,--gc-sections -Wl,-z,nocopyreloc  CMakeFiles/cmTC_b7547.dir/testCXXCompiler.cxx.o  -o cmTC_b7547  "/Users/sankim/lib_build/ffmpeg-android/android-ndk-r16b/sources/cxx-stl/gnu-libstdc++/4.9/libs/x86_64/libgnustl_static.a" 


Detecting CXX compiler ABI info compiled with the following output:
Change Dir: /Users/sankim/lib_build/libx265-android/x265/build/android/x86_64/CMakeFiles/CMakeTmp

Run Build Command:"/usr/bin/make" "cmTC_781e4/fast"
/Applications/Xcode.app/Contents/Developer/usr/bin/make -f CMakeFiles/cmTC_781e4.dir/build.make CMakeFiles/cmTC_781e4.dir/build
Building CXX object CMakeFiles/cmTC_781e4.dir/CMakeCXXCompilerABI.cpp.o
/Users/sankim/lib_build/ffmpeg-android/android-ndk-r16b/toolchains/x86_64-4.9/prebuilt/darwin-x86_64/bin/x86_64-linux-android-g++ --sysroot=/Users/sankim/lib_build/ffmpeg-android/android-ndk-r16b/sysroot   -isystem /Users/sankim/lib_build/ffmpeg-android/android-ndk-r16b/sources/cxx-stl/gnu-libstdc++/4.9/include -isystem /Users/sankim/lib_build/ffmpeg-android/android-ndk-r16b/sources/cxx-stl/gnu-libstdc++/4.9/libs/x86_64/include -isystem /Users/sankim/lib_build/ffmpeg-android/android-ndk-r16b/sources/cxx-stl/gnu-libstdc++/4.9/include/backward -isystem /Users/sankim/lib_build/ffmpeg-android/android-ndk-r16b/sysroot/usr/include -isystem /Users/sankim/lib_build/ffmpeg-android/android-ndk-r16b/sysroot/usr/include/x86_64-linux-android  -funwind-tables -no-canonical-prefixes -D__ANDROID_API__=26 -fexceptions -frtti  -g -fPIE   -o CMakeFiles/cmTC_781e4.dir/CMakeCXXCompilerABI.cpp.o -c /usr/local/Cellar/cmake/3.10.1/share/cmake/Modules/CMakeCXXCompilerABI.cpp
Linking CXX executable cmTC_781e4
/usr/local/Cellar/cmake/3.10.1/bin/cmake -E cmake_link_script CMakeFiles/cmTC_781e4.dir/link.txt --verbose=1
/Users/sankim/lib_build/ffmpeg-android/android-ndk-r16b/toolchains/x86_64-4.9/prebuilt/darwin-x86_64/bin/x86_64-linux-android-g++ --sysroot=/Users/sankim/lib_build/ffmpeg-android/android-ndk-r16b/platforms/android-26/arch-x86_64  -funwind-tables -no-canonical-prefixes -D__ANDROID_API__=26 -fexceptions -frtti  -g  -fPIE -pie -Wl,--gc-sections -Wl,-z,nocopyreloc -v CMakeFiles/cmTC_781e4.dir/CMakeCXXCompilerABI.cpp.o  -o cmTC_781e4  "/Users/sankim/lib_build/ffmpeg-android/android-ndk-r16b/sources/cxx-stl/gnu-libstdc++/4.9/libs/x86_64/libgnustl_static.a" 
Using built-in specs.
COLLECT_GCC=/Users/sankim/lib_build/ffmpeg-android/android-ndk-r16b/toolchains/x86_64-4.9/prebuilt/darwin-x86_64/bin/x86_64-linux-android-g++
COLLECT_LTO_WRAPPER=/Users/sankim/lib_build/ffmpeg-android/android-ndk-r16b/toolchains/x86_64-4.9/prebuilt/darwin-x86_64/bin/../libexec/gcc/x86_64-linux-android/4.9.x/lto-wrapper
Target: x86_64-linux-android
Configured with: /Volumes/Android/buildbot/src/android/gcc/toolchain/build/../gcc/gcc-4.9/configure --prefix=/tmp/0efb08cea2bfaf7e8b2dd2d612423fe3 --target=x86_64-linux-android --host=x86_64-apple-darwin --build=x86_64-apple-darwin --with-gnu-as --with-gnu-ld --enable-languages=c,c++ --with-gmp=/buildbot/tmp/build/toolchain/temp-install --with-mpfr=/buildbot/tmp/build/toolchain/temp-install --with-mpc=/buildbot/tmp/build/toolchain/temp-install --with-cloog=/buildbot/tmp/build/toolchain/temp-install --with-isl=/buildbot/tmp/build/toolchain/temp-install --with-ppl=/buildbot/tmp/build/toolchain/temp-install --disable-ppl-version-check --disable-cloog-version-check --disable-isl-version-check --enable-cloog-backend=isl --with-host-libstdcxx='-static-libgcc -lstdc++ -lm' --disable-libssp --enable-threads --disable-nls --disable-libmudflap --disable-libgomp --disable-libstdc__-v3 --disable-sjlj-exceptions --disable-shared --disable-tls --disable-libitm --with-arch=x86-64 --with-tune=intel --with-fpmath=sse --with-multilib-list=m32,m64 --enable-bionic-libs --enable-libatomic-ifuncs=no --enable-initfini-array --disable-nls --prefix=/tmp/0efb08cea2bfaf7e8b2dd2d612423fe3 --with-sysroot=/tmp/0efb08cea2bfaf7e8b2dd2d612423fe3/sysroot --with-binutils-version=2.27 --with-mpfr-version=3.1.1 --with-mpc-version=1.0.1 --with-gmp-version=5.0.5 --with-gcc-version=4.9 --with-gdb-version=none --with-gxx-include-dir=/tmp/0efb08cea2bfaf7e8b2dd2d612423fe3/include/c++/4.9.x --with-bugurl=http://source.android.com/source/report-bugs.html --enable-languages=c,c++ --disable-bootstrap --enable-plugins --enable-libgomp --enable-gnu-indirect-function --disable-libcilkrts --disable-libsanitizer --enable-gold --enable-threads --enable-eh-frame-hdr-for-static --enable-graphite=yes --with-isl-version=0.11.1 --with-cloog-version=0.18.0 --program-transform-name='s&^&x86_64-linux-android-&' --enable-gold=default
Thread model: posix
gcc version 4.9.x 20150123 (prerelease) (GCC) 
COMPILER_PATH=/Users/sankim/lib_build/ffmpeg-android/android-ndk-r16b/toolchains/x86_64-4.9/prebuilt/darwin-x86_64/bin/../libexec/gcc/x86_64-linux-android/4.9.x/:/Users/sankim/lib_build/ffmpeg-android/android-ndk-r16b/toolchains/x86_64-4.9/prebuilt/darwin-x86_64/bin/../libexec/gcc/:/Users/sankim/lib_build/ffmpeg-android/android-ndk-r16b/toolchains/x86_64-4.9/prebuilt/darwin-x86_64/bin/../lib/gcc/x86_64-linux-android/4.9.x/../../../../x86_64-linux-android/bin/
LIBRARY_PATH=/Users/sankim/lib_build/ffmpeg-android/android-ndk-r16b/toolchains/x86_64-4.9/prebuilt/darwin-x86_64/bin/../lib/gcc/x86_64-linux-android/4.9.x/:/Users/sankim/lib_build/ffmpeg-android/android-ndk-r16b/toolchains/x86_64-4.9/prebuilt/darwin-x86_64/bin/../lib/gcc/:/Users/sankim/lib_build/ffmpeg-android/android-ndk-r16b/toolchains/x86_64-4.9/prebuilt/darwin-x86_64/bin/../lib/gcc/x86_64-linux-android/4.9.x/../../../../x86_64-linux-android/lib/../lib64/:/Users/sankim/lib_build/ffmpeg-android/android-ndk-r16b/platforms/android-26/arch-x86_64/usr/lib/../lib64/:/Users/sankim/lib_build/ffmpeg-android/android-ndk-r16b/toolchains/x86_64-4.9/prebuilt/darwin-x86_64/bin/../lib/gcc/x86_64-linux-android/4.9.x/../../../../x86_64-linux-android/lib/:/Users/sankim/lib_build/ffmpeg-android/android-ndk-r16b/platforms/android-26/arch-x86_64/usr/lib/
COLLECT_GCC_OPTIONS='-funwind-tables' '-D' '__ANDROID_API__=26' '-fexceptions' '-frtti' '-g' '-fPIE' '-pie' '-v' '-o' 'cmTC_781e4' '-mtune=intel' '-march=x86-64'
 /Users/sankim/lib_build/ffmpeg-android/android-ndk-r16b/toolchains/x86_64-4.9/prebuilt/darwin-x86_64/bin/../libexec/gcc/x86_64-linux-android/4.9.x/collect2 -plugin /Users/sankim/lib_build/ffmpeg-android/android-ndk-r16b/toolchains/x86_64-4.9/prebuilt/darwin-x86_64/bin/../libexec/gcc/x86_64-linux-android/4.9.x/liblto_plugin.so -plugin-opt=/Users/sankim/lib_build/ffmpeg-android/android-ndk-r16b/toolchains/x86_64-4.9/prebuilt/darwin-x86_64/bin/../libexec/gcc/x86_64-linux-android/4.9.x/lto-wrapper -plugin-opt=-fresolution=/var/folders/cl/yl7tt_gs76s8t1d8kb3bm03m0000gn/T//cciTIj3a.res -plugin-opt=-pass-through=-lgcc -plugin-opt=-pass-through=-lc -plugin-opt=-pass-through=-ldl -plugin-opt=-pass-through=-lgcc --sysroot=/Users/sankim/lib_build/ffmpeg-android/android-ndk-r16b/platforms/android-26/arch-x86_64 --eh-frame-hdr -m elf_x86_64 -dynamic-linker /system/bin/linker64 -z noexecstack -z relro -z now -pie -o cmTC_781e4 /Users/sankim/lib_build/ffmpeg-android/android-ndk-r16b/platforms/android-26/arch-x86_64/usr/lib/../lib64/crtbegin_dynamic.o -L/Users/sankim/lib_build/ffmpeg-android/android-ndk-r16b/toolchains/x86_64-4.9/prebuilt/darwin-x86_64/bin/../lib/gcc/x86_64-linux-android/4.9.x -L/Users/sankim/lib_build/ffmpeg-android/android-ndk-r16b/toolchains/x86_64-4.9/prebuilt/darwin-x86_64/bin/../lib/gcc -L/Users/sankim/lib_build/ffmpeg-android/android-ndk-r16b/toolchains/x86_64-4.9/prebuilt/darwin-x86_64/bin/../lib/gcc/x86_64-linux-android/4.9.x/../../../../x86_64-linux-android/lib/../lib64 -L/Users/sankim/lib_build/ffmpeg-android/android-ndk-r16b/platforms/android-26/arch-x86_64/usr/lib/../lib64 -L/Users/sankim/lib_build/ffmpeg-android/android-ndk-r16b/toolchains/x86_64-4.9/prebuilt/darwin-x86_64/bin/../lib/gcc/x86_64-linux-android/4.9.x/../../../../x86_64-linux-android/lib -L/Users/sankim/lib_build/ffmpeg-android/android-ndk-r16b/platforms/android-26/arch-x86_64/usr/lib --gc-sections -z nocopyreloc CMakeFiles/cmTC_781e4.dir/CMakeCXXCompilerABI.cpp.o /Users/sankim/lib_build/ffmpeg-android/android-ndk-r16b/sources/cxx-stl/gnu-libstdc++/4.9/libs/x86_64/libgnustl_static.a -lstdc++ -lm -lgcc -lc -ldl -lgcc /Users/sankim/lib_build/ffmpeg-android/android-ndk-r16b/platforms/android-26/arch-x86_64/usr/lib/../lib64/crtend_android.o


Parsed CXX implicit link information from above output:
  link line regex: [^( *|.*[/\])(x86_64-linux-android-ld|CMAKE_LINK_STARTFILE-NOTFOUND|([^/\]+-)?ld|collect2)[^/\]*( |$)]
  ignore line: [Change Dir: /Users/sankim/lib_build/libx265-android/x265/build/android/x86_64/CMakeFiles/CMakeTmp]
  ignore line: []
  ignore line: [Run Build Command:"/usr/bin/make" "cmTC_781e4/fast"]
  ignore line: [/Applications/Xcode.app/Contents/Developer/usr/bin/make -f CMakeFiles/cmTC_781e4.dir/build.make CMakeFiles/cmTC_781e4.dir/build]
  ignore line: [Building CXX object CMakeFiles/cmTC_781e4.dir/CMakeCXXCompilerABI.cpp.o]
  ignore line: [/Users/sankim/lib_build/ffmpeg-android/android-ndk-r16b/toolchains/x86_64-4.9/prebuilt/darwin-x86_64/bin/x86_64-linux-android-g++ --sysroot=/Users/sankim/lib_build/ffmpeg-android/android-ndk-r16b/sysroot   -isystem /Users/sankim/lib_build/ffmpeg-android/android-ndk-r16b/sources/cxx-stl/gnu-libstdc++/4.9/include -isystem /Users/sankim/lib_build/ffmpeg-android/android-ndk-r16b/sources/cxx-stl/gnu-libstdc++/4.9/libs/x86_64/include -isystem /Users/sankim/lib_build/ffmpeg-android/android-ndk-r16b/sources/cxx-stl/gnu-libstdc++/4.9/include/backward -isystem /Users/sankim/lib_build/ffmpeg-android/android-ndk-r16b/sysroot/usr/include -isystem /Users/sankim/lib_build/ffmpeg-android/android-ndk-r16b/sysroot/usr/include/x86_64-linux-android  -funwind-tables -no-canonical-prefixes -D__ANDROID_API__=26 -fexceptions -frtti  -g -fPIE   -o CMakeFiles/cmTC_781e4.dir/CMakeCXXCompilerABI.cpp.o -c /usr/local/Cellar/cmake/3.10.1/share/cmake/Modules/CMakeCXXCompilerABI.cpp]
  ignore line: [Linking CXX executable cmTC_781e4]
  ignore line: [/usr/local/Cellar/cmake/3.10.1/bin/cmake -E cmake_link_script CMakeFiles/cmTC_781e4.dir/link.txt --verbose=1]
  ignore line: [/Users/sankim/lib_build/ffmpeg-android/android-ndk-r16b/toolchains/x86_64-4.9/prebuilt/darwin-x86_64/bin/x86_64-linux-android-g++ --sysroot=/Users/sankim/lib_build/ffmpeg-android/android-ndk-r16b/platforms/android-26/arch-x86_64  -funwind-tables -no-canonical-prefixes -D__ANDROID_API__=26 -fexceptions -frtti  -g  -fPIE -pie -Wl,--gc-sections -Wl,-z,nocopyreloc -v CMakeFiles/cmTC_781e4.dir/CMakeCXXCompilerABI.cpp.o  -o cmTC_781e4  "/Users/sankim/lib_build/ffmpeg-android/android-ndk-r16b/sources/cxx-stl/gnu-libstdc++/4.9/libs/x86_64/libgnustl_static.a" ]
  ignore line: [Using built-in specs.]
  ignore line: [COLLECT_GCC=/Users/sankim/lib_build/ffmpeg-android/android-ndk-r16b/toolchains/x86_64-4.9/prebuilt/darwin-x86_64/bin/x86_64-linux-android-g++]
  ignore line: [COLLECT_LTO_WRAPPER=/Users/sankim/lib_build/ffmpeg-android/android-ndk-r16b/toolchains/x86_64-4.9/prebuilt/darwin-x86_64/bin/../libexec/gcc/x86_64-linux-android/4.9.x/lto-wrapper]
  ignore line: [Target: x86_64-linux-android]
  ignore line: [Configured with: /Volumes/Android/buildbot/src/android/gcc/toolchain/build/../gcc/gcc-4.9/configure --prefix=/tmp/0efb08cea2bfaf7e8b2dd2d612423fe3 --target=x86_64-linux-android --host=x86_64-apple-darwin --build=x86_64-apple-darwin --with-gnu-as --with-gnu-ld --enable-languages=c,c++ --with-gmp=/buildbot/tmp/build/toolchain/temp-install --with-mpfr=/buildbot/tmp/build/toolchain/temp-install --with-mpc=/buildbot/tmp/build/toolchain/temp-install --with-cloog=/buildbot/tmp/build/toolchain/temp-install --with-isl=/buildbot/tmp/build/toolchain/temp-install --with-ppl=/buildbot/tmp/build/toolchain/temp-install --disable-ppl-version-check --disable-cloog-version-check --disable-isl-version-check --enable-cloog-backend=isl --with-host-libstdcxx='-static-libgcc -lstdc++ -lm' --disable-libssp --enable-threads --disable-nls --disable-libmudflap --disable-libgomp --disable-libstdc__-v3 --disable-sjlj-exceptions --disable-shared --disable-tls --disable-libitm --with-arch=x86-64 --with-tune=intel --with-fpmath=sse --with-multilib-list=m32,m64 --enable-bionic-libs --enable-libatomic-ifuncs=no --enable-initfini-array --disable-nls --prefix=/tmp/0efb08cea2bfaf7e8b2dd2d612423fe3 --with-sysroot=/tmp/0efb08cea2bfaf7e8b2dd2d612423fe3/sysroot --with-binutils-version=2.27 --with-mpfr-version=3.1.1 --with-mpc-version=1.0.1 --with-gmp-version=5.0.5 --with-gcc-version=4.9 --with-gdb-version=none --with-gxx-include-dir=/tmp/0efb08cea2bfaf7e8b2dd2d612423fe3/include/c++/4.9.x --with-bugurl=http://source.android.com/source/report-bugs.html --enable-languages=c,c++ --disable-bootstrap --enable-plugins --enable-libgomp --enable-gnu-indirect-function --disable-libcilkrts --disable-libsanitizer --enable-gold --enable-threads --enable-eh-frame-hdr-for-static --enable-graphite=yes --with-isl-version=0.11.1 --with-cloog-version=0.18.0 --program-transform-name='s&^&x86_64-linux-android-&' --enable-gold=default]
  ignore line: [Thread model: posix]
  ignore line: [gcc version 4.9.x 20150123 (prerelease) (GCC) ]
  ignore line: [COMPILER_PATH=/Users/sankim/lib_build/ffmpeg-android/android-ndk-r16b/toolchains/x86_64-4.9/prebuilt/darwin-x86_64/bin/../libexec/gcc/x86_64-linux-android/4.9.x/:/Users/sankim/lib_build/ffmpeg-android/android-ndk-r16b/toolchains/x86_64-4.9/prebuilt/darwin-x86_64/bin/../libexec/gcc/:/Users/sankim/lib_build/ffmpeg-android/android-ndk-r16b/toolchains/x86_64-4.9/prebuilt/darwin-x86_64/bin/../lib/gcc/x86_64-linux-android/4.9.x/../../../../x86_64-linux-android/bin/]
  ignore line: [LIBRARY_PATH=/Users/sankim/lib_build/ffmpeg-android/android-ndk-r16b/toolchains/x86_64-4.9/prebuilt/darwin-x86_64/bin/../lib/gcc/x86_64-linux-android/4.9.x/:/Users/sankim/lib_build/ffmpeg-android/android-ndk-r16b/toolchains/x86_64-4.9/prebuilt/darwin-x86_64/bin/../lib/gcc/:/Users/sankim/lib_build/ffmpeg-android/android-ndk-r16b/toolchains/x86_64-4.9/prebuilt/darwin-x86_64/bin/../lib/gcc/x86_64-linux-android/4.9.x/../../../../x86_64-linux-android/lib/../lib64/:/Users/sankim/lib_build/ffmpeg-android/android-ndk-r16b/platforms/android-26/arch-x86_64/usr/lib/../lib64/:/Users/sankim/lib_build/ffmpeg-android/android-ndk-r16b/toolchains/x86_64-4.9/prebuilt/darwin-x86_64/bin/../lib/gcc/x86_64-linux-android/4.9.x/../../../../x86_64-linux-android/lib/:/Users/sankim/lib_build/ffmpeg-android/android-ndk-r16b/platforms/android-26/arch-x86_64/usr/lib/]
  ignore line: [COLLECT_GCC_OPTIONS='-funwind-tables' '-D' '__ANDROID_API__=26' '-fexceptions' '-frtti' '-g' '-fPIE' '-pie' '-v' '-o' 'cmTC_781e4' '-mtune=intel' '-march=x86-64']
  link line: [ /Users/sankim/lib_build/ffmpeg-android/android-ndk-r16b/toolchains/x86_64-4.9/prebuilt/darwin-x86_64/bin/../libexec/gcc/x86_64-linux-android/4.9.x/collect2 -plugin /Users/sankim/lib_build/ffmpeg-android/android-ndk-r16b/toolchains/x86_64-4.9/prebuilt/darwin-x86_64/bin/../libexec/gcc/x86_64-linux-android/4.9.x/liblto_plugin.so -plugin-opt=/Users/sankim/lib_build/ffmpeg-android/android-ndk-r16b/toolchains/x86_64-4.9/prebuilt/darwin-x86_64/bin/../libexec/gcc/x86_64-linux-android/4.9.x/lto-wrapper -plugin-opt=-fresolution=/var/folders/cl/yl7tt_gs76s8t1d8kb3bm03m0000gn/T//cciTIj3a.res -plugin-opt=-pass-through=-lgcc -plugin-opt=-pass-through=-lc -plugin-opt=-pass-through=-ldl -plugin-opt=-pass-through=-lgcc --sysroot=/Users/sankim/lib_build/ffmpeg-android/android-ndk-r16b/platforms/android-26/arch-x86_64 --eh-frame-hdr -m elf_x86_64 -dynamic-linker /system/bin/linker64 -z noexecstack -z relro -z now -pie -o cmTC_781e4 /Users/sankim/lib_build/ffmpeg-android/android-ndk-r16b/platforms/android-26/arch-x86_64/usr/lib/../lib64/crtbegin_dynamic.o -L/Users/sankim/lib_build/ffmpeg-android/android-ndk-r16b/toolchains/x86_64-4.9/prebuilt/darwin-x86_64/bin/../lib/gcc/x86_64-linux-android/4.9.x -L/Users/sankim/lib_build/ffmpeg-android/android-ndk-r16b/toolchains/x86_64-4.9/prebuilt/darwin-x86_64/bin/../lib/gcc -L/Users/sankim/lib_build/ffmpeg-android/android-ndk-r16b/toolchains/x86_64-4.9/prebuilt/darwin-x86_64/bin/../lib/gcc/x86_64-linux-android/4.9.x/../../../../x86_64-linux-android/lib/../lib64 -L/Users/sankim/lib_build/ffmpeg-android/android-ndk-r16b/platforms/android-26/arch-x86_64/usr/lib/../lib64 -L/Users/sankim/lib_build/ffmpeg-android/android-ndk-r16b/toolchains/x86_64-4.9/prebuilt/darwin-x86_64/bin/../lib/gcc/x86_64-linux-android/4.9.x/../../../../x86_64-linux-android/lib -L/Users/sankim/lib_build/ffmpeg-android/android-ndk-r16b/platforms/android-26/arch-x86_64/usr/lib --gc-sections -z nocopyreloc CMakeFiles/cmTC_781e4.dir/CMakeCXXCompilerABI.cpp.o /Users/sankim/lib_build/ffmpeg-android/android-ndk-r16b/sources/cxx-stl/gnu-libstdc++/4.9/libs/x86_64/libgnustl_static.a -lstdc++ -lm -lgcc -lc -ldl -lgcc /Users/sankim/lib_build/ffmpeg-android/android-ndk-r16b/platforms/android-26/arch-x86_64/usr/lib/../lib64/crtend_android.o]
    arg [/Users/sankim/lib_build/ffmpeg-android/android-ndk-r16b/toolchains/x86_64-4.9/prebuilt/darwin-x86_64/bin/../libexec/gcc/x86_64-linux-android/4.9.x/collect2] ==> ignore
    arg [-plugin] ==> ignore
    arg [/Users/sankim/lib_build/ffmpeg-android/android-ndk-r16b/toolchains/x86_64-4.9/prebuilt/darwin-x86_64/bin/../libexec/gcc/x86_64-linux-android/4.9.x/liblto_plugin.so] ==> ignore
    arg [-plugin-opt=/Users/sankim/lib_build/ffmpeg-android/android-ndk-r16b/toolchains/x86_64-4.9/prebuilt/darwin-x86_64/bin/../libexec/gcc/x86_64-linux-android/4.9.x/lto-wrapper] ==> ignore
    arg [-plugin-opt=-fresolution=/var/folders/cl/yl7tt_gs76s8t1d8kb3bm03m0000gn/T//cciTIj3a.res] ==> ignore
    arg [-plugin-opt=-pass-through=-lgcc] ==> ignore
    arg [-plugin-opt=-pass-through=-lc] ==> ignore
    arg [-plugin-opt=-pass-through=-ldl] ==> ignore
    arg [-plugin-opt=-pass-through=-lgcc] ==> ignore
    arg [--sysroot=/Users/sankim/lib_build/ffmpeg-android/android-ndk-r16b/platforms/android-26/arch-x86_64] ==> ignore
    arg [--eh-frame-hdr] ==> ignore
    arg [-m] ==> ignore
    arg [elf_x86_64] ==> ignore
    arg [-dynamic-linker] ==> ignore
    arg [/system/bin/linker64] ==> ignore
    arg [-znoexecstack] ==> ignore
    arg [-zrelro] ==> ignore
    arg [-znow] ==> ignore
    arg [-pie] ==> ignore
    arg [-o] ==> ignore
    arg [cmTC_781e4] ==> ignore
    arg [/Users/sankim/lib_build/ffmpeg-android/android-ndk-r16b/platforms/android-26/arch-x86_64/usr/lib/../lib64/crtbegin_dynamic.o] ==> ignore
    arg [-L/Users/sankim/lib_build/ffmpeg-android/android-ndk-r16b/toolchains/x86_64-4.9/prebuilt/darwin-x86_64/bin/../lib/gcc/x86_64-linux-android/4.9.x] ==> dir [/Users/sankim/lib_build/ffmpeg-android/android-ndk-r16b/toolchains/x86_64-4.9/prebuilt/darwin-x86_64/bin/../lib/gcc/x86_64-linux-android/4.9.x]
    arg [-L/Users/sankim/lib_build/ffmpeg-android/android-ndk-r16b/toolchains/x86_64-4.9/prebuilt/darwin-x86_64/bin/../lib/gcc] ==> dir [/Users/sankim/lib_build/ffmpeg-android/android-ndk-r16b/toolchains/x86_64-4.9/prebuilt/darwin-x86_64/bin/../lib/gcc]
    arg [-L/Users/sankim/lib_build/ffmpeg-android/android-ndk-r16b/toolchains/x86_64-4.9/prebuilt/darwin-x86_64/bin/../lib/gcc/x86_64-linux-android/4.9.x/../../../../x86_64-linux-android/lib/../lib64] ==> dir [/Users/sankim/lib_build/ffmpeg-android/android-ndk-r16b/toolchains/x86_64-4.9/prebuilt/darwin-x86_64/bin/../lib/gcc/x86_64-linux-android/4.9.x/../../../../x86_64-linux-android/lib/../lib64]
    arg [-L/Users/sankim/lib_build/ffmpeg-android/android-ndk-r16b/platforms/android-26/arch-x86_64/usr/lib/../lib64] ==> dir [/Users/sankim/lib_build/ffmpeg-android/android-ndk-r16b/platforms/android-26/arch-x86_64/usr/lib/../lib64]
    arg [-L/Users/sankim/lib_build/ffmpeg-android/android-ndk-r16b/toolchains/x86_64-4.9/prebuilt/darwin-x86_64/bin/../lib/gcc/x86_64-linux-android/4.9.x/../../../../x86_64-linux-android/lib] ==> dir [/Users/sankim/lib_build/ffmpeg-android/android-ndk-r16b/toolchains/x86_64-4.9/prebuilt/darwin-x86_64/bin/../lib/gcc/x86_64-linux-android/4.9.x/../../../../x86_64-linux-android/lib]
    arg [-L/Users/sankim/lib_build/ffmpeg-android/android-ndk-r16b/platforms/android-26/arch-x86_64/usr/lib] ==> dir [/Users/sankim/lib_build/ffmpeg-android/android-ndk-r16b/platforms/android-26/arch-x86_64/usr/lib]
    arg [--gc-sections] ==> ignore
    arg [-znocopyreloc] ==> ignore
    arg [CMakeFiles/cmTC_781e4.dir/CMakeCXXCompilerABI.cpp.o] ==> ignore
    arg [/Users/sankim/lib_build/ffmpeg-android/android-ndk-r16b/sources/cxx-stl/gnu-libstdc++/4.9/libs/x86_64/libgnustl_static.a] ==> lib [/Users/sankim/lib_build/ffmpeg-android/android-ndk-r16b/sources/cxx-stl/gnu-libstdc++/4.9/libs/x86_64/libgnustl_static.a]
    arg [-lstdc++] ==> lib [stdc++]
    arg [-lm] ==> lib [m]
    arg [-lgcc] ==> lib [gcc]
    arg [-lc] ==> lib [c]
    arg [-ldl] ==> lib [dl]
    arg [-lgcc] ==> lib [gcc]
    arg [/Users/sankim/lib_build/ffmpeg-android/android-ndk-r16b/platforms/android-26/arch-x86_64/usr/lib/../lib64/crtend_android.o] ==> ignore
  collapse library dir [/Users/sankim/lib_build/ffmpeg-android/android-ndk-r16b/toolchains/x86_64-4.9/prebuilt/darwin-x86_64/bin/../lib/gcc/x86_64-linux-android/4.9.x] ==> [/Users/sankim/lib_build/ffmpeg-android/android-ndk-r16b/toolchains/x86_64-4.9/prebuilt/darwin-x86_64/lib/gcc/x86_64-linux-android/4.9.x]
  collapse library dir [/Users/sankim/lib_build/ffmpeg-android/android-ndk-r16b/toolchains/x86_64-4.9/prebuilt/darwin-x86_64/bin/../lib/gcc] ==> [/Users/sankim/lib_build/ffmpeg-android/android-ndk-r16b/toolchains/x86_64-4.9/prebuilt/darwin-x86_64/lib/gcc]
  collapse library dir [/Users/sankim/lib_build/ffmpeg-android/android-ndk-r16b/toolchains/x86_64-4.9/prebuilt/darwin-x86_64/bin/../lib/gcc/x86_64-linux-android/4.9.x/../../../../x86_64-linux-android/lib/../lib64] ==> [/Users/sankim/lib_build/ffmpeg-android/android-ndk-r16b/toolchains/x86_64-4.9/prebuilt/darwin-x86_64/x86_64-linux-android/lib64]
  collapse library dir [/Users/sankim/lib_build/ffmpeg-android/android-ndk-r16b/platforms/android-26/arch-x86_64/usr/lib/../lib64] ==> [/Users/sankim/lib_build/ffmpeg-android/android-ndk-r16b/platforms/android-26/arch-x86_64/usr/lib64]
  collapse library dir [/Users/sankim/lib_build/ffmpeg-android/android-ndk-r16b/toolchains/x86_64-4.9/prebuilt/darwin-x86_64/bin/../lib/gcc/x86_64-linux-android/4.9.x/../../../../x86_64-linux-android/lib] ==> [/Users/sankim/lib_build/ffmpeg-android/android-ndk-r16b/toolchains/x86_64-4.9/prebuilt/darwin-x86_64/x86_64-linux-android/lib]
  collapse library dir [/Users/sankim/lib_build/ffmpeg-android/android-ndk-r16b/platforms/android-26/arch-x86_64/usr/lib] ==> [/Users/sankim/lib_build/ffmpeg-android/android-ndk-r16b/platforms/android-26/arch-x86_64/usr/lib]
  implicit libs: [/Users/sankim/lib_build/ffmpeg-android/android-ndk-r16b/sources/cxx-stl/gnu-libstdc++/4.9/libs/x86_64/libgnustl_static.a;stdc++;m;gcc;c;dl;gcc]
  implicit dirs: [/Users/sankim/lib_build/ffmpeg-android/android-ndk-r16b/toolchains/x86_64-4.9/prebuilt/darwin-x86_64/lib/gcc/x86_64-linux-android/4.9.x;/Users/sankim/lib_build/ffmpeg-android/android-ndk-r16b/toolchains/x86_64-4.9/prebuilt/darwin-x86_64/lib/gcc;/Users/sankim/lib_build/ffmpeg-android/android-ndk-r16b/toolchains/x86_64-4.9/prebuilt/darwin-x86_64/x86_64-linux-android/lib64;/Users/sankim/lib_build/ffmpeg-android/android-ndk-r16b/platforms/android-26/arch-x86_64/usr/lib64;/Users/sankim/lib_build/ffmpeg-android/android-ndk-r16b/toolchains/x86_64-4.9/prebuilt/darwin-x86_64/x86_64-linux-android/lib;/Users/sankim/lib_build/ffmpeg-android/android-ndk-r16b/platforms/android-26/arch-x86_64/usr/lib]
  implicit fwks: []




Detecting CXX [-std=c++14] compiler features compiled with the following output:
Change Dir: /Users/sankim/lib_build/libx265-android/x265/build/android/x86_64/CMakeFiles/CMakeTmp

Run Build Command:"/usr/bin/make" "cmTC_50a39/fast"
/Applications/Xcode.app/Contents/Developer/usr/bin/make -f CMakeFiles/cmTC_50a39.dir/build.make CMakeFiles/cmTC_50a39.dir/build
Building CXX object CMakeFiles/cmTC_50a39.dir/feature_tests.cxx.o
/Users/sankim/lib_build/ffmpeg-android/android-ndk-r16b/toolchains/x86_64-4.9/prebuilt/darwin-x86_64/bin/x86_64-linux-android-g++ --sysroot=/Users/sankim/lib_build/ffmpeg-android/android-ndk-r16b/sysroot   -isystem /Users/sankim/lib_build/ffmpeg-android/android-ndk-r16b/sources/cxx-stl/gnu-libstdc++/4.9/include -isystem /Users/sankim/lib_build/ffmpeg-android/android-ndk-r16b/sources/cxx-stl/gnu-libstdc++/4.9/libs/x86_64/include -isystem /Users/sankim/lib_build/ffmpeg-android/android-ndk-r16b/sources/cxx-stl/gnu-libstdc++/4.9/include/backward -isystem /Users/sankim/lib_build/ffmpeg-android/android-ndk-r16b/sysroot/usr/include -isystem /Users/sankim/lib_build/ffmpeg-android/android-ndk-r16b/sysroot/usr/include/x86_64-linux-android  -funwind-tables -no-canonical-prefixes -D__ANDROID_API__=26 -fexceptions -frtti  -g -fPIE   -std=c++14 -o CMakeFiles/cmTC_50a39.dir/feature_tests.cxx.o -c /Users/sankim/lib_build/libx265-android/x265/build/android/x86_64/CMakeFiles/feature_tests.cxx
Linking CXX executable cmTC_50a39
/usr/local/Cellar/cmake/3.10.1/bin/cmake -E cmake_link_script CMakeFiles/cmTC_50a39.dir/link.txt --verbose=1
/Users/sankim/lib_build/ffmpeg-android/android-ndk-r16b/toolchains/x86_64-4.9/prebuilt/darwin-x86_64/bin/x86_64-linux-android-g++ --sysroot=/Users/sankim/lib_build/ffmpeg-android/android-ndk-r16b/platforms/android-26/arch-x86_64  -funwind-tables -no-canonical-prefixes -D__ANDROID_API__=26 -fexceptions -frtti  -g  -fPIE -pie -Wl,--gc-sections -Wl,-z,nocopyreloc  CMakeFiles/cmTC_50a39.dir/feature_tests.cxx.o  -o cmTC_50a39  "/Users/sankim/lib_build/ffmpeg-android/android-ndk-r16b/sources/cxx-stl/gnu-libstdc++/4.9/libs/x86_64/libgnustl_static.a" 


    Feature record: CXX_FEATURE:0cxx_aggregate_default_initializers
    Feature record: CXX_FEATURE:1cxx_alias_templates
    Feature record: CXX_FEATURE:1cxx_alignas
    Feature record: CXX_FEATURE:1cxx_alignof
    Feature record: CXX_FEATURE:1cxx_attributes
    Feature record: CXX_FEATURE:1cxx_attribute_deprecated
    Feature record: CXX_FEATURE:1cxx_auto_type
    Feature record: CXX_FEATURE:1cxx_binary_literals
    Feature record: CXX_FEATURE:1cxx_constexpr
    Feature record: CXX_FEATURE:1cxx_contextual_conversions
    Feature record: CXX_FEATURE:1cxx_decltype
    Feature record: CXX_FEATURE:1cxx_decltype_auto
    Feature record: CXX_FEATURE:1cxx_decltype_incomplete_return_types
    Feature record: CXX_FEATURE:1cxx_default_function_template_args
    Feature record: CXX_FEATURE:1cxx_defaulted_functions
    Feature record: CXX_FEATURE:1cxx_defaulted_move_initializers
    Feature record: CXX_FEATURE:1cxx_delegating_constructors
    Feature record: CXX_FEATURE:1cxx_deleted_functions
    Feature record: CXX_FEATURE:1cxx_digit_separators
    Feature record: CXX_FEATURE:1cxx_enum_forward_declarations
    Feature record: CXX_FEATURE:1cxx_explicit_conversions
    Feature record: CXX_FEATURE:1cxx_extended_friend_declarations
    Feature record: CXX_FEATURE:1cxx_extern_templates
    Feature record: CXX_FEATURE:1cxx_final
    Feature record: CXX_FEATURE:1cxx_func_identifier
    Feature record: CXX_FEATURE:1cxx_generalized_initializers
    Feature record: CXX_FEATURE:1cxx_generic_lambdas
    Feature record: CXX_FEATURE:1cxx_inheriting_constructors
    Feature record: CXX_FEATURE:1cxx_inline_namespaces
    Feature record: CXX_FEATURE:1cxx_lambdas
    Feature record: CXX_FEATURE:1cxx_lambda_init_captures
    Feature record: CXX_FEATURE:1cxx_local_type_template_args
    Feature record: CXX_FEATURE:1cxx_long_long_type
    Feature record: CXX_FEATURE:1cxx_noexcept
    Feature record: CXX_FEATURE:1cxx_nonstatic_member_init
    Feature record: CXX_FEATURE:1cxx_nullptr
    Feature record: CXX_FEATURE:1cxx_override
    Feature record: CXX_FEATURE:1cxx_range_for
    Feature record: CXX_FEATURE:1cxx_raw_string_literals
    Feature record: CXX_FEATURE:1cxx_reference_qualified_functions
    Feature record: CXX_FEATURE:0cxx_relaxed_constexpr
    Feature record: CXX_FEATURE:1cxx_return_type_deduction
    Feature record: CXX_FEATURE:1cxx_right_angle_brackets
    Feature record: CXX_FEATURE:1cxx_rvalue_references
    Feature record: CXX_FEATURE:1cxx_sizeof_member
    Feature record: CXX_FEATURE:1cxx_static_assert
    Feature record: CXX_FEATURE:1cxx_strong_enums
    Feature record: CXX_FEATURE:1cxx_template_template_parameters
    Feature record: CXX_FEATURE:1cxx_thread_local
    Feature record: CXX_FEATURE:1cxx_trailing_return_types
    Feature record: CXX_FEATURE:1cxx_unicode_literals
    Feature record: CXX_FEATURE:1cxx_uniform_initialization
    Feature record: CXX_FEATURE:1cxx_unrestricted_unions
    Feature record: CXX_FEATURE:1cxx_user_literals
    Feature record: CXX_FEATURE:0cxx_variable_templates
    Feature record: CXX_FEATURE:1cxx_variadic_macros
    Feature record: CXX_FEATURE:1cxx_variadic_templates


Detecting CXX [-std=c++11] compiler features compiled with the following output:
Change Dir: /Users/sankim/lib_build/libx265-android/x265/build/android/x86_64/CMakeFiles/CMakeTmp

Run Build Command:"/usr/bin/make" "cmTC_99a13/fast"
/Applications/Xcode.app/Contents/Developer/usr/bin/make -f CMakeFiles/cmTC_99a13.dir/build.make CMakeFiles/cmTC_99a13.dir/build
Building CXX object CMakeFiles/cmTC_99a13.dir/feature_tests.cxx.o
/Users/sankim/lib_build/ffmpeg-android/android-ndk-r16b/toolchains/x86_64-4.9/prebuilt/darwin-x86_64/bin/x86_64-linux-android-g++ --sysroot=/Users/sankim/lib_build/ffmpeg-android/android-ndk-r16b/sysroot   -isystem /Users/sankim/lib_build/ffmpeg-android/android-ndk-r16b/sources/cxx-stl/gnu-libstdc++/4.9/include -isystem /Users/sankim/lib_build/ffmpeg-android/android-ndk-r16b/sources/cxx-stl/gnu-libstdc++/4.9/libs/x86_64/include -isystem /Users/sankim/lib_build/ffmpeg-android/android-ndk-r16b/sources/cxx-stl/gnu-libstdc++/4.9/include/backward -isystem /Users/sankim/lib_build/ffmpeg-android/android-ndk-r16b/sysroot/usr/include -isystem /Users/sankim/lib_build/ffmpeg-android/android-ndk-r16b/sysroot/usr/include/x86_64-linux-android  -funwind-tables -no-canonical-prefixes -D__ANDROID_API__=26 -fexceptions -frtti  -g -fPIE   -std=c++11 -o CMakeFiles/cmTC_99a13.dir/feature_tests.cxx.o -c /Users/sankim/lib_build/libx265-android/x265/build/android/x86_64/CMakeFiles/feature_tests.cxx
Linking CXX executable cmTC_99a13
/usr/local/Cellar/cmake/3.10.1/bin/cmake -E cmake_link_script CMakeFiles/cmTC_99a13.dir/link.txt --verbose=1
/Users/sankim/lib_build/ffmpeg-android/android-ndk-r16b/toolchains/x86_64-4.9/prebuilt/darwin-x86_64/bin/x86_64-linux-android-g++ --sysroot=/Users/sankim/lib_build/ffmpeg-android/android-ndk-r16b/platforms/android-26/arch-x86_64  -funwind-tables -no-canonical-prefixes -D__ANDROID_API__=26 -fexceptions -frtti  -g  -fPIE -pie -Wl,--gc-sections -Wl,-z,nocopyreloc  CMakeFiles/cmTC_99a13.dir/feature_tests.cxx.o  -o cmTC_99a13  "/Users/sankim/lib_build/ffmpeg-android/android-ndk-r16b/sources/cxx-stl/gnu-libstdc++/4.9/libs/x86_64/libgnustl_static.a" 


    Feature record: CXX_FEATURE:0cxx_aggregate_default_initializers
    Feature record: CXX_FEATURE:1cxx_alias_templates
    Feature record: CXX_FEATURE:1cxx_alignas
    Feature record: CXX_FEATURE:1cxx_alignof
    Feature record: CXX_FEATURE:1cxx_attributes
    Feature record: CXX_FEATURE:0cxx_attribute_deprecated
    Feature record: CXX_FEATURE:1cxx_auto_type
    Feature record: CXX_FEATURE:0cxx_binary_literals
    Feature record: CXX_FEATURE:1cxx_constexpr
    Feature record: CXX_FEATURE:0cxx_contextual_conversions
    Feature record: CXX_FEATURE:1cxx_decltype
    Feature record: CXX_FEATURE:0cxx_decltype_auto
    Feature record: CXX_FEATURE:1cxx_decltype_incomplete_return_types
    Feature record: CXX_FEATURE:1cxx_default_function_template_args
    Feature record: CXX_FEATURE:1cxx_defaulted_functions
    Feature record: CXX_FEATURE:1cxx_defaulted_move_initializers
    Feature record: CXX_FEATURE:1cxx_delegating_constructors
    Feature record: CXX_FEATURE:1cxx_deleted_functions
    Feature record: CXX_FEATURE:0cxx_digit_separators
    Feature record: CXX_FEATURE:1cxx_enum_forward_declarations
    Feature record: CXX_FEATURE:1cxx_explicit_conversions
    Feature record: CXX_FEATURE:1cxx_extended_friend_declarations
    Feature record: CXX_FEATURE:1cxx_extern_templates
    Feature record: CXX_FEATURE:1cxx_final
    Feature record: CXX_FEATURE:1cxx_func_identifier
    Feature record: CXX_FEATURE:1cxx_generalized_initializers
    Feature record: CXX_FEATURE:0cxx_generic_lambdas
    Feature record: CXX_FEATURE:1cxx_inheriting_constructors
    Feature record: CXX_FEATURE:1cxx_inline_namespaces
    Feature record: CXX_FEATURE:1cxx_lambdas
    Feature record: CXX_FEATURE:0cxx_lambda_init_captures
    Feature record: CXX_FEATURE:1cxx_local_type_template_args
    Feature record: CXX_FEATURE:1cxx_long_long_type
    Feature record: CXX_FEATURE:1cxx_noexcept
    Feature record: CXX_FEATURE:1cxx_nonstatic_member_init
    Feature record: CXX_FEATURE:1cxx_nullptr
    Feature record: CXX_FEATURE:1cxx_override
    Feature record: CXX_FEATURE:1cxx_range_for
    Feature record: CXX_FEATURE:1cxx_raw_string_literals
    Feature record: CXX_FEATURE:1cxx_reference_qualified_functions
    Feature record: CXX_FEATURE:0cxx_relaxed_constexpr
    Feature record: CXX_FEATURE:0cxx_return_type_deduction
    Feature record: CXX_FEATURE:1cxx_right_angle_brackets
    Feature record: CXX_FEATURE:1cxx_rvalue_references
    Feature record: CXX_FEATURE:1cxx_sizeof_member
    Feature record: CXX_FEATURE:1cxx_static_assert
    Feature record: CXX_FEATURE:1cxx_strong_enums
    Feature record: CXX_FEATURE:1cxx_template_template_parameters
    Feature record: CXX_FEATURE:1cxx_thread_local
    Feature record: CXX_FEATURE:1cxx_trailing_return_types
    Feature record: CXX_FEATURE:1cxx_unicode_literals
    Feature record: CXX_FEATURE:1cxx_uniform_initialization
    Feature record: CXX_FEATURE:1cxx_unrestricted_unions
    Feature record: CXX_FEATURE:1cxx_user_literals
    Feature record: CXX_FEATURE:0cxx_variable_templates
    Feature record: CXX_FEATURE:1cxx_variadic_macros
    Feature record: CXX_FEATURE:1cxx_variadic_templates


Detecting CXX [-std=c++98] compiler features compiled with the following output:
Change Dir: /Users/sankim/lib_build/libx265-android/x265/build/android/x86_64/CMakeFiles/CMakeTmp

Run Build Command:"/usr/bin/make" "cmTC_37b3f/fast"
/Applications/Xcode.app/Contents/Developer/usr/bin/make -f CMakeFiles/cmTC_37b3f.dir/build.make CMakeFiles/cmTC_37b3f.dir/build
Building CXX object CMakeFiles/cmTC_37b3f.dir/feature_tests.cxx.o
/Users/sankim/lib_build/ffmpeg-android/android-ndk-r16b/toolchains/x86_64-4.9/prebuilt/darwin-x86_64/bin/x86_64-linux-android-g++ --sysroot=/Users/sankim/lib_build/ffmpeg-android/android-ndk-r16b/sysroot   -isystem /Users/sankim/lib_build/ffmpeg-android/android-ndk-r16b/sources/cxx-stl/gnu-libstdc++/4.9/include -isystem /Users/sankim/lib_build/ffmpeg-android/android-ndk-r16b/sources/cxx-stl/gnu-libstdc++/4.9/libs/x86_64/include -isystem /Users/sankim/lib_build/ffmpeg-android/android-ndk-r16b/sources/cxx-stl/gnu-libstdc++/4.9/include/backward -isystem /Users/sankim/lib_build/ffmpeg-android/android-ndk-r16b/sysroot/usr/include -isystem /Users/sankim/lib_build/ffmpeg-android/android-ndk-r16b/sysroot/usr/include/x86_64-linux-android  -funwind-tables -no-canonical-prefixes -D__ANDROID_API__=26 -fexceptions -frtti  -g -fPIE   -std=c++98 -o CMakeFiles/cmTC_37b3f.dir/feature_tests.cxx.o -c /Users/sankim/lib_build/libx265-android/x265/build/android/x86_64/CMakeFiles/feature_tests.cxx
Linking CXX executable cmTC_37b3f
/usr/local/Cellar/cmake/3.10.1/bin/cmake -E cmake_link_script CMakeFiles/cmTC_37b3f.dir/link.txt --verbose=1
/Users/sankim/lib_build/ffmpeg-android/android-ndk-r16b/toolchains/x86_64-4.9/prebuilt/darwin-x86_64/bin/x86_64-linux-android-g++ --sysroot=/Users/sankim/lib_build/ffmpeg-android/android-ndk-r16b/platforms/android-26/arch-x86_64  -funwind-tables -no-canonical-prefixes -D__ANDROID_API__=26 -fexceptions -frtti  -g  -fPIE -pie -Wl,--gc-sections -Wl,-z,nocopyreloc  CMakeFiles/cmTC_37b3f.dir/feature_tests.cxx.o  -o cmTC_37b3f  "/Users/sankim/lib_build/ffmpeg-android/android-ndk-r16b/sources/cxx-stl/gnu-libstdc++/4.9/libs/x86_64/libgnustl_static.a" 


    Feature record: CXX_FEATURE:0cxx_aggregate_default_initializers
    Feature record: CXX_FEATURE:0cxx_alias_templates
    Feature record: CXX_FEATURE:0cxx_alignas
    Feature record: CXX_FEATURE:0cxx_alignof
    Feature record: CXX_FEATURE:0cxx_attributes
    Feature record: CXX_FEATURE:0cxx_attribute_deprecated
    Feature record: CXX_FEATURE:0cxx_auto_type
    Feature record: CXX_FEATURE:0cxx_binary_literals
    Feature record: CXX_FEATURE:0cxx_constexpr
    Feature record: CXX_FEATURE:0cxx_contextual_conversions
    Feature record: CXX_FEATURE:0cxx_decltype
    Feature record: CXX_FEATURE:0cxx_decltype_auto
    Feature record: CXX_FEATURE:0cxx_decltype_incomplete_return_types
    Feature record: CXX_FEATURE:0cxx_default_function_template_args
    Feature record: CXX_FEATURE:0cxx_defaulted_functions
    Feature record: CXX_FEATURE:0cxx_defaulted_move_initializers
    Feature record: CXX_FEATURE:0cxx_delegating_constructors
    Feature record: CXX_FEATURE:0cxx_deleted_functions
    Feature record: CXX_FEATURE:0cxx_digit_separators
    Feature record: CXX_FEATURE:0cxx_enum_forward_declarations
    Feature record: CXX_FEATURE:0cxx_explicit_conversions
    Feature record: CXX_FEATURE:0cxx_extended_friend_declarations
    Feature record: CXX_FEATURE:0cxx_extern_templates
    Feature record: CXX_FEATURE:0cxx_final
    Feature record: CXX_FEATURE:0cxx_func_identifier
    Feature record: CXX_FEATURE:0cxx_generalized_initializers
    Feature record: CXX_FEATURE:0cxx_generic_lambdas
    Feature record: CXX_FEATURE:0cxx_inheriting_constructors
    Feature record: CXX_FEATURE:0cxx_inline_namespaces
    Feature record: CXX_FEATURE:0cxx_lambdas
    Feature record: CXX_FEATURE:0cxx_lambda_init_captures
    Feature record: CXX_FEATURE:0cxx_local_type_template_args
    Feature record: CXX_FEATURE:0cxx_long_long_type
    Feature record: CXX_FEATURE:0cxx_noexcept
    Feature record: CXX_FEATURE:0cxx_nonstatic_member_init
    Feature record: CXX_FEATURE:0cxx_nullptr
    Feature record: CXX_FEATURE:0cxx_override
    Feature record: CXX_FEATURE:0cxx_range_for
    Feature record: CXX_FEATURE:0cxx_raw_string_literals
    Feature record: CXX_FEATURE:0cxx_reference_qualified_functions
    Feature record: CXX_FEATURE:0cxx_relaxed_constexpr
    Feature record: CXX_FEATURE:0cxx_return_type_deduction
    Feature record: CXX_FEATURE:0cxx_right_angle_brackets
    Feature record: CXX_FEATURE:0cxx_rvalue_references
    Feature record: CXX_FEATURE:0cxx_sizeof_member
    Feature record: CXX_FEATURE:0cxx_static_assert
    Feature record: CXX_FEATURE:0cxx_strong_enums
    Feature record: CXX_FEATURE:1cxx_template_template_parameters
    Feature record: CXX_FEATURE:0cxx_thread_local
    Feature record: CXX_FEATURE:0cxx_trailing_return_types
    Feature record: CXX_FEATURE:0cxx_unicode_literals
    Feature record: CXX_FEATURE:0cxx_uniform_initialization
    Feature record: CXX_FEATURE:0cxx_unrestricted_unions
    Feature record: CXX_FEATURE:0cxx_user_literals
    Feature record: CXX_FEATURE:0cxx_variable_templates
    Feature record: CXX_FEATURE:0cxx_variadic_macros
    Feature record: CXX_FEATURE:0cxx_variadic_templates
Determining if files inttypes.h exist passed with the following output:
Change Dir: /Users/sankim/lib_build/libx265-android/x265/build/android/x86_64/CMakeFiles/CMakeTmp

Run Build Command:"/usr/bin/make" "cmTC_58064/fast"
/Applications/Xcode.app/Contents/Developer/usr/bin/make -f CMakeFiles/cmTC_58064.dir/build.make CMakeFiles/cmTC_58064.dir/build
Building C object CMakeFiles/cmTC_58064.dir/CheckIncludeFiles.c.o
/Users/sankim/lib_build/ffmpeg-android/android-ndk-r16b/toolchains/x86_64-4.9/prebuilt/darwin-x86_64/bin/x86_64-linux-android-gcc --sysroot=/Users/sankim/lib_build/ffmpeg-android/android-ndk-r16b/sysroot  -isystem /Users/sankim/lib_build/ffmpeg-android/android-ndk-r16b/sysroot/usr/include -isystem /Users/sankim/lib_build/ffmpeg-android/android-ndk-r16b/sysroot/usr/include/x86_64-linux-android  -funwind-tables -no-canonical-prefixes -D__ANDROID_API__=26 -fexceptions  -g -fPIE   -o CMakeFiles/cmTC_58064.dir/CheckIncludeFiles.c.o   -c /Users/sankim/lib_build/libx265-android/x265/build/android/x86_64/CMakeFiles/CMakeTmp/CheckIncludeFiles.c
Linking C executable cmTC_58064
/usr/local/Cellar/cmake/3.10.1/bin/cmake -E cmake_link_script CMakeFiles/cmTC_58064.dir/link.txt --verbose=1
/Users/sankim/lib_build/ffmpeg-android/android-ndk-r16b/toolchains/x86_64-4.9/prebuilt/darwin-x86_64/bin/x86_64-linux-android-gcc --sysroot=/Users/sankim/lib_build/ffmpeg-android/android-ndk-r16b/platforms/android-26/arch-x86_64 -funwind-tables -no-canonical-prefixes -D__ANDROID_API__=26 -fexceptions  -g  -fPIE -pie -Wl,--gc-sections -Wl,-z,nocopyreloc  CMakeFiles/cmTC_58064.dir/CheckIncludeFiles.c.o  -o cmTC_58064 


Performing C++ SOURCE FILE Test CC_HAS_NO_STRICT_OVERFLOW succeeded with the following output:
Change Dir: /Users/sankim/lib_build/libx265-android/x265/build/android/x86_64/CMakeFiles/CMakeTmp

Run Build Command:"/usr/bin/make" "cmTC_0f869/fast"
/Applications/Xcode.app/Contents/Developer/usr/bin/make -f CMakeFiles/cmTC_0f869.dir/build.make CMakeFiles/cmTC_0f869.dir/build
Building CXX object CMakeFiles/cmTC_0f869.dir/src.cxx.o
/Users/sankim/lib_build/ffmpeg-android/android-ndk-r16b/toolchains/x86_64-4.9/prebuilt/darwin-x86_64/bin/x86_64-linux-android-g++ --sysroot=/Users/sankim/lib_build/ffmpeg-android/android-ndk-r16b/sysroot   -isystem /Users/sankim/lib_build/ffmpeg-android/android-ndk-r16b/sources/cxx-stl/gnu-libstdc++/4.9/include -isystem /Users/sankim/lib_build/ffmpeg-android/android-ndk-r16b/sources/cxx-stl/gnu-libstdc++/4.9/libs/x86_64/include -isystem /Users/sankim/lib_build/ffmpeg-android/android-ndk-r16b/sources/cxx-stl/gnu-libstdc++/4.9/include/backward -isystem /Users/sankim/lib_build/ffmpeg-android/android-ndk-r16b/sysroot/usr/include -isystem /Users/sankim/lib_build/ffmpeg-android/android-ndk-r16b/sysroot/usr/include/x86_64-linux-android  -funwind-tables -no-canonical-prefixes -D__ANDROID_API__=26 -fexceptions -frtti -DCC_HAS_NO_STRICT_OVERFLOW -g -fPIE   -Wno-strict-overflow -o CMakeFiles/cmTC_0f869.dir/src.cxx.o -c /Users/sankim/lib_build/libx265-android/x265/build/android/x86_64/CMakeFiles/CMakeTmp/src.cxx
Linking CXX executable cmTC_0f869
/usr/local/Cellar/cmake/3.10.1/bin/cmake -E cmake_link_script CMakeFiles/cmTC_0f869.dir/link.txt --verbose=1
/Users/sankim/lib_build/ffmpeg-android/android-ndk-r16b/toolchains/x86_64-4.9/prebuilt/darwin-x86_64/bin/x86_64-linux-android-g++ --sysroot=/Users/sankim/lib_build/ffmpeg-android/android-ndk-r16b/platforms/android-26/arch-x86_64  -funwind-tables -no-canonical-prefixes -D__ANDROID_API__=26 -fexceptions -frtti -DCC_HAS_NO_STRICT_OVERFLOW -g  -fPIE -pie -Wl,--gc-sections -Wl,-z,nocopyreloc  CMakeFiles/cmTC_0f869.dir/src.cxx.o  -o cmTC_0f869  "/Users/sankim/lib_build/ffmpeg-android/android-ndk-r16b/sources/cxx-stl/gnu-libstdc++/4.9/libs/x86_64/libgnustl_static.a" 

Source file was:
int main() { return 0; }
Performing C++ SOURCE FILE Test CC_HAS_NO_NARROWING succeeded with the following output:
Change Dir: /Users/sankim/lib_build/libx265-android/x265/build/android/x86_64/CMakeFiles/CMakeTmp

Run Build Command:"/usr/bin/make" "cmTC_27d4b/fast"
/Applications/Xcode.app/Contents/Developer/usr/bin/make -f CMakeFiles/cmTC_27d4b.dir/build.make CMakeFiles/cmTC_27d4b.dir/build
Building CXX object CMakeFiles/cmTC_27d4b.dir/src.cxx.o
/Users/sankim/lib_build/ffmpeg-android/android-ndk-r16b/toolchains/x86_64-4.9/prebuilt/darwin-x86_64/bin/x86_64-linux-android-g++ --sysroot=/Users/sankim/lib_build/ffmpeg-android/android-ndk-r16b/sysroot   -isystem /Users/sankim/lib_build/ffmpeg-android/android-ndk-r16b/sources/cxx-stl/gnu-libstdc++/4.9/include -isystem /Users/sankim/lib_build/ffmpeg-android/android-ndk-r16b/sources/cxx-stl/gnu-libstdc++/4.9/libs/x86_64/include -isystem /Users/sankim/lib_build/ffmpeg-android/android-ndk-r16b/sources/cxx-stl/gnu-libstdc++/4.9/include/backward -isystem /Users/sankim/lib_build/ffmpeg-android/android-ndk-r16b/sysroot/usr/include -isystem /Users/sankim/lib_build/ffmpeg-android/android-ndk-r16b/sysroot/usr/include/x86_64-linux-android  -funwind-tables -no-canonical-prefixes -D__ANDROID_API__=26 -fexceptions -frtti -DCC_HAS_NO_NARROWING -g -fPIE   -Wno-narrowing -o CMakeFiles/cmTC_27d4b.dir/src.cxx.o -c /Users/sankim/lib_build/libx265-android/x265/build/android/x86_64/CMakeFiles/CMakeTmp/src.cxx
Linking CXX executable cmTC_27d4b
/usr/local/Cellar/cmake/3.10.1/bin/cmake -E cmake_link_script CMakeFiles/cmTC_27d4b.dir/link.txt --verbose=1
/Users/sankim/lib_build/ffmpeg-android/android-ndk-r16b/toolchains/x86_64-4.9/prebuilt/darwin-x86_64/bin/x86_64-linux-android-g++ --sysroot=/Users/sankim/lib_build/ffmpeg-android/android-ndk-r16b/platforms/android-26/arch-x86_64  -funwind-tables -no-canonical-prefixes -D__ANDROID_API__=26 -fexceptions -frtti -DCC_HAS_NO_NARROWING -g  -fPIE -pie -Wl,--gc-sections -Wl,-z,nocopyreloc  CMakeFiles/cmTC_27d4b.dir/src.cxx.o  -o cmTC_27d4b  "/Users/sankim/lib_build/ffmpeg-android/android-ndk-r16b/sources/cxx-stl/gnu-libstdc++/4.9/libs/x86_64/libgnustl_static.a" 

Source file was:
int main() { return 0; }
Performing C++ SOURCE FILE Test CC_HAS_NO_ARRAY_BOUNDS succeeded with the following output:
Change Dir: /Users/sankim/lib_build/libx265-android/x265/build/android/x86_64/CMakeFiles/CMakeTmp

Run Build Command:"/usr/bin/make" "cmTC_41e1a/fast"
/Applications/Xcode.app/Contents/Developer/usr/bin/make -f CMakeFiles/cmTC_41e1a.dir/build.make CMakeFiles/cmTC_41e1a.dir/build
Building CXX object CMakeFiles/cmTC_41e1a.dir/src.cxx.o
/Users/sankim/lib_build/ffmpeg-android/android-ndk-r16b/toolchains/x86_64-4.9/prebuilt/darwin-x86_64/bin/x86_64-linux-android-g++ --sysroot=/Users/sankim/lib_build/ffmpeg-android/android-ndk-r16b/sysroot   -isystem /Users/sankim/lib_build/ffmpeg-android/android-ndk-r16b/sources/cxx-stl/gnu-libstdc++/4.9/include -isystem /Users/sankim/lib_build/ffmpeg-android/android-ndk-r16b/sources/cxx-stl/gnu-libstdc++/4.9/libs/x86_64/include -isystem /Users/sankim/lib_build/ffmpeg-android/android-ndk-r16b/sources/cxx-stl/gnu-libstdc++/4.9/include/backward -isystem /Users/sankim/lib_build/ffmpeg-android/android-ndk-r16b/sysroot/usr/include -isystem /Users/sankim/lib_build/ffmpeg-android/android-ndk-r16b/sysroot/usr/include/x86_64-linux-android  -funwind-tables -no-canonical-prefixes -D__ANDROID_API__=26 -fexceptions -frtti -DCC_HAS_NO_ARRAY_BOUNDS -g -fPIE   -Wno-array-bounds -o CMakeFiles/cmTC_41e1a.dir/src.cxx.o -c /Users/sankim/lib_build/libx265-android/x265/build/android/x86_64/CMakeFiles/CMakeTmp/src.cxx
Linking CXX executable cmTC_41e1a
/usr/local/Cellar/cmake/3.10.1/bin/cmake -E cmake_link_script CMakeFiles/cmTC_41e1a.dir/link.txt --verbose=1
/Users/sankim/lib_build/ffmpeg-android/android-ndk-r16b/toolchains/x86_64-4.9/prebuilt/darwin-x86_64/bin/x86_64-linux-android-g++ --sysroot=/Users/sankim/lib_build/ffmpeg-android/android-ndk-r16b/platforms/android-26/arch-x86_64  -funwind-tables -no-canonical-prefixes -D__ANDROID_API__=26 -fexceptions -frtti -DCC_HAS_NO_ARRAY_BOUNDS -g  -fPIE -pie -Wl,--gc-sections -Wl,-z,nocopyreloc  CMakeFiles/cmTC_41e1a.dir/src.cxx.o  -o cmTC_41e1a  "/Users/sankim/lib_build/ffmpeg-android/android-ndk-r16b/sources/cxx-stl/gnu-libstdc++/4.9/libs/x86_64/libgnustl_static.a" 

Source file was:
int main() { return 0; }
Performing C++ SOURCE FILE Test CC_HAS_FAST_MATH succeeded with the following output:
Change Dir: /Users/sankim/lib_build/libx265-android/x265/build/android/x86_64/CMakeFiles/CMakeTmp

Run Build Command:"/usr/bin/make" "cmTC_d16e8/fast"
/Applications/Xcode.app/Contents/Developer/usr/bin/make -f CMakeFiles/cmTC_d16e8.dir/build.make CMakeFiles/cmTC_d16e8.dir/build
Building CXX object CMakeFiles/cmTC_d16e8.dir/src.cxx.o
/Users/sankim/lib_build/ffmpeg-android/android-ndk-r16b/toolchains/x86_64-4.9/prebuilt/darwin-x86_64/bin/x86_64-linux-android-g++ --sysroot=/Users/sankim/lib_build/ffmpeg-android/android-ndk-r16b/sysroot   -isystem /Users/sankim/lib_build/ffmpeg-android/android-ndk-r16b/sources/cxx-stl/gnu-libstdc++/4.9/include -isystem /Users/sankim/lib_build/ffmpeg-android/android-ndk-r16b/sources/cxx-stl/gnu-libstdc++/4.9/libs/x86_64/include -isystem /Users/sankim/lib_build/ffmpeg-android/android-ndk-r16b/sources/cxx-stl/gnu-libstdc++/4.9/include/backward -isystem /Users/sankim/lib_build/ffmpeg-android/android-ndk-r16b/sysroot/usr/include -isystem /Users/sankim/lib_build/ffmpeg-android/android-ndk-r16b/sysroot/usr/include/x86_64-linux-android  -funwind-tables -no-canonical-prefixes -D__ANDROID_API__=26 -fexceptions -frtti -DCC_HAS_FAST_MATH -g -fPIE   -ffast-math -o CMakeFiles/cmTC_d16e8.dir/src.cxx.o -c /Users/sankim/lib_build/libx265-android/x265/build/android/x86_64/CMakeFiles/CMakeTmp/src.cxx
Linking CXX executable cmTC_d16e8
/usr/local/Cellar/cmake/3.10.1/bin/cmake -E cmake_link_script CMakeFiles/cmTC_d16e8.dir/link.txt --verbose=1
/Users/sankim/lib_build/ffmpeg-android/android-ndk-r16b/toolchains/x86_64-4.9/prebuilt/darwin-x86_64/bin/x86_64-linux-android-g++ --sysroot=/Users/sankim/lib_build/ffmpeg-android/android-ndk-r16b/platforms/android-26/arch-x86_64  -funwind-tables -no-canonical-prefixes -D__ANDROID_API__=26 -fexceptions -frtti -DCC_HAS_FAST_MATH -g  -fPIE -pie -Wl,--gc-sections -Wl,-z,nocopyreloc  CMakeFiles/cmTC_d16e8.dir/src.cxx.o  -o cmTC_d16e8  "/Users/sankim/lib_build/ffmpeg-android/android-ndk-r16b/sources/cxx-stl/gnu-libstdc++/4.9/libs/x86_64/libgnustl_static.a" 

Source file was:
int main() { return 0; }
Performing C++ SOURCE FILE Test CC_HAS_STACK_REALIGN succeeded with the following output:
Change Dir: /Users/sankim/lib_build/libx265-android/x265/build/android/x86_64/CMakeFiles/CMakeTmp

Run Build Command:"/usr/bin/make" "cmTC_f3787/fast"
/Applications/Xcode.app/Contents/Developer/usr/bin/make -f CMakeFiles/cmTC_f3787.dir/build.make CMakeFiles/cmTC_f3787.dir/build
Building CXX object CMakeFiles/cmTC_f3787.dir/src.cxx.o
/Users/sankim/lib_build/ffmpeg-android/android-ndk-r16b/toolchains/x86_64-4.9/prebuilt/darwin-x86_64/bin/x86_64-linux-android-g++ --sysroot=/Users/sankim/lib_build/ffmpeg-android/android-ndk-r16b/sysroot   -isystem /Users/sankim/lib_build/ffmpeg-android/android-ndk-r16b/sources/cxx-stl/gnu-libstdc++/4.9/include -isystem /Users/sankim/lib_build/ffmpeg-android/android-ndk-r16b/sources/cxx-stl/gnu-libstdc++/4.9/libs/x86_64/include -isystem /Users/sankim/lib_build/ffmpeg-android/android-ndk-r16b/sources/cxx-stl/gnu-libstdc++/4.9/include/backward -isystem /Users/sankim/lib_build/ffmpeg-android/android-ndk-r16b/sysroot/usr/include -isystem /Users/sankim/lib_build/ffmpeg-android/android-ndk-r16b/sysroot/usr/include/x86_64-linux-android  -funwind-tables -no-canonical-prefixes -D__ANDROID_API__=26 -fexceptions -frtti -DCC_HAS_STACK_REALIGN -g -fPIE   -mstackrealign -o CMakeFiles/cmTC_f3787.dir/src.cxx.o -c /Users/sankim/lib_build/libx265-android/x265/build/android/x86_64/CMakeFiles/CMakeTmp/src.cxx
Linking CXX executable cmTC_f3787
/usr/local/Cellar/cmake/3.10.1/bin/cmake -E cmake_link_script CMakeFiles/cmTC_f3787.dir/link.txt --verbose=1
/Users/sankim/lib_build/ffmpeg-android/android-ndk-r16b/toolchains/x86_64-4.9/prebuilt/darwin-x86_64/bin/x86_64-linux-android-g++ --sysroot=/Users/sankim/lib_build/ffmpeg-android/android-ndk-r16b/platforms/android-26/arch-x86_64  -funwind-tables -no-canonical-prefixes -D__ANDROID_API__=26 -fexceptions -frtti -DCC_HAS_STACK_REALIGN -g  -fPIE -pie -Wl,--gc-sections -Wl,-z,nocopyreloc  CMakeFiles/cmTC_f3787.dir/src.cxx.o  -o cmTC_f3787  "/Users/sankim/lib_build/ffmpeg-android/android-ndk-r16b/sources/cxx-stl/gnu-libstdc++/4.9/libs/x86_64/libgnustl_static.a" 

Source file was:
int main() { return 0; }
Performing C++ SOURCE FILE Test CC_HAS_FNO_EXCEPTIONS_FLAG succeeded with the following output:
Change Dir: /Users/sankim/lib_build/libx265-android/x265/build/android/x86_64/CMakeFiles/CMakeTmp

Run Build Command:"/usr/bin/make" "cmTC_53e29/fast"
/Applications/Xcode.app/Contents/Developer/usr/bin/make -f CMakeFiles/cmTC_53e29.dir/build.make CMakeFiles/cmTC_53e29.dir/build
Building CXX object CMakeFiles/cmTC_53e29.dir/src.cxx.o
/Users/sankim/lib_build/ffmpeg-android/android-ndk-r16b/toolchains/x86_64-4.9/prebuilt/darwin-x86_64/bin/x86_64-linux-android-g++ --sysroot=/Users/sankim/lib_build/ffmpeg-android/android-ndk-r16b/sysroot   -isystem /Users/sankim/lib_build/ffmpeg-android/android-ndk-r16b/sources/cxx-stl/gnu-libstdc++/4.9/include -isystem /Users/sankim/lib_build/ffmpeg-android/android-ndk-r16b/sources/cxx-stl/gnu-libstdc++/4.9/libs/x86_64/include -isystem /Users/sankim/lib_build/ffmpeg-android/android-ndk-r16b/sources/cxx-stl/gnu-libstdc++/4.9/include/backward -isystem /Users/sankim/lib_build/ffmpeg-android/android-ndk-r16b/sysroot/usr/include -isystem /Users/sankim/lib_build/ffmpeg-android/android-ndk-r16b/sysroot/usr/include/x86_64-linux-android  -funwind-tables -no-canonical-prefixes -D__ANDROID_API__=26 -fexceptions -frtti -DCC_HAS_FNO_EXCEPTIONS_FLAG -g -fPIE   -fno-exceptions -o CMakeFiles/cmTC_53e29.dir/src.cxx.o -c /Users/sankim/lib_build/libx265-android/x265/build/android/x86_64/CMakeFiles/CMakeTmp/src.cxx
Linking CXX executable cmTC_53e29
/usr/local/Cellar/cmake/3.10.1/bin/cmake -E cmake_link_script CMakeFiles/cmTC_53e29.dir/link.txt --verbose=1
/Users/sankim/lib_build/ffmpeg-android/android-ndk-r16b/toolchains/x86_64-4.9/prebuilt/darwin-x86_64/bin/x86_64-linux-android-g++ --sysroot=/Users/sankim/lib_build/ffmpeg-android/android-ndk-r16b/platforms/android-26/arch-x86_64  -funwind-tables -no-canonical-prefixes -D__ANDROID_API__=26 -fexceptions -frtti -DCC_HAS_FNO_EXCEPTIONS_FLAG -g  -fPIE -pie -Wl,--gc-sections -Wl,-z,nocopyreloc  CMakeFiles/cmTC_53e29.dir/src.cxx.o  -o cmTC_53e29  "/Users/sankim/lib_build/ffmpeg-android/android-ndk-r16b/sources/cxx-stl/gnu-libstdc++/4.9/libs/x86_64/libgnustl_static.a" 

Source file was:
int main() { return 0; }
Determining if the strtok_r exist passed with the following output:
Change Dir: /Users/sankim/lib_build/libx265-android/x265/build/android/x86_64/CMakeFiles/CMakeTmp

Run Build Command:"/usr/bin/make" "cmTC_0afaa/fast"
/Applications/Xcode.app/Contents/Developer/usr/bin/make -f CMakeFiles/cmTC_0afaa.dir/build.make CMakeFiles/cmTC_0afaa.dir/build
Building C object CMakeFiles/cmTC_0afaa.dir/CheckSymbolExists.c.o
/Users/sankim/lib_build/ffmpeg-android/android-ndk-r16b/toolchains/x86_64-4.9/prebuilt/darwin-x86_64/bin/x86_64-linux-android-gcc --sysroot=/Users/sankim/lib_build/ffmpeg-android/android-ndk-r16b/sysroot  -isystem /Users/sankim/lib_build/ffmpeg-android/android-ndk-r16b/sysroot/usr/include -isystem /Users/sankim/lib_build/ffmpeg-android/android-ndk-r16b/sysroot/usr/include/x86_64-linux-android  -funwind-tables -no-canonical-prefixes -D__ANDROID_API__=26 -fexceptions  -g -fPIE   -o CMakeFiles/cmTC_0afaa.dir/CheckSymbolExists.c.o   -c /Users/sankim/lib_build/libx265-android/x265/build/android/x86_64/CMakeFiles/CMakeTmp/CheckSymbolExists.c
Linking C executable cmTC_0afaa
/usr/local/Cellar/cmake/3.10.1/bin/cmake -E cmake_link_script CMakeFiles/cmTC_0afaa.dir/link.txt --verbose=1
/Users/sankim/lib_build/ffmpeg-android/android-ndk-r16b/toolchains/x86_64-4.9/prebuilt/darwin-x86_64/bin/x86_64-linux-android-gcc --sysroot=/Users/sankim/lib_build/ffmpeg-android/android-ndk-r16b/platforms/android-26/arch-x86_64 -funwind-tables -no-canonical-prefixes -D__ANDROID_API__=26 -fexceptions  -g  -fPIE -pie -Wl,--gc-sections -Wl,-z,nocopyreloc  CMakeFiles/cmTC_0afaa.dir/CheckSymbolExists.c.o  -o cmTC_0afaa 

File /Users/sankim/lib_build/libx265-android/x265/build/android/x86_64/CMakeFiles/CMakeTmp/CheckSymbolExists.c:
/* */
#include <string.h>

int main(int argc, char** argv)
{
  (void)argv;
#ifndef strtok_r
  return ((int*)(&strtok_r))[argc];
#else
  (void)argc;
  return 0;
#endif
}

Determining if files getopt.h exist passed with the following output:
Change Dir: /Users/sankim/lib_build/libx265-android/x265/build/android/x86_64/CMakeFiles/CMakeTmp

Run Build Command:"/usr/bin/make" "cmTC_badea/fast"
/Applications/Xcode.app/Contents/Developer/usr/bin/make -f CMakeFiles/cmTC_badea.dir/build.make CMakeFiles/cmTC_badea.dir/build
Building C object CMakeFiles/cmTC_badea.dir/CheckIncludeFiles.c.o
/Users/sankim/lib_build/ffmpeg-android/android-ndk-r16b/toolchains/x86_64-4.9/prebuilt/darwin-x86_64/bin/x86_64-linux-android-gcc --sysroot=/Users/sankim/lib_build/ffmpeg-android/android-ndk-r16b/sysroot  -isystem /Users/sankim/lib_build/ffmpeg-android/android-ndk-r16b/sysroot/usr/include -isystem /Users/sankim/lib_build/ffmpeg-android/android-ndk-r16b/sysroot/usr/include/x86_64-linux-android  -funwind-tables -no-canonical-prefixes -D__ANDROID_API__=26 -fexceptions  -g -fPIE   -o CMakeFiles/cmTC_badea.dir/CheckIncludeFiles.c.o   -c /Users/sankim/lib_build/libx265-android/x265/build/android/x86_64/CMakeFiles/CMakeTmp/CheckIncludeFiles.c
Linking C executable cmTC_badea
/usr/local/Cellar/cmake/3.10.1/bin/cmake -E cmake_link_script CMakeFiles/cmTC_badea.dir/link.txt --verbose=1
/Users/sankim/lib_build/ffmpeg-android/android-ndk-r16b/toolchains/x86_64-4.9/prebuilt/darwin-x86_64/bin/x86_64-linux-android-gcc --sysroot=/Users/sankim/lib_build/ffmpeg-android/android-ndk-r16b/platforms/android-26/arch-x86_64 -funwind-tables -no-canonical-prefixes -D__ANDROID_API__=26 -fexceptions  -g  -fPIE -pie -Wl,--gc-sections -Wl,-z,nocopyreloc  CMakeFiles/cmTC_badea.dir/CheckIncludeFiles.c.o  -o cmTC_badea 


