Compiling the C compiler identification source file "CMakeCCompilerId.c" failed.
Compiler: /Users/sankim/lib_build/ffmpeg-android/android-ndk-r16b/toolchains/x86_64-4.9/prebuilt/darwin-x86_64/bin/x86_64-linux-android-gcc 
Build flags: 
Id flags:  

The output was:
1
/Users/sankim/lib_build/ffmpeg-android/android-ndk-r16b/toolchains/x86_64-4.9/prebuilt/darwin-x86_64/bin/../lib/gcc/x86_64-linux-android/4.9.x/../../../../x86_64-linux-android/bin/ld: error: cannot open crtbegin_dynamic.o: No such file or directory
/Users/sankim/lib_build/ffmpeg-android/android-ndk-r16b/toolchains/x86_64-4.9/prebuilt/darwin-x86_64/bin/../lib/gcc/x86_64-linux-android/4.9.x/../../../../x86_64-linux-android/bin/ld: error: cannot open crtend_android.o: No such file or directory
/Users/sankim/lib_build/ffmpeg-android/android-ndk-r16b/toolchains/x86_64-4.9/prebuilt/darwin-x86_64/bin/../lib/gcc/x86_64-linux-android/4.9.x/../../../../x86_64-linux-android/bin/ld: error: cannot find -lc
/Users/sankim/lib_build/ffmpeg-android/android-ndk-r16b/toolchains/x86_64-4.9/prebuilt/darwin-x86_64/bin/../lib/gcc/x86_64-linux-android/4.9.x/../../../../x86_64-linux-android/bin/ld: error: cannot find -ldl
collect2: error: ld returned 1 exit status


Compiling the CXX compiler identification source file "CMakeCXXCompilerId.cpp" failed.
Compiler: /Users/sankim/lib_build/ffmpeg-android/android-ndk-r16b/toolchains/x86_64-4.9/prebuilt/darwin-x86_64/bin/x86_64-linux-android-g++ 
Build flags: 
Id flags:  

The output was:
1
/Users/sankim/lib_build/ffmpeg-android/android-ndk-r16b/toolchains/x86_64-4.9/prebuilt/darwin-x86_64/bin/../lib/gcc/x86_64-linux-android/4.9.x/../../../../x86_64-linux-android/bin/ld: error: cannot open crtbegin_dynamic.o: No such file or directory
/Users/sankim/lib_build/ffmpeg-android/android-ndk-r16b/toolchains/x86_64-4.9/prebuilt/darwin-x86_64/bin/../lib/gcc/x86_64-linux-android/4.9.x/../../../../x86_64-linux-android/bin/ld: error: cannot open crtend_android.o: No such file or directory
/Users/sankim/lib_build/ffmpeg-android/android-ndk-r16b/toolchains/x86_64-4.9/prebuilt/darwin-x86_64/bin/../lib/gcc/x86_64-linux-android/4.9.x/../../../../x86_64-linux-android/bin/ld: error: cannot find -lstdc++
/Users/sankim/lib_build/ffmpeg-android/android-ndk-r16b/toolchains/x86_64-4.9/prebuilt/darwin-x86_64/bin/../lib/gcc/x86_64-linux-android/4.9.x/../../../../x86_64-linux-android/bin/ld: error: cannot find -lm
/Users/sankim/lib_build/ffmpeg-android/android-ndk-r16b/toolchains/x86_64-4.9/prebuilt/darwin-x86_64/bin/../lib/gcc/x86_64-linux-android/4.9.x/../../../../x86_64-linux-android/bin/ld: error: cannot find -lc
/Users/sankim/lib_build/ffmpeg-android/android-ndk-r16b/toolchains/x86_64-4.9/prebuilt/darwin-x86_64/bin/../lib/gcc/x86_64-linux-android/4.9.x/../../../../x86_64-linux-android/bin/ld: error: cannot find -ldl
collect2: error: ld returned 1 exit status


