Compiling the C compiler identification source file "CMakeCCompilerId.c" failed.
Compiler: /Users/sankim/lib_build/ffmpeg-android/android-ndk-r16b/toolchains/mipsel-linux-android-4.9/prebuilt/darwin-x86_64/bin/mipsel-linux-android-gcc 
Build flags: 
Id flags:  

The output was:
1
/Users/sankim/lib_build/ffmpeg-android/android-ndk-r16b/toolchains/mipsel-linux-android-4.9/prebuilt/darwin-x86_64/bin/../lib/gcc/mipsel-linux-android/4.9.x/../../../../mipsel-linux-android/bin/ld: cannot find crtbegin_dynamic.o: No such file or directory
/Users/sankim/lib_build/ffmpeg-android/android-ndk-r16b/toolchains/mipsel-linux-android-4.9/prebuilt/darwin-x86_64/bin/../lib/gcc/mipsel-linux-android/4.9.x/../../../../mipsel-linux-android/bin/ld: cannot find -lc
/Users/sankim/lib_build/ffmpeg-android/android-ndk-r16b/toolchains/mipsel-linux-android-4.9/prebuilt/darwin-x86_64/bin/../lib/gcc/mipsel-linux-android/4.9.x/../../../../mipsel-linux-android/bin/ld: cannot find -ldl
/Users/sankim/lib_build/ffmpeg-android/android-ndk-r16b/toolchains/mipsel-linux-android-4.9/prebuilt/darwin-x86_64/bin/../lib/gcc/mipsel-linux-android/4.9.x/../../../../mipsel-linux-android/bin/ld: cannot find crtend_android.o: No such file or directory
collect2: error: ld returned 1 exit status


Compiling the CXX compiler identification source file "CMakeCXXCompilerId.cpp" failed.
Compiler: /Users/sankim/lib_build/ffmpeg-android/android-ndk-r16b/toolchains/mipsel-linux-android-4.9/prebuilt/darwin-x86_64/bin/mipsel-linux-android-g++ 
Build flags: 
Id flags:  

The output was:
1
/Users/sankim/lib_build/ffmpeg-android/android-ndk-r16b/toolchains/mipsel-linux-android-4.9/prebuilt/darwin-x86_64/bin/../lib/gcc/mipsel-linux-android/4.9.x/../../../../mipsel-linux-android/bin/ld: cannot find crtbegin_dynamic.o: No such file or directory
/Users/sankim/lib_build/ffmpeg-android/android-ndk-r16b/toolchains/mipsel-linux-android-4.9/prebuilt/darwin-x86_64/bin/../lib/gcc/mipsel-linux-android/4.9.x/../../../../mipsel-linux-android/bin/ld: cannot find -lstdc++
/Users/sankim/lib_build/ffmpeg-android/android-ndk-r16b/toolchains/mipsel-linux-android-4.9/prebuilt/darwin-x86_64/bin/../lib/gcc/mipsel-linux-android/4.9.x/../../../../mipsel-linux-android/bin/ld: cannot find -lm
/Users/sankim/lib_build/ffmpeg-android/android-ndk-r16b/toolchains/mipsel-linux-android-4.9/prebuilt/darwin-x86_64/bin/../lib/gcc/mipsel-linux-android/4.9.x/../../../../mipsel-linux-android/bin/ld: cannot find -lc
/Users/sankim/lib_build/ffmpeg-android/android-ndk-r16b/toolchains/mipsel-linux-android-4.9/prebuilt/darwin-x86_64/bin/../lib/gcc/mipsel-linux-android/4.9.x/../../../../mipsel-linux-android/bin/ld: cannot find -ldl
/Users/sankim/lib_build/ffmpeg-android/android-ndk-r16b/toolchains/mipsel-linux-android-4.9/prebuilt/darwin-x86_64/bin/../lib/gcc/mipsel-linux-android/4.9.x/../../../../mipsel-linux-android/bin/ld: cannot find crtend_android.o: No such file or directory
collect2: error: ld returned 1 exit status


Performing C++ SOURCE FILE Test CC_HAS_STACK_REALIGN failed with the following output:
Change Dir: /Users/sankim/lib_build/libx265-android/x265/build/android/mips/CMakeFiles/CMakeTmp

Run Build Command:"/usr/bin/make" "cmTC_03692/fast"
/Applications/Xcode.app/Contents/Developer/usr/bin/make -f CMakeFiles/cmTC_03692.dir/build.make CMakeFiles/cmTC_03692.dir/build
Building CXX object CMakeFiles/cmTC_03692.dir/src.cxx.o
/Users/sankim/lib_build/ffmpeg-android/android-ndk-r16b/toolchains/mipsel-linux-android-4.9/prebuilt/darwin-x86_64/bin/mipsel-linux-android-g++ --sysroot=/Users/sankim/lib_build/ffmpeg-android/android-ndk-r16b/sysroot   -isystem /Users/sankim/lib_build/ffmpeg-android/android-ndk-r16b/sources/cxx-stl/gnu-libstdc++/4.9/include -isystem /Users/sankim/lib_build/ffmpeg-android/android-ndk-r16b/sources/cxx-stl/gnu-libstdc++/4.9/libs/mips/include -isystem /Users/sankim/lib_build/ffmpeg-android/android-ndk-r16b/sources/cxx-stl/gnu-libstdc++/4.9/include/backward -isystem /Users/sankim/lib_build/ffmpeg-android/android-ndk-r16b/sysroot/usr/include -isystem /Users/sankim/lib_build/ffmpeg-android/android-ndk-r16b/sysroot/usr/include/mipsel-linux-android  -funwind-tables -no-canonical-prefixes -D__ANDROID_API__=26 -fexceptions -frtti -DCC_HAS_STACK_REALIGN -g -fPIE   -mstackrealign -o CMakeFiles/cmTC_03692.dir/src.cxx.o -c /Users/sankim/lib_build/libx265-android/x265/build/android/mips/CMakeFiles/CMakeTmp/src.cxx
mipsel-linux-android-g++: error: unrecognized command line option '-mstackrealign'
make[1]: *** [CMakeFiles/cmTC_03692.dir/src.cxx.o] Error 1
make: *** [cmTC_03692/fast] Error 2

Source file was:
int main() { return 0; }
