The target system is: Android - 26 - mips
The host system is: Darwin - 18.0.0 - x86_64
Compiling the C compiler identification source file "CMakeCCompilerId.c" succeeded.
Compiler: /Users/sankim/lib_build/ffmpeg-android/android-ndk-r16b/toolchains/mipsel-linux-android-4.9/prebuilt/darwin-x86_64/bin/mipsel-linux-android-gcc 
Build flags: 
Id flags: -c 

The output was:
0


Compilation of the C compiler identification source "CMakeCCompilerId.c" produced "CMakeCCompilerId.o"

The C compiler identification is GNU, found in "/Users/sankim/lib_build/libx265-android/x265/build/android/mips/CMakeFiles/3.10.1/CompilerIdC/CMakeCCompilerId.o"

Compiling the CXX compiler identification source file "CMakeCXXCompilerId.cpp" succeeded.
Compiler: /Users/sankim/lib_build/ffmpeg-android/android-ndk-r16b/toolchains/mipsel-linux-android-4.9/prebuilt/darwin-x86_64/bin/mipsel-linux-android-g++ 
Build flags: 
Id flags: -c 

The output was:
0


Compilation of the CXX compiler identification source "CMakeCXXCompilerId.cpp" produced "CMakeCXXCompilerId.o"

The CXX compiler identification is GNU, found in "/Users/sankim/lib_build/libx265-android/x265/build/android/mips/CMakeFiles/3.10.1/CompilerIdCXX/CMakeCXXCompilerId.o"

Determining if the C compiler works passed with the following output:
Change Dir: /Users/sankim/lib_build/libx265-android/x265/build/android/mips/CMakeFiles/CMakeTmp

Run Build Command:"/usr/bin/make" "cmTC_7ca7d/fast"
/Applications/Xcode.app/Contents/Developer/usr/bin/make -f CMakeFiles/cmTC_7ca7d.dir/build.make CMakeFiles/cmTC_7ca7d.dir/build
Building C object CMakeFiles/cmTC_7ca7d.dir/testCCompiler.c.o
/Users/sankim/lib_build/ffmpeg-android/android-ndk-r16b/toolchains/mipsel-linux-android-4.9/prebuilt/darwin-x86_64/bin/mipsel-linux-android-gcc --sysroot=/Users/sankim/lib_build/ffmpeg-android/android-ndk-r16b/sysroot  -isystem /Users/sankim/lib_build/ffmpeg-android/android-ndk-r16b/sysroot/usr/include -isystem /Users/sankim/lib_build/ffmpeg-android/android-ndk-r16b/sysroot/usr/include/mipsel-linux-android  -funwind-tables -no-canonical-prefixes -D__ANDROID_API__=26 -fexceptions  -g -fPIE   -o CMakeFiles/cmTC_7ca7d.dir/testCCompiler.c.o   -c /Users/sankim/lib_build/libx265-android/x265/build/android/mips/CMakeFiles/CMakeTmp/testCCompiler.c
Linking C executable cmTC_7ca7d
/usr/local/Cellar/cmake/3.10.1/bin/cmake -E cmake_link_script CMakeFiles/cmTC_7ca7d.dir/link.txt --verbose=1
/Users/sankim/lib_build/ffmpeg-android/android-ndk-r16b/toolchains/mipsel-linux-android-4.9/prebuilt/darwin-x86_64/bin/mipsel-linux-android-gcc --sysroot=/Users/sankim/lib_build/ffmpeg-android/android-ndk-r16b/platforms/android-26/arch-mips -funwind-tables -no-canonical-prefixes -D__ANDROID_API__=26 -fexceptions  -g  -fPIE -pie -Wl,--gc-sections -Wl,-z,nocopyreloc  CMakeFiles/cmTC_7ca7d.dir/testCCompiler.c.o  -o cmTC_7ca7d 


Detecting C compiler ABI info compiled with the following output:
Change Dir: /Users/sankim/lib_build/libx265-android/x265/build/android/mips/CMakeFiles/CMakeTmp

Run Build Command:"/usr/bin/make" "cmTC_75179/fast"
/Applications/Xcode.app/Contents/Developer/usr/bin/make -f CMakeFiles/cmTC_75179.dir/build.make CMakeFiles/cmTC_75179.dir/build
Building C object CMakeFiles/cmTC_75179.dir/CMakeCCompilerABI.c.o
/Users/sankim/lib_build/ffmpeg-android/android-ndk-r16b/toolchains/mipsel-linux-android-4.9/prebuilt/darwin-x86_64/bin/mipsel-linux-android-gcc --sysroot=/Users/sankim/lib_build/ffmpeg-android/android-ndk-r16b/sysroot  -isystem /Users/sankim/lib_build/ffmpeg-android/android-ndk-r16b/sysroot/usr/include -isystem /Users/sankim/lib_build/ffmpeg-android/android-ndk-r16b/sysroot/usr/include/mipsel-linux-android  -funwind-tables -no-canonical-prefixes -D__ANDROID_API__=26 -fexceptions  -g -fPIE   -o CMakeFiles/cmTC_75179.dir/CMakeCCompilerABI.c.o   -c /usr/local/Cellar/cmake/3.10.1/share/cmake/Modules/CMakeCCompilerABI.c
Linking C executable cmTC_75179
/usr/local/Cellar/cmake/3.10.1/bin/cmake -E cmake_link_script CMakeFiles/cmTC_75179.dir/link.txt --verbose=1
/Users/sankim/lib_build/ffmpeg-android/android-ndk-r16b/toolchains/mipsel-linux-android-4.9/prebuilt/darwin-x86_64/bin/mipsel-linux-android-gcc --sysroot=/Users/sankim/lib_build/ffmpeg-android/android-ndk-r16b/platforms/android-26/arch-mips -funwind-tables -no-canonical-prefixes -D__ANDROID_API__=26 -fexceptions  -g  -fPIE -pie -Wl,--gc-sections -Wl,-z,nocopyreloc -v CMakeFiles/cmTC_75179.dir/CMakeCCompilerABI.c.o  -o cmTC_75179 
Using built-in specs.
COLLECT_GCC=/Users/sankim/lib_build/ffmpeg-android/android-ndk-r16b/toolchains/mipsel-linux-android-4.9/prebuilt/darwin-x86_64/bin/mipsel-linux-android-gcc
COLLECT_LTO_WRAPPER=/Users/sankim/lib_build/ffmpeg-android/android-ndk-r16b/toolchains/mipsel-linux-android-4.9/prebuilt/darwin-x86_64/bin/../libexec/gcc/mipsel-linux-android/4.9.x/lto-wrapper
Target: mipsel-linux-android
Configured with: /Volumes/Android/buildbot/src/android/gcc/toolchain/build/../gcc/gcc-4.9/configure --prefix=/tmp/93c3517573d4cd75744012d4bfa09d14 --target=mipsel-linux-android --host=x86_64-apple-darwin --build=x86_64-apple-darwin --with-gnu-as --with-gnu-ld --enable-languages=c,c++ --with-gmp=/buildbot/tmp/build/toolchain/temp-install --with-mpfr=/buildbot/tmp/build/toolchain/temp-install --with-mpc=/buildbot/tmp/build/toolchain/temp-install --with-cloog=/buildbot/tmp/build/toolchain/temp-install --with-isl=/buildbot/tmp/build/toolchain/temp-install --with-ppl=/buildbot/tmp/build/toolchain/temp-install --disable-ppl-version-check --disable-cloog-version-check --disable-isl-version-check --enable-cloog-backend=isl --with-host-libstdcxx='-static-libgcc -lstdc++ -lm' --disable-libssp --enable-threads --disable-nls --disable-libmudflap --disable-libgomp --disable-libstdc__-v3 --disable-sjlj-exceptions --disable-shared --disable-tls --disable-libitm --enable-bionic-libs --enable-libatomic-ifuncs=no --enable-initfini-array --disable-nls --prefix=/tmp/93c3517573d4cd75744012d4bfa09d14 --with-sysroot=/tmp/93c3517573d4cd75744012d4bfa09d14/sysroot --with-binutils-version=2.25 --with-mpfr-version=3.1.1 --with-mpc-version=1.0.1 --with-gmp-version=5.0.5 --with-gcc-version=4.9 --with-gdb-version=none --with-gxx-include-dir=/tmp/93c3517573d4cd75744012d4bfa09d14/include/c++/4.9.x --with-bugurl=http://source.android.com/source/report-bugs.html --enable-languages=c,c++ --disable-bootstrap --enable-plugins --enable-libgomp --enable-gnu-indirect-function --disable-libsanitizer --enable-threads --enable-eh-frame-hdr-for-static --enable-graphite=yes --with-isl-version=0.11.1 --with-cloog-version=0.18.0 --with-arch=mips32 --disable-fixed-point --program-transform-name='s&^&mipsel-linux-android-&'
Thread model: posix
gcc version 4.9.x 20150123 (prerelease) (GCC) 
COMPILER_PATH=/Users/sankim/lib_build/ffmpeg-android/android-ndk-r16b/toolchains/mipsel-linux-android-4.9/prebuilt/darwin-x86_64/bin/../libexec/gcc/mipsel-linux-android/4.9.x/:/Users/sankim/lib_build/ffmpeg-android/android-ndk-r16b/toolchains/mipsel-linux-android-4.9/prebuilt/darwin-x86_64/bin/../libexec/gcc/:/Users/sankim/lib_build/ffmpeg-android/android-ndk-r16b/toolchains/mipsel-linux-android-4.9/prebuilt/darwin-x86_64/bin/../lib/gcc/mipsel-linux-android/4.9.x/../../../../mipsel-linux-android/bin/
LIBRARY_PATH=/Users/sankim/lib_build/ffmpeg-android/android-ndk-r16b/toolchains/mipsel-linux-android-4.9/prebuilt/darwin-x86_64/bin/../lib/gcc/mipsel-linux-android/4.9.x/:/Users/sankim/lib_build/ffmpeg-android/android-ndk-r16b/toolchains/mipsel-linux-android-4.9/prebuilt/darwin-x86_64/bin/../lib/gcc/:/Users/sankim/lib_build/ffmpeg-android/android-ndk-r16b/toolchains/mipsel-linux-android-4.9/prebuilt/darwin-x86_64/bin/../lib/gcc/mipsel-linux-android/4.9.x/../../../../mipsel-linux-android/lib/:/Users/sankim/lib_build/ffmpeg-android/android-ndk-r16b/platforms/android-26/arch-mips/usr/lib/
COLLECT_GCC_OPTIONS='-funwind-tables' '-D' '__ANDROID_API__=26' '-fexceptions' '-g' '-fPIE' '-pie' '-v' '-o' 'cmTC_75179' '-march=mips32' '-mllsc' '-mips32' '-mno-synci' '-mabi=32' '-mfpxx' '-EL'
 /Users/sankim/lib_build/ffmpeg-android/android-ndk-r16b/toolchains/mipsel-linux-android-4.9/prebuilt/darwin-x86_64/bin/../libexec/gcc/mipsel-linux-android/4.9.x/collect2 -plugin /Users/sankim/lib_build/ffmpeg-android/android-ndk-r16b/toolchains/mipsel-linux-android-4.9/prebuilt/darwin-x86_64/bin/../libexec/gcc/mipsel-linux-android/4.9.x/liblto_plugin.so -plugin-opt=/Users/sankim/lib_build/ffmpeg-android/android-ndk-r16b/toolchains/mipsel-linux-android-4.9/prebuilt/darwin-x86_64/bin/../libexec/gcc/mipsel-linux-android/4.9.x/lto-wrapper -plugin-opt=-fresolution=/var/folders/cl/yl7tt_gs76s8t1d8kb3bm03m0000gn/T//ccEEn4i6.res -plugin-opt=-pass-through=-lgcc -plugin-opt=-pass-through=-lc -plugin-opt=-pass-through=-ldl -plugin-opt=-pass-through=-lgcc --sysroot=/Users/sankim/lib_build/ffmpeg-android/android-ndk-r16b/platforms/android-26/arch-mips --eh-frame-hdr -EL -mips32 -dynamic-linker /system/bin/linker -melf32ltsmip -z noexecstack -z relro -z now -pie -o cmTC_75179 /Users/sankim/lib_build/ffmpeg-android/android-ndk-r16b/platforms/android-26/arch-mips/usr/lib/crtbegin_dynamic.o -L/Users/sankim/lib_build/ffmpeg-android/android-ndk-r16b/toolchains/mipsel-linux-android-4.9/prebuilt/darwin-x86_64/bin/../lib/gcc/mipsel-linux-android/4.9.x -L/Users/sankim/lib_build/ffmpeg-android/android-ndk-r16b/toolchains/mipsel-linux-android-4.9/prebuilt/darwin-x86_64/bin/../lib/gcc -L/Users/sankim/lib_build/ffmpeg-android/android-ndk-r16b/toolchains/mipsel-linux-android-4.9/prebuilt/darwin-x86_64/bin/../lib/gcc/mipsel-linux-android/4.9.x/../../../../mipsel-linux-android/lib -L/Users/sankim/lib_build/ffmpeg-android/android-ndk-r16b/platforms/android-26/arch-mips/usr/lib --gc-sections -z nocopyreloc CMakeFiles/cmTC_75179.dir/CMakeCCompilerABI.c.o -lgcc -lc -ldl -lgcc /Users/sankim/lib_build/ffmpeg-android/android-ndk-r16b/platforms/android-26/arch-mips/usr/lib/crtend_android.o


Parsed C implicit link information from above output:
  link line regex: [^( *|.*[/\])(mipsel-linux-android-ld|CMAKE_LINK_STARTFILE-NOTFOUND|([^/\]+-)?ld|collect2)[^/\]*( |$)]
  ignore line: [Change Dir: /Users/sankim/lib_build/libx265-android/x265/build/android/mips/CMakeFiles/CMakeTmp]
  ignore line: []
  ignore line: [Run Build Command:"/usr/bin/make" "cmTC_75179/fast"]
  ignore line: [/Applications/Xcode.app/Contents/Developer/usr/bin/make -f CMakeFiles/cmTC_75179.dir/build.make CMakeFiles/cmTC_75179.dir/build]
  ignore line: [Building C object CMakeFiles/cmTC_75179.dir/CMakeCCompilerABI.c.o]
  ignore line: [/Users/sankim/lib_build/ffmpeg-android/android-ndk-r16b/toolchains/mipsel-linux-android-4.9/prebuilt/darwin-x86_64/bin/mipsel-linux-android-gcc --sysroot=/Users/sankim/lib_build/ffmpeg-android/android-ndk-r16b/sysroot  -isystem /Users/sankim/lib_build/ffmpeg-android/android-ndk-r16b/sysroot/usr/include -isystem /Users/sankim/lib_build/ffmpeg-android/android-ndk-r16b/sysroot/usr/include/mipsel-linux-android  -funwind-tables -no-canonical-prefixes -D__ANDROID_API__=26 -fexceptions  -g -fPIE   -o CMakeFiles/cmTC_75179.dir/CMakeCCompilerABI.c.o   -c /usr/local/Cellar/cmake/3.10.1/share/cmake/Modules/CMakeCCompilerABI.c]
  ignore line: [Linking C executable cmTC_75179]
  ignore line: [/usr/local/Cellar/cmake/3.10.1/bin/cmake -E cmake_link_script CMakeFiles/cmTC_75179.dir/link.txt --verbose=1]
  ignore line: [/Users/sankim/lib_build/ffmpeg-android/android-ndk-r16b/toolchains/mipsel-linux-android-4.9/prebuilt/darwin-x86_64/bin/mipsel-linux-android-gcc --sysroot=/Users/sankim/lib_build/ffmpeg-android/android-ndk-r16b/platforms/android-26/arch-mips -funwind-tables -no-canonical-prefixes -D__ANDROID_API__=26 -fexceptions  -g  -fPIE -pie -Wl,--gc-sections -Wl,-z,nocopyreloc -v CMakeFiles/cmTC_75179.dir/CMakeCCompilerABI.c.o  -o cmTC_75179 ]
  ignore line: [Using built-in specs.]
  ignore line: [COLLECT_GCC=/Users/sankim/lib_build/ffmpeg-android/android-ndk-r16b/toolchains/mipsel-linux-android-4.9/prebuilt/darwin-x86_64/bin/mipsel-linux-android-gcc]
  ignore line: [COLLECT_LTO_WRAPPER=/Users/sankim/lib_build/ffmpeg-android/android-ndk-r16b/toolchains/mipsel-linux-android-4.9/prebuilt/darwin-x86_64/bin/../libexec/gcc/mipsel-linux-android/4.9.x/lto-wrapper]
  ignore line: [Target: mipsel-linux-android]
  ignore line: [Configured with: /Volumes/Android/buildbot/src/android/gcc/toolchain/build/../gcc/gcc-4.9/configure --prefix=/tmp/93c3517573d4cd75744012d4bfa09d14 --target=mipsel-linux-android --host=x86_64-apple-darwin --build=x86_64-apple-darwin --with-gnu-as --with-gnu-ld --enable-languages=c,c++ --with-gmp=/buildbot/tmp/build/toolchain/temp-install --with-mpfr=/buildbot/tmp/build/toolchain/temp-install --with-mpc=/buildbot/tmp/build/toolchain/temp-install --with-cloog=/buildbot/tmp/build/toolchain/temp-install --with-isl=/buildbot/tmp/build/toolchain/temp-install --with-ppl=/buildbot/tmp/build/toolchain/temp-install --disable-ppl-version-check --disable-cloog-version-check --disable-isl-version-check --enable-cloog-backend=isl --with-host-libstdcxx='-static-libgcc -lstdc++ -lm' --disable-libssp --enable-threads --disable-nls --disable-libmudflap --disable-libgomp --disable-libstdc__-v3 --disable-sjlj-exceptions --disable-shared --disable-tls --disable-libitm --enable-bionic-libs --enable-libatomic-ifuncs=no --enable-initfini-array --disable-nls --prefix=/tmp/93c3517573d4cd75744012d4bfa09d14 --with-sysroot=/tmp/93c3517573d4cd75744012d4bfa09d14/sysroot --with-binutils-version=2.25 --with-mpfr-version=3.1.1 --with-mpc-version=1.0.1 --with-gmp-version=5.0.5 --with-gcc-version=4.9 --with-gdb-version=none --with-gxx-include-dir=/tmp/93c3517573d4cd75744012d4bfa09d14/include/c++/4.9.x --with-bugurl=http://source.android.com/source/report-bugs.html --enable-languages=c,c++ --disable-bootstrap --enable-plugins --enable-libgomp --enable-gnu-indirect-function --disable-libsanitizer --enable-threads --enable-eh-frame-hdr-for-static --enable-graphite=yes --with-isl-version=0.11.1 --with-cloog-version=0.18.0 --with-arch=mips32 --disable-fixed-point --program-transform-name='s&^&mipsel-linux-android-&']
  ignore line: [Thread model: posix]
  ignore line: [gcc version 4.9.x 20150123 (prerelease) (GCC) ]
  ignore line: [COMPILER_PATH=/Users/sankim/lib_build/ffmpeg-android/android-ndk-r16b/toolchains/mipsel-linux-android-4.9/prebuilt/darwin-x86_64/bin/../libexec/gcc/mipsel-linux-android/4.9.x/:/Users/sankim/lib_build/ffmpeg-android/android-ndk-r16b/toolchains/mipsel-linux-android-4.9/prebuilt/darwin-x86_64/bin/../libexec/gcc/:/Users/sankim/lib_build/ffmpeg-android/android-ndk-r16b/toolchains/mipsel-linux-android-4.9/prebuilt/darwin-x86_64/bin/../lib/gcc/mipsel-linux-android/4.9.x/../../../../mipsel-linux-android/bin/]
  ignore line: [LIBRARY_PATH=/Users/sankim/lib_build/ffmpeg-android/android-ndk-r16b/toolchains/mipsel-linux-android-4.9/prebuilt/darwin-x86_64/bin/../lib/gcc/mipsel-linux-android/4.9.x/:/Users/sankim/lib_build/ffmpeg-android/android-ndk-r16b/toolchains/mipsel-linux-android-4.9/prebuilt/darwin-x86_64/bin/../lib/gcc/:/Users/sankim/lib_build/ffmpeg-android/android-ndk-r16b/toolchains/mipsel-linux-android-4.9/prebuilt/darwin-x86_64/bin/../lib/gcc/mipsel-linux-android/4.9.x/../../../../mipsel-linux-android/lib/:/Users/sankim/lib_build/ffmpeg-android/android-ndk-r16b/platforms/android-26/arch-mips/usr/lib/]
  ignore line: [COLLECT_GCC_OPTIONS='-funwind-tables' '-D' '__ANDROID_API__=26' '-fexceptions' '-g' '-fPIE' '-pie' '-v' '-o' 'cmTC_75179' '-march=mips32' '-mllsc' '-mips32' '-mno-synci' '-mabi=32' '-mfpxx' '-EL']
  link line: [ /Users/sankim/lib_build/ffmpeg-android/android-ndk-r16b/toolchains/mipsel-linux-android-4.9/prebuilt/darwin-x86_64/bin/../libexec/gcc/mipsel-linux-android/4.9.x/collect2 -plugin /Users/sankim/lib_build/ffmpeg-android/android-ndk-r16b/toolchains/mipsel-linux-android-4.9/prebuilt/darwin-x86_64/bin/../libexec/gcc/mipsel-linux-android/4.9.x/liblto_plugin.so -plugin-opt=/Users/sankim/lib_build/ffmpeg-android/android-ndk-r16b/toolchains/mipsel-linux-android-4.9/prebuilt/darwin-x86_64/bin/../libexec/gcc/mipsel-linux-android/4.9.x/lto-wrapper -plugin-opt=-fresolution=/var/folders/cl/yl7tt_gs76s8t1d8kb3bm03m0000gn/T//ccEEn4i6.res -plugin-opt=-pass-through=-lgcc -plugin-opt=-pass-through=-lc -plugin-opt=-pass-through=-ldl -plugin-opt=-pass-through=-lgcc --sysroot=/Users/sankim/lib_build/ffmpeg-android/android-ndk-r16b/platforms/android-26/arch-mips --eh-frame-hdr -EL -mips32 -dynamic-linker /system/bin/linker -melf32ltsmip -z noexecstack -z relro -z now -pie -o cmTC_75179 /Users/sankim/lib_build/ffmpeg-android/android-ndk-r16b/platforms/android-26/arch-mips/usr/lib/crtbegin_dynamic.o -L/Users/sankim/lib_build/ffmpeg-android/android-ndk-r16b/toolchains/mipsel-linux-android-4.9/prebuilt/darwin-x86_64/bin/../lib/gcc/mipsel-linux-android/4.9.x -L/Users/sankim/lib_build/ffmpeg-android/android-ndk-r16b/toolchains/mipsel-linux-android-4.9/prebuilt/darwin-x86_64/bin/../lib/gcc -L/Users/sankim/lib_build/ffmpeg-android/android-ndk-r16b/toolchains/mipsel-linux-android-4.9/prebuilt/darwin-x86_64/bin/../lib/gcc/mipsel-linux-android/4.9.x/../../../../mipsel-linux-android/lib -L/Users/sankim/lib_build/ffmpeg-android/android-ndk-r16b/platforms/android-26/arch-mips/usr/lib --gc-sections -z nocopyreloc CMakeFiles/cmTC_75179.dir/CMakeCCompilerABI.c.o -lgcc -lc -ldl -lgcc /Users/sankim/lib_build/ffmpeg-android/android-ndk-r16b/platforms/android-26/arch-mips/usr/lib/crtend_android.o]
    arg [/Users/sankim/lib_build/ffmpeg-android/android-ndk-r16b/toolchains/mipsel-linux-android-4.9/prebuilt/darwin-x86_64/bin/../libexec/gcc/mipsel-linux-android/4.9.x/collect2] ==> ignore
    arg [-plugin] ==> ignore
    arg [/Users/sankim/lib_build/ffmpeg-android/android-ndk-r16b/toolchains/mipsel-linux-android-4.9/prebuilt/darwin-x86_64/bin/../libexec/gcc/mipsel-linux-android/4.9.x/liblto_plugin.so] ==> ignore
    arg [-plugin-opt=/Users/sankim/lib_build/ffmpeg-android/android-ndk-r16b/toolchains/mipsel-linux-android-4.9/prebuilt/darwin-x86_64/bin/../libexec/gcc/mipsel-linux-android/4.9.x/lto-wrapper] ==> ignore
    arg [-plugin-opt=-fresolution=/var/folders/cl/yl7tt_gs76s8t1d8kb3bm03m0000gn/T//ccEEn4i6.res] ==> ignore
    arg [-plugin-opt=-pass-through=-lgcc] ==> ignore
    arg [-plugin-opt=-pass-through=-lc] ==> ignore
    arg [-plugin-opt=-pass-through=-ldl] ==> ignore
    arg [-plugin-opt=-pass-through=-lgcc] ==> ignore
    arg [--sysroot=/Users/sankim/lib_build/ffmpeg-android/android-ndk-r16b/platforms/android-26/arch-mips] ==> ignore
    arg [--eh-frame-hdr] ==> ignore
    arg [-EL] ==> ignore
    arg [-mips32] ==> ignore
    arg [-dynamic-linker] ==> ignore
    arg [/system/bin/linker] ==> ignore
    arg [-melf32ltsmip] ==> ignore
    arg [-znoexecstack] ==> ignore
    arg [-zrelro] ==> ignore
    arg [-znow] ==> ignore
    arg [-pie] ==> ignore
    arg [-o] ==> ignore
    arg [cmTC_75179] ==> ignore
    arg [/Users/sankim/lib_build/ffmpeg-android/android-ndk-r16b/platforms/android-26/arch-mips/usr/lib/crtbegin_dynamic.o] ==> ignore
    arg [-L/Users/sankim/lib_build/ffmpeg-android/android-ndk-r16b/toolchains/mipsel-linux-android-4.9/prebuilt/darwin-x86_64/bin/../lib/gcc/mipsel-linux-android/4.9.x] ==> dir [/Users/sankim/lib_build/ffmpeg-android/android-ndk-r16b/toolchains/mipsel-linux-android-4.9/prebuilt/darwin-x86_64/bin/../lib/gcc/mipsel-linux-android/4.9.x]
    arg [-L/Users/sankim/lib_build/ffmpeg-android/android-ndk-r16b/toolchains/mipsel-linux-android-4.9/prebuilt/darwin-x86_64/bin/../lib/gcc] ==> dir [/Users/sankim/lib_build/ffmpeg-android/android-ndk-r16b/toolchains/mipsel-linux-android-4.9/prebuilt/darwin-x86_64/bin/../lib/gcc]
    arg [-L/Users/sankim/lib_build/ffmpeg-android/android-ndk-r16b/toolchains/mipsel-linux-android-4.9/prebuilt/darwin-x86_64/bin/../lib/gcc/mipsel-linux-android/4.9.x/../../../../mipsel-linux-android/lib] ==> dir [/Users/sankim/lib_build/ffmpeg-android/android-ndk-r16b/toolchains/mipsel-linux-android-4.9/prebuilt/darwin-x86_64/bin/../lib/gcc/mipsel-linux-android/4.9.x/../../../../mipsel-linux-android/lib]
    arg [-L/Users/sankim/lib_build/ffmpeg-android/android-ndk-r16b/platforms/android-26/arch-mips/usr/lib] ==> dir [/Users/sankim/lib_build/ffmpeg-android/android-ndk-r16b/platforms/android-26/arch-mips/usr/lib]
    arg [--gc-sections] ==> ignore
    arg [-znocopyreloc] ==> ignore
    arg [CMakeFiles/cmTC_75179.dir/CMakeCCompilerABI.c.o] ==> ignore
    arg [-lgcc] ==> lib [gcc]
    arg [-lc] ==> lib [c]
    arg [-ldl] ==> lib [dl]
    arg [-lgcc] ==> lib [gcc]
    arg [/Users/sankim/lib_build/ffmpeg-android/android-ndk-r16b/platforms/android-26/arch-mips/usr/lib/crtend_android.o] ==> ignore
  collapse library dir [/Users/sankim/lib_build/ffmpeg-android/android-ndk-r16b/toolchains/mipsel-linux-android-4.9/prebuilt/darwin-x86_64/bin/../lib/gcc/mipsel-linux-android/4.9.x] ==> [/Users/sankim/lib_build/ffmpeg-android/android-ndk-r16b/toolchains/mipsel-linux-android-4.9/prebuilt/darwin-x86_64/lib/gcc/mipsel-linux-android/4.9.x]
  collapse library dir [/Users/sankim/lib_build/ffmpeg-android/android-ndk-r16b/toolchains/mipsel-linux-android-4.9/prebuilt/darwin-x86_64/bin/../lib/gcc] ==> [/Users/sankim/lib_build/ffmpeg-android/android-ndk-r16b/toolchains/mipsel-linux-android-4.9/prebuilt/darwin-x86_64/lib/gcc]
  collapse library dir [/Users/sankim/lib_build/ffmpeg-android/android-ndk-r16b/toolchains/mipsel-linux-android-4.9/prebuilt/darwin-x86_64/bin/../lib/gcc/mipsel-linux-android/4.9.x/../../../../mipsel-linux-android/lib] ==> [/Users/sankim/lib_build/ffmpeg-android/android-ndk-r16b/toolchains/mipsel-linux-android-4.9/prebuilt/darwin-x86_64/mipsel-linux-android/lib]
  collapse library dir [/Users/sankim/lib_build/ffmpeg-android/android-ndk-r16b/platforms/android-26/arch-mips/usr/lib] ==> [/Users/sankim/lib_build/ffmpeg-android/android-ndk-r16b/platforms/android-26/arch-mips/usr/lib]
  implicit libs: [gcc;c;dl;gcc]
  implicit dirs: [/Users/sankim/lib_build/ffmpeg-android/android-ndk-r16b/toolchains/mipsel-linux-android-4.9/prebuilt/darwin-x86_64/lib/gcc/mipsel-linux-android/4.9.x;/Users/sankim/lib_build/ffmpeg-android/android-ndk-r16b/toolchains/mipsel-linux-android-4.9/prebuilt/darwin-x86_64/lib/gcc;/Users/sankim/lib_build/ffmpeg-android/android-ndk-r16b/toolchains/mipsel-linux-android-4.9/prebuilt/darwin-x86_64/mipsel-linux-android/lib;/Users/sankim/lib_build/ffmpeg-android/android-ndk-r16b/platforms/android-26/arch-mips/usr/lib]
  implicit fwks: []




Detecting C [-std=c11] compiler features compiled with the following output:
Change Dir: /Users/sankim/lib_build/libx265-android/x265/build/android/mips/CMakeFiles/CMakeTmp

Run Build Command:"/usr/bin/make" "cmTC_90fde/fast"
/Applications/Xcode.app/Contents/Developer/usr/bin/make -f CMakeFiles/cmTC_90fde.dir/build.make CMakeFiles/cmTC_90fde.dir/build
Building C object CMakeFiles/cmTC_90fde.dir/feature_tests.c.o
/Users/sankim/lib_build/ffmpeg-android/android-ndk-r16b/toolchains/mipsel-linux-android-4.9/prebuilt/darwin-x86_64/bin/mipsel-linux-android-gcc --sysroot=/Users/sankim/lib_build/ffmpeg-android/android-ndk-r16b/sysroot  -isystem /Users/sankim/lib_build/ffmpeg-android/android-ndk-r16b/sysroot/usr/include -isystem /Users/sankim/lib_build/ffmpeg-android/android-ndk-r16b/sysroot/usr/include/mipsel-linux-android  -funwind-tables -no-canonical-prefixes -D__ANDROID_API__=26 -fexceptions  -g -fPIE   -std=c11 -o CMakeFiles/cmTC_90fde.dir/feature_tests.c.o   -c /Users/sankim/lib_build/libx265-android/x265/build/android/mips/CMakeFiles/feature_tests.c
Linking C executable cmTC_90fde
/usr/local/Cellar/cmake/3.10.1/bin/cmake -E cmake_link_script CMakeFiles/cmTC_90fde.dir/link.txt --verbose=1
/Users/sankim/lib_build/ffmpeg-android/android-ndk-r16b/toolchains/mipsel-linux-android-4.9/prebuilt/darwin-x86_64/bin/mipsel-linux-android-gcc --sysroot=/Users/sankim/lib_build/ffmpeg-android/android-ndk-r16b/platforms/android-26/arch-mips -funwind-tables -no-canonical-prefixes -D__ANDROID_API__=26 -fexceptions  -g  -fPIE -pie -Wl,--gc-sections -Wl,-z,nocopyreloc  CMakeFiles/cmTC_90fde.dir/feature_tests.c.o  -o cmTC_90fde 


    Feature record: C_FEATURE:1c_function_prototypes
    Feature record: C_FEATURE:1c_restrict
    Feature record: C_FEATURE:1c_static_assert
    Feature record: C_FEATURE:1c_variadic_macros


Detecting C [-std=c99] compiler features compiled with the following output:
Change Dir: /Users/sankim/lib_build/libx265-android/x265/build/android/mips/CMakeFiles/CMakeTmp

Run Build Command:"/usr/bin/make" "cmTC_ed0b0/fast"
/Applications/Xcode.app/Contents/Developer/usr/bin/make -f CMakeFiles/cmTC_ed0b0.dir/build.make CMakeFiles/cmTC_ed0b0.dir/build
Building C object CMakeFiles/cmTC_ed0b0.dir/feature_tests.c.o
/Users/sankim/lib_build/ffmpeg-android/android-ndk-r16b/toolchains/mipsel-linux-android-4.9/prebuilt/darwin-x86_64/bin/mipsel-linux-android-gcc --sysroot=/Users/sankim/lib_build/ffmpeg-android/android-ndk-r16b/sysroot  -isystem /Users/sankim/lib_build/ffmpeg-android/android-ndk-r16b/sysroot/usr/include -isystem /Users/sankim/lib_build/ffmpeg-android/android-ndk-r16b/sysroot/usr/include/mipsel-linux-android  -funwind-tables -no-canonical-prefixes -D__ANDROID_API__=26 -fexceptions  -g -fPIE   -std=c99 -o CMakeFiles/cmTC_ed0b0.dir/feature_tests.c.o   -c /Users/sankim/lib_build/libx265-android/x265/build/android/mips/CMakeFiles/feature_tests.c
Linking C executable cmTC_ed0b0
/usr/local/Cellar/cmake/3.10.1/bin/cmake -E cmake_link_script CMakeFiles/cmTC_ed0b0.dir/link.txt --verbose=1
/Users/sankim/lib_build/ffmpeg-android/android-ndk-r16b/toolchains/mipsel-linux-android-4.9/prebuilt/darwin-x86_64/bin/mipsel-linux-android-gcc --sysroot=/Users/sankim/lib_build/ffmpeg-android/android-ndk-r16b/platforms/android-26/arch-mips -funwind-tables -no-canonical-prefixes -D__ANDROID_API__=26 -fexceptions  -g  -fPIE -pie -Wl,--gc-sections -Wl,-z,nocopyreloc  CMakeFiles/cmTC_ed0b0.dir/feature_tests.c.o  -o cmTC_ed0b0 


    Feature record: C_FEATURE:1c_function_prototypes
    Feature record: C_FEATURE:1c_restrict
    Feature record: C_FEATURE:0c_static_assert
    Feature record: C_FEATURE:1c_variadic_macros


Detecting C [-std=c90] compiler features compiled with the following output:
Change Dir: /Users/sankim/lib_build/libx265-android/x265/build/android/mips/CMakeFiles/CMakeTmp

Run Build Command:"/usr/bin/make" "cmTC_804ae/fast"
/Applications/Xcode.app/Contents/Developer/usr/bin/make -f CMakeFiles/cmTC_804ae.dir/build.make CMakeFiles/cmTC_804ae.dir/build
Building C object CMakeFiles/cmTC_804ae.dir/feature_tests.c.o
/Users/sankim/lib_build/ffmpeg-android/android-ndk-r16b/toolchains/mipsel-linux-android-4.9/prebuilt/darwin-x86_64/bin/mipsel-linux-android-gcc --sysroot=/Users/sankim/lib_build/ffmpeg-android/android-ndk-r16b/sysroot  -isystem /Users/sankim/lib_build/ffmpeg-android/android-ndk-r16b/sysroot/usr/include -isystem /Users/sankim/lib_build/ffmpeg-android/android-ndk-r16b/sysroot/usr/include/mipsel-linux-android  -funwind-tables -no-canonical-prefixes -D__ANDROID_API__=26 -fexceptions  -g -fPIE   -std=c90 -o CMakeFiles/cmTC_804ae.dir/feature_tests.c.o   -c /Users/sankim/lib_build/libx265-android/x265/build/android/mips/CMakeFiles/feature_tests.c
Linking C executable cmTC_804ae
/usr/local/Cellar/cmake/3.10.1/bin/cmake -E cmake_link_script CMakeFiles/cmTC_804ae.dir/link.txt --verbose=1
/Users/sankim/lib_build/ffmpeg-android/android-ndk-r16b/toolchains/mipsel-linux-android-4.9/prebuilt/darwin-x86_64/bin/mipsel-linux-android-gcc --sysroot=/Users/sankim/lib_build/ffmpeg-android/android-ndk-r16b/platforms/android-26/arch-mips -funwind-tables -no-canonical-prefixes -D__ANDROID_API__=26 -fexceptions  -g  -fPIE -pie -Wl,--gc-sections -Wl,-z,nocopyreloc  CMakeFiles/cmTC_804ae.dir/feature_tests.c.o  -o cmTC_804ae 


    Feature record: C_FEATURE:1c_function_prototypes
    Feature record: C_FEATURE:0c_restrict
    Feature record: C_FEATURE:0c_static_assert
    Feature record: C_FEATURE:0c_variadic_macros
Determining if the CXX compiler works passed with the following output:
Change Dir: /Users/sankim/lib_build/libx265-android/x265/build/android/mips/CMakeFiles/CMakeTmp

Run Build Command:"/usr/bin/make" "cmTC_4026b/fast"
/Applications/Xcode.app/Contents/Developer/usr/bin/make -f CMakeFiles/cmTC_4026b.dir/build.make CMakeFiles/cmTC_4026b.dir/build
Building CXX object CMakeFiles/cmTC_4026b.dir/testCXXCompiler.cxx.o
/Users/sankim/lib_build/ffmpeg-android/android-ndk-r16b/toolchains/mipsel-linux-android-4.9/prebuilt/darwin-x86_64/bin/mipsel-linux-android-g++ --sysroot=/Users/sankim/lib_build/ffmpeg-android/android-ndk-r16b/sysroot   -isystem /Users/sankim/lib_build/ffmpeg-android/android-ndk-r16b/sources/cxx-stl/gnu-libstdc++/4.9/include -isystem /Users/sankim/lib_build/ffmpeg-android/android-ndk-r16b/sources/cxx-stl/gnu-libstdc++/4.9/libs/mips/include -isystem /Users/sankim/lib_build/ffmpeg-android/android-ndk-r16b/sources/cxx-stl/gnu-libstdc++/4.9/include/backward -isystem /Users/sankim/lib_build/ffmpeg-android/android-ndk-r16b/sysroot/usr/include -isystem /Users/sankim/lib_build/ffmpeg-android/android-ndk-r16b/sysroot/usr/include/mipsel-linux-android  -funwind-tables -no-canonical-prefixes -D__ANDROID_API__=26 -fexceptions -frtti  -g -fPIE   -o CMakeFiles/cmTC_4026b.dir/testCXXCompiler.cxx.o -c /Users/sankim/lib_build/libx265-android/x265/build/android/mips/CMakeFiles/CMakeTmp/testCXXCompiler.cxx
Linking CXX executable cmTC_4026b
/usr/local/Cellar/cmake/3.10.1/bin/cmake -E cmake_link_script CMakeFiles/cmTC_4026b.dir/link.txt --verbose=1
/Users/sankim/lib_build/ffmpeg-android/android-ndk-r16b/toolchains/mipsel-linux-android-4.9/prebuilt/darwin-x86_64/bin/mipsel-linux-android-g++ --sysroot=/Users/sankim/lib_build/ffmpeg-android/android-ndk-r16b/platforms/android-26/arch-mips  -funwind-tables -no-canonical-prefixes -D__ANDROID_API__=26 -fexceptions -frtti  -g  -fPIE -pie -Wl,--gc-sections -Wl,-z,nocopyreloc  CMakeFiles/cmTC_4026b.dir/testCXXCompiler.cxx.o  -o cmTC_4026b  "/Users/sankim/lib_build/ffmpeg-android/android-ndk-r16b/sources/cxx-stl/gnu-libstdc++/4.9/libs/mips/libgnustl_static.a" 


Detecting CXX compiler ABI info compiled with the following output:
Change Dir: /Users/sankim/lib_build/libx265-android/x265/build/android/mips/CMakeFiles/CMakeTmp

Run Build Command:"/usr/bin/make" "cmTC_3f66d/fast"
/Applications/Xcode.app/Contents/Developer/usr/bin/make -f CMakeFiles/cmTC_3f66d.dir/build.make CMakeFiles/cmTC_3f66d.dir/build
Building CXX object CMakeFiles/cmTC_3f66d.dir/CMakeCXXCompilerABI.cpp.o
/Users/sankim/lib_build/ffmpeg-android/android-ndk-r16b/toolchains/mipsel-linux-android-4.9/prebuilt/darwin-x86_64/bin/mipsel-linux-android-g++ --sysroot=/Users/sankim/lib_build/ffmpeg-android/android-ndk-r16b/sysroot   -isystem /Users/sankim/lib_build/ffmpeg-android/android-ndk-r16b/sources/cxx-stl/gnu-libstdc++/4.9/include -isystem /Users/sankim/lib_build/ffmpeg-android/android-ndk-r16b/sources/cxx-stl/gnu-libstdc++/4.9/libs/mips/include -isystem /Users/sankim/lib_build/ffmpeg-android/android-ndk-r16b/sources/cxx-stl/gnu-libstdc++/4.9/include/backward -isystem /Users/sankim/lib_build/ffmpeg-android/android-ndk-r16b/sysroot/usr/include -isystem /Users/sankim/lib_build/ffmpeg-android/android-ndk-r16b/sysroot/usr/include/mipsel-linux-android  -funwind-tables -no-canonical-prefixes -D__ANDROID_API__=26 -fexceptions -frtti  -g -fPIE   -o CMakeFiles/cmTC_3f66d.dir/CMakeCXXCompilerABI.cpp.o -c /usr/local/Cellar/cmake/3.10.1/share/cmake/Modules/CMakeCXXCompilerABI.cpp
Linking CXX executable cmTC_3f66d
/usr/local/Cellar/cmake/3.10.1/bin/cmake -E cmake_link_script CMakeFiles/cmTC_3f66d.dir/link.txt --verbose=1
/Users/sankim/lib_build/ffmpeg-android/android-ndk-r16b/toolchains/mipsel-linux-android-4.9/prebuilt/darwin-x86_64/bin/mipsel-linux-android-g++ --sysroot=/Users/sankim/lib_build/ffmpeg-android/android-ndk-r16b/platforms/android-26/arch-mips  -funwind-tables -no-canonical-prefixes -D__ANDROID_API__=26 -fexceptions -frtti  -g  -fPIE -pie -Wl,--gc-sections -Wl,-z,nocopyreloc -v CMakeFiles/cmTC_3f66d.dir/CMakeCXXCompilerABI.cpp.o  -o cmTC_3f66d  "/Users/sankim/lib_build/ffmpeg-android/android-ndk-r16b/sources/cxx-stl/gnu-libstdc++/4.9/libs/mips/libgnustl_static.a" 
Using built-in specs.
COLLECT_GCC=/Users/sankim/lib_build/ffmpeg-android/android-ndk-r16b/toolchains/mipsel-linux-android-4.9/prebuilt/darwin-x86_64/bin/mipsel-linux-android-g++
COLLECT_LTO_WRAPPER=/Users/sankim/lib_build/ffmpeg-android/android-ndk-r16b/toolchains/mipsel-linux-android-4.9/prebuilt/darwin-x86_64/bin/../libexec/gcc/mipsel-linux-android/4.9.x/lto-wrapper
Target: mipsel-linux-android
Configured with: /Volumes/Android/buildbot/src/android/gcc/toolchain/build/../gcc/gcc-4.9/configure --prefix=/tmp/93c3517573d4cd75744012d4bfa09d14 --target=mipsel-linux-android --host=x86_64-apple-darwin --build=x86_64-apple-darwin --with-gnu-as --with-gnu-ld --enable-languages=c,c++ --with-gmp=/buildbot/tmp/build/toolchain/temp-install --with-mpfr=/buildbot/tmp/build/toolchain/temp-install --with-mpc=/buildbot/tmp/build/toolchain/temp-install --with-cloog=/buildbot/tmp/build/toolchain/temp-install --with-isl=/buildbot/tmp/build/toolchain/temp-install --with-ppl=/buildbot/tmp/build/toolchain/temp-install --disable-ppl-version-check --disable-cloog-version-check --disable-isl-version-check --enable-cloog-backend=isl --with-host-libstdcxx='-static-libgcc -lstdc++ -lm' --disable-libssp --enable-threads --disable-nls --disable-libmudflap --disable-libgomp --disable-libstdc__-v3 --disable-sjlj-exceptions --disable-shared --disable-tls --disable-libitm --enable-bionic-libs --enable-libatomic-ifuncs=no --enable-initfini-array --disable-nls --prefix=/tmp/93c3517573d4cd75744012d4bfa09d14 --with-sysroot=/tmp/93c3517573d4cd75744012d4bfa09d14/sysroot --with-binutils-version=2.25 --with-mpfr-version=3.1.1 --with-mpc-version=1.0.1 --with-gmp-version=5.0.5 --with-gcc-version=4.9 --with-gdb-version=none --with-gxx-include-dir=/tmp/93c3517573d4cd75744012d4bfa09d14/include/c++/4.9.x --with-bugurl=http://source.android.com/source/report-bugs.html --enable-languages=c,c++ --disable-bootstrap --enable-plugins --enable-libgomp --enable-gnu-indirect-function --disable-libsanitizer --enable-threads --enable-eh-frame-hdr-for-static --enable-graphite=yes --with-isl-version=0.11.1 --with-cloog-version=0.18.0 --with-arch=mips32 --disable-fixed-point --program-transform-name='s&^&mipsel-linux-android-&'
Thread model: posix
gcc version 4.9.x 20150123 (prerelease) (GCC) 
COMPILER_PATH=/Users/sankim/lib_build/ffmpeg-android/android-ndk-r16b/toolchains/mipsel-linux-android-4.9/prebuilt/darwin-x86_64/bin/../libexec/gcc/mipsel-linux-android/4.9.x/:/Users/sankim/lib_build/ffmpeg-android/android-ndk-r16b/toolchains/mipsel-linux-android-4.9/prebuilt/darwin-x86_64/bin/../libexec/gcc/:/Users/sankim/lib_build/ffmpeg-android/android-ndk-r16b/toolchains/mipsel-linux-android-4.9/prebuilt/darwin-x86_64/bin/../lib/gcc/mipsel-linux-android/4.9.x/../../../../mipsel-linux-android/bin/
LIBRARY_PATH=/Users/sankim/lib_build/ffmpeg-android/android-ndk-r16b/toolchains/mipsel-linux-android-4.9/prebuilt/darwin-x86_64/bin/../lib/gcc/mipsel-linux-android/4.9.x/:/Users/sankim/lib_build/ffmpeg-android/android-ndk-r16b/toolchains/mipsel-linux-android-4.9/prebuilt/darwin-x86_64/bin/../lib/gcc/:/Users/sankim/lib_build/ffmpeg-android/android-ndk-r16b/toolchains/mipsel-linux-android-4.9/prebuilt/darwin-x86_64/bin/../lib/gcc/mipsel-linux-android/4.9.x/../../../../mipsel-linux-android/lib/:/Users/sankim/lib_build/ffmpeg-android/android-ndk-r16b/platforms/android-26/arch-mips/usr/lib/
COLLECT_GCC_OPTIONS='-funwind-tables' '-D' '__ANDROID_API__=26' '-fexceptions' '-frtti' '-g' '-fPIE' '-pie' '-v' '-o' 'cmTC_3f66d' '-march=mips32' '-mllsc' '-mips32' '-mno-synci' '-mabi=32' '-mfpxx' '-EL'
 /Users/sankim/lib_build/ffmpeg-android/android-ndk-r16b/toolchains/mipsel-linux-android-4.9/prebuilt/darwin-x86_64/bin/../libexec/gcc/mipsel-linux-android/4.9.x/collect2 -plugin /Users/sankim/lib_build/ffmpeg-android/android-ndk-r16b/toolchains/mipsel-linux-android-4.9/prebuilt/darwin-x86_64/bin/../libexec/gcc/mipsel-linux-android/4.9.x/liblto_plugin.so -plugin-opt=/Users/sankim/lib_build/ffmpeg-android/android-ndk-r16b/toolchains/mipsel-linux-android-4.9/prebuilt/darwin-x86_64/bin/../libexec/gcc/mipsel-linux-android/4.9.x/lto-wrapper -plugin-opt=-fresolution=/var/folders/cl/yl7tt_gs76s8t1d8kb3bm03m0000gn/T//cctMd4Dk.res -plugin-opt=-pass-through=-lgcc -plugin-opt=-pass-through=-lc -plugin-opt=-pass-through=-ldl -plugin-opt=-pass-through=-lgcc --sysroot=/Users/sankim/lib_build/ffmpeg-android/android-ndk-r16b/platforms/android-26/arch-mips --eh-frame-hdr -EL -mips32 -dynamic-linker /system/bin/linker -melf32ltsmip -z noexecstack -z relro -z now -pie -o cmTC_3f66d /Users/sankim/lib_build/ffmpeg-android/android-ndk-r16b/platforms/android-26/arch-mips/usr/lib/crtbegin_dynamic.o -L/Users/sankim/lib_build/ffmpeg-android/android-ndk-r16b/toolchains/mipsel-linux-android-4.9/prebuilt/darwin-x86_64/bin/../lib/gcc/mipsel-linux-android/4.9.x -L/Users/sankim/lib_build/ffmpeg-android/android-ndk-r16b/toolchains/mipsel-linux-android-4.9/prebuilt/darwin-x86_64/bin/../lib/gcc -L/Users/sankim/lib_build/ffmpeg-android/android-ndk-r16b/toolchains/mipsel-linux-android-4.9/prebuilt/darwin-x86_64/bin/../lib/gcc/mipsel-linux-android/4.9.x/../../../../mipsel-linux-android/lib -L/Users/sankim/lib_build/ffmpeg-android/android-ndk-r16b/platforms/android-26/arch-mips/usr/lib --gc-sections -z nocopyreloc CMakeFiles/cmTC_3f66d.dir/CMakeCXXCompilerABI.cpp.o /Users/sankim/lib_build/ffmpeg-android/android-ndk-r16b/sources/cxx-stl/gnu-libstdc++/4.9/libs/mips/libgnustl_static.a -lstdc++ -lm -lgcc -lc -ldl -lgcc /Users/sankim/lib_build/ffmpeg-android/android-ndk-r16b/platforms/android-26/arch-mips/usr/lib/crtend_android.o


Parsed CXX implicit link information from above output:
  link line regex: [^( *|.*[/\])(mipsel-linux-android-ld|CMAKE_LINK_STARTFILE-NOTFOUND|([^/\]+-)?ld|collect2)[^/\]*( |$)]
  ignore line: [Change Dir: /Users/sankim/lib_build/libx265-android/x265/build/android/mips/CMakeFiles/CMakeTmp]
  ignore line: []
  ignore line: [Run Build Command:"/usr/bin/make" "cmTC_3f66d/fast"]
  ignore line: [/Applications/Xcode.app/Contents/Developer/usr/bin/make -f CMakeFiles/cmTC_3f66d.dir/build.make CMakeFiles/cmTC_3f66d.dir/build]
  ignore line: [Building CXX object CMakeFiles/cmTC_3f66d.dir/CMakeCXXCompilerABI.cpp.o]
  ignore line: [/Users/sankim/lib_build/ffmpeg-android/android-ndk-r16b/toolchains/mipsel-linux-android-4.9/prebuilt/darwin-x86_64/bin/mipsel-linux-android-g++ --sysroot=/Users/sankim/lib_build/ffmpeg-android/android-ndk-r16b/sysroot   -isystem /Users/sankim/lib_build/ffmpeg-android/android-ndk-r16b/sources/cxx-stl/gnu-libstdc++/4.9/include -isystem /Users/sankim/lib_build/ffmpeg-android/android-ndk-r16b/sources/cxx-stl/gnu-libstdc++/4.9/libs/mips/include -isystem /Users/sankim/lib_build/ffmpeg-android/android-ndk-r16b/sources/cxx-stl/gnu-libstdc++/4.9/include/backward -isystem /Users/sankim/lib_build/ffmpeg-android/android-ndk-r16b/sysroot/usr/include -isystem /Users/sankim/lib_build/ffmpeg-android/android-ndk-r16b/sysroot/usr/include/mipsel-linux-android  -funwind-tables -no-canonical-prefixes -D__ANDROID_API__=26 -fexceptions -frtti  -g -fPIE   -o CMakeFiles/cmTC_3f66d.dir/CMakeCXXCompilerABI.cpp.o -c /usr/local/Cellar/cmake/3.10.1/share/cmake/Modules/CMakeCXXCompilerABI.cpp]
  ignore line: [Linking CXX executable cmTC_3f66d]
  ignore line: [/usr/local/Cellar/cmake/3.10.1/bin/cmake -E cmake_link_script CMakeFiles/cmTC_3f66d.dir/link.txt --verbose=1]
  ignore line: [/Users/sankim/lib_build/ffmpeg-android/android-ndk-r16b/toolchains/mipsel-linux-android-4.9/prebuilt/darwin-x86_64/bin/mipsel-linux-android-g++ --sysroot=/Users/sankim/lib_build/ffmpeg-android/android-ndk-r16b/platforms/android-26/arch-mips  -funwind-tables -no-canonical-prefixes -D__ANDROID_API__=26 -fexceptions -frtti  -g  -fPIE -pie -Wl,--gc-sections -Wl,-z,nocopyreloc -v CMakeFiles/cmTC_3f66d.dir/CMakeCXXCompilerABI.cpp.o  -o cmTC_3f66d  "/Users/sankim/lib_build/ffmpeg-android/android-ndk-r16b/sources/cxx-stl/gnu-libstdc++/4.9/libs/mips/libgnustl_static.a" ]
  ignore line: [Using built-in specs.]
  ignore line: [COLLECT_GCC=/Users/sankim/lib_build/ffmpeg-android/android-ndk-r16b/toolchains/mipsel-linux-android-4.9/prebuilt/darwin-x86_64/bin/mipsel-linux-android-g++]
  ignore line: [COLLECT_LTO_WRAPPER=/Users/sankim/lib_build/ffmpeg-android/android-ndk-r16b/toolchains/mipsel-linux-android-4.9/prebuilt/darwin-x86_64/bin/../libexec/gcc/mipsel-linux-android/4.9.x/lto-wrapper]
  ignore line: [Target: mipsel-linux-android]
  ignore line: [Configured with: /Volumes/Android/buildbot/src/android/gcc/toolchain/build/../gcc/gcc-4.9/configure --prefix=/tmp/93c3517573d4cd75744012d4bfa09d14 --target=mipsel-linux-android --host=x86_64-apple-darwin --build=x86_64-apple-darwin --with-gnu-as --with-gnu-ld --enable-languages=c,c++ --with-gmp=/buildbot/tmp/build/toolchain/temp-install --with-mpfr=/buildbot/tmp/build/toolchain/temp-install --with-mpc=/buildbot/tmp/build/toolchain/temp-install --with-cloog=/buildbot/tmp/build/toolchain/temp-install --with-isl=/buildbot/tmp/build/toolchain/temp-install --with-ppl=/buildbot/tmp/build/toolchain/temp-install --disable-ppl-version-check --disable-cloog-version-check --disable-isl-version-check --enable-cloog-backend=isl --with-host-libstdcxx='-static-libgcc -lstdc++ -lm' --disable-libssp --enable-threads --disable-nls --disable-libmudflap --disable-libgomp --disable-libstdc__-v3 --disable-sjlj-exceptions --disable-shared --disable-tls --disable-libitm --enable-bionic-libs --enable-libatomic-ifuncs=no --enable-initfini-array --disable-nls --prefix=/tmp/93c3517573d4cd75744012d4bfa09d14 --with-sysroot=/tmp/93c3517573d4cd75744012d4bfa09d14/sysroot --with-binutils-version=2.25 --with-mpfr-version=3.1.1 --with-mpc-version=1.0.1 --with-gmp-version=5.0.5 --with-gcc-version=4.9 --with-gdb-version=none --with-gxx-include-dir=/tmp/93c3517573d4cd75744012d4bfa09d14/include/c++/4.9.x --with-bugurl=http://source.android.com/source/report-bugs.html --enable-languages=c,c++ --disable-bootstrap --enable-plugins --enable-libgomp --enable-gnu-indirect-function --disable-libsanitizer --enable-threads --enable-eh-frame-hdr-for-static --enable-graphite=yes --with-isl-version=0.11.1 --with-cloog-version=0.18.0 --with-arch=mips32 --disable-fixed-point --program-transform-name='s&^&mipsel-linux-android-&']
  ignore line: [Thread model: posix]
  ignore line: [gcc version 4.9.x 20150123 (prerelease) (GCC) ]
  ignore line: [COMPILER_PATH=/Users/sankim/lib_build/ffmpeg-android/android-ndk-r16b/toolchains/mipsel-linux-android-4.9/prebuilt/darwin-x86_64/bin/../libexec/gcc/mipsel-linux-android/4.9.x/:/Users/sankim/lib_build/ffmpeg-android/android-ndk-r16b/toolchains/mipsel-linux-android-4.9/prebuilt/darwin-x86_64/bin/../libexec/gcc/:/Users/sankim/lib_build/ffmpeg-android/android-ndk-r16b/toolchains/mipsel-linux-android-4.9/prebuilt/darwin-x86_64/bin/../lib/gcc/mipsel-linux-android/4.9.x/../../../../mipsel-linux-android/bin/]
  ignore line: [LIBRARY_PATH=/Users/sankim/lib_build/ffmpeg-android/android-ndk-r16b/toolchains/mipsel-linux-android-4.9/prebuilt/darwin-x86_64/bin/../lib/gcc/mipsel-linux-android/4.9.x/:/Users/sankim/lib_build/ffmpeg-android/android-ndk-r16b/toolchains/mipsel-linux-android-4.9/prebuilt/darwin-x86_64/bin/../lib/gcc/:/Users/sankim/lib_build/ffmpeg-android/android-ndk-r16b/toolchains/mipsel-linux-android-4.9/prebuilt/darwin-x86_64/bin/../lib/gcc/mipsel-linux-android/4.9.x/../../../../mipsel-linux-android/lib/:/Users/sankim/lib_build/ffmpeg-android/android-ndk-r16b/platforms/android-26/arch-mips/usr/lib/]
  ignore line: [COLLECT_GCC_OPTIONS='-funwind-tables' '-D' '__ANDROID_API__=26' '-fexceptions' '-frtti' '-g' '-fPIE' '-pie' '-v' '-o' 'cmTC_3f66d' '-march=mips32' '-mllsc' '-mips32' '-mno-synci' '-mabi=32' '-mfpxx' '-EL']
  link line: [ /Users/sankim/lib_build/ffmpeg-android/android-ndk-r16b/toolchains/mipsel-linux-android-4.9/prebuilt/darwin-x86_64/bin/../libexec/gcc/mipsel-linux-android/4.9.x/collect2 -plugin /Users/sankim/lib_build/ffmpeg-android/android-ndk-r16b/toolchains/mipsel-linux-android-4.9/prebuilt/darwin-x86_64/bin/../libexec/gcc/mipsel-linux-android/4.9.x/liblto_plugin.so -plugin-opt=/Users/sankim/lib_build/ffmpeg-android/android-ndk-r16b/toolchains/mipsel-linux-android-4.9/prebuilt/darwin-x86_64/bin/../libexec/gcc/mipsel-linux-android/4.9.x/lto-wrapper -plugin-opt=-fresolution=/var/folders/cl/yl7tt_gs76s8t1d8kb3bm03m0000gn/T//cctMd4Dk.res -plugin-opt=-pass-through=-lgcc -plugin-opt=-pass-through=-lc -plugin-opt=-pass-through=-ldl -plugin-opt=-pass-through=-lgcc --sysroot=/Users/sankim/lib_build/ffmpeg-android/android-ndk-r16b/platforms/android-26/arch-mips --eh-frame-hdr -EL -mips32 -dynamic-linker /system/bin/linker -melf32ltsmip -z noexecstack -z relro -z now -pie -o cmTC_3f66d /Users/sankim/lib_build/ffmpeg-android/android-ndk-r16b/platforms/android-26/arch-mips/usr/lib/crtbegin_dynamic.o -L/Users/sankim/lib_build/ffmpeg-android/android-ndk-r16b/toolchains/mipsel-linux-android-4.9/prebuilt/darwin-x86_64/bin/../lib/gcc/mipsel-linux-android/4.9.x -L/Users/sankim/lib_build/ffmpeg-android/android-ndk-r16b/toolchains/mipsel-linux-android-4.9/prebuilt/darwin-x86_64/bin/../lib/gcc -L/Users/sankim/lib_build/ffmpeg-android/android-ndk-r16b/toolchains/mipsel-linux-android-4.9/prebuilt/darwin-x86_64/bin/../lib/gcc/mipsel-linux-android/4.9.x/../../../../mipsel-linux-android/lib -L/Users/sankim/lib_build/ffmpeg-android/android-ndk-r16b/platforms/android-26/arch-mips/usr/lib --gc-sections -z nocopyreloc CMakeFiles/cmTC_3f66d.dir/CMakeCXXCompilerABI.cpp.o /Users/sankim/lib_build/ffmpeg-android/android-ndk-r16b/sources/cxx-stl/gnu-libstdc++/4.9/libs/mips/libgnustl_static.a -lstdc++ -lm -lgcc -lc -ldl -lgcc /Users/sankim/lib_build/ffmpeg-android/android-ndk-r16b/platforms/android-26/arch-mips/usr/lib/crtend_android.o]
    arg [/Users/sankim/lib_build/ffmpeg-android/android-ndk-r16b/toolchains/mipsel-linux-android-4.9/prebuilt/darwin-x86_64/bin/../libexec/gcc/mipsel-linux-android/4.9.x/collect2] ==> ignore
    arg [-plugin] ==> ignore
    arg [/Users/sankim/lib_build/ffmpeg-android/android-ndk-r16b/toolchains/mipsel-linux-android-4.9/prebuilt/darwin-x86_64/bin/../libexec/gcc/mipsel-linux-android/4.9.x/liblto_plugin.so] ==> ignore
    arg [-plugin-opt=/Users/sankim/lib_build/ffmpeg-android/android-ndk-r16b/toolchains/mipsel-linux-android-4.9/prebuilt/darwin-x86_64/bin/../libexec/gcc/mipsel-linux-android/4.9.x/lto-wrapper] ==> ignore
    arg [-plugin-opt=-fresolution=/var/folders/cl/yl7tt_gs76s8t1d8kb3bm03m0000gn/T//cctMd4Dk.res] ==> ignore
    arg [-plugin-opt=-pass-through=-lgcc] ==> ignore
    arg [-plugin-opt=-pass-through=-lc] ==> ignore
    arg [-plugin-opt=-pass-through=-ldl] ==> ignore
    arg [-plugin-opt=-pass-through=-lgcc] ==> ignore
    arg [--sysroot=/Users/sankim/lib_build/ffmpeg-android/android-ndk-r16b/platforms/android-26/arch-mips] ==> ignore
    arg [--eh-frame-hdr] ==> ignore
    arg [-EL] ==> ignore
    arg [-mips32] ==> ignore
    arg [-dynamic-linker] ==> ignore
    arg [/system/bin/linker] ==> ignore
    arg [-melf32ltsmip] ==> ignore
    arg [-znoexecstack] ==> ignore
    arg [-zrelro] ==> ignore
    arg [-znow] ==> ignore
    arg [-pie] ==> ignore
    arg [-o] ==> ignore
    arg [cmTC_3f66d] ==> ignore
    arg [/Users/sankim/lib_build/ffmpeg-android/android-ndk-r16b/platforms/android-26/arch-mips/usr/lib/crtbegin_dynamic.o] ==> ignore
    arg [-L/Users/sankim/lib_build/ffmpeg-android/android-ndk-r16b/toolchains/mipsel-linux-android-4.9/prebuilt/darwin-x86_64/bin/../lib/gcc/mipsel-linux-android/4.9.x] ==> dir [/Users/sankim/lib_build/ffmpeg-android/android-ndk-r16b/toolchains/mipsel-linux-android-4.9/prebuilt/darwin-x86_64/bin/../lib/gcc/mipsel-linux-android/4.9.x]
    arg [-L/Users/sankim/lib_build/ffmpeg-android/android-ndk-r16b/toolchains/mipsel-linux-android-4.9/prebuilt/darwin-x86_64/bin/../lib/gcc] ==> dir [/Users/sankim/lib_build/ffmpeg-android/android-ndk-r16b/toolchains/mipsel-linux-android-4.9/prebuilt/darwin-x86_64/bin/../lib/gcc]
    arg [-L/Users/sankim/lib_build/ffmpeg-android/android-ndk-r16b/toolchains/mipsel-linux-android-4.9/prebuilt/darwin-x86_64/bin/../lib/gcc/mipsel-linux-android/4.9.x/../../../../mipsel-linux-android/lib] ==> dir [/Users/sankim/lib_build/ffmpeg-android/android-ndk-r16b/toolchains/mipsel-linux-android-4.9/prebuilt/darwin-x86_64/bin/../lib/gcc/mipsel-linux-android/4.9.x/../../../../mipsel-linux-android/lib]
    arg [-L/Users/sankim/lib_build/ffmpeg-android/android-ndk-r16b/platforms/android-26/arch-mips/usr/lib] ==> dir [/Users/sankim/lib_build/ffmpeg-android/android-ndk-r16b/platforms/android-26/arch-mips/usr/lib]
    arg [--gc-sections] ==> ignore
    arg [-znocopyreloc] ==> ignore
    arg [CMakeFiles/cmTC_3f66d.dir/CMakeCXXCompilerABI.cpp.o] ==> ignore
    arg [/Users/sankim/lib_build/ffmpeg-android/android-ndk-r16b/sources/cxx-stl/gnu-libstdc++/4.9/libs/mips/libgnustl_static.a] ==> lib [/Users/sankim/lib_build/ffmpeg-android/android-ndk-r16b/sources/cxx-stl/gnu-libstdc++/4.9/libs/mips/libgnustl_static.a]
    arg [-lstdc++] ==> lib [stdc++]
    arg [-lm] ==> lib [m]
    arg [-lgcc] ==> lib [gcc]
    arg [-lc] ==> lib [c]
    arg [-ldl] ==> lib [dl]
    arg [-lgcc] ==> lib [gcc]
    arg [/Users/sankim/lib_build/ffmpeg-android/android-ndk-r16b/platforms/android-26/arch-mips/usr/lib/crtend_android.o] ==> ignore
  collapse library dir [/Users/sankim/lib_build/ffmpeg-android/android-ndk-r16b/toolchains/mipsel-linux-android-4.9/prebuilt/darwin-x86_64/bin/../lib/gcc/mipsel-linux-android/4.9.x] ==> [/Users/sankim/lib_build/ffmpeg-android/android-ndk-r16b/toolchains/mipsel-linux-android-4.9/prebuilt/darwin-x86_64/lib/gcc/mipsel-linux-android/4.9.x]
  collapse library dir [/Users/sankim/lib_build/ffmpeg-android/android-ndk-r16b/toolchains/mipsel-linux-android-4.9/prebuilt/darwin-x86_64/bin/../lib/gcc] ==> [/Users/sankim/lib_build/ffmpeg-android/android-ndk-r16b/toolchains/mipsel-linux-android-4.9/prebuilt/darwin-x86_64/lib/gcc]
  collapse library dir [/Users/sankim/lib_build/ffmpeg-android/android-ndk-r16b/toolchains/mipsel-linux-android-4.9/prebuilt/darwin-x86_64/bin/../lib/gcc/mipsel-linux-android/4.9.x/../../../../mipsel-linux-android/lib] ==> [/Users/sankim/lib_build/ffmpeg-android/android-ndk-r16b/toolchains/mipsel-linux-android-4.9/prebuilt/darwin-x86_64/mipsel-linux-android/lib]
  collapse library dir [/Users/sankim/lib_build/ffmpeg-android/android-ndk-r16b/platforms/android-26/arch-mips/usr/lib] ==> [/Users/sankim/lib_build/ffmpeg-android/android-ndk-r16b/platforms/android-26/arch-mips/usr/lib]
  implicit libs: [/Users/sankim/lib_build/ffmpeg-android/android-ndk-r16b/sources/cxx-stl/gnu-libstdc++/4.9/libs/mips/libgnustl_static.a;stdc++;m;gcc;c;dl;gcc]
  implicit dirs: [/Users/sankim/lib_build/ffmpeg-android/android-ndk-r16b/toolchains/mipsel-linux-android-4.9/prebuilt/darwin-x86_64/lib/gcc/mipsel-linux-android/4.9.x;/Users/sankim/lib_build/ffmpeg-android/android-ndk-r16b/toolchains/mipsel-linux-android-4.9/prebuilt/darwin-x86_64/lib/gcc;/Users/sankim/lib_build/ffmpeg-android/android-ndk-r16b/toolchains/mipsel-linux-android-4.9/prebuilt/darwin-x86_64/mipsel-linux-android/lib;/Users/sankim/lib_build/ffmpeg-android/android-ndk-r16b/platforms/android-26/arch-mips/usr/lib]
  implicit fwks: []




Detecting CXX [-std=c++14] compiler features compiled with the following output:
Change Dir: /Users/sankim/lib_build/libx265-android/x265/build/android/mips/CMakeFiles/CMakeTmp

Run Build Command:"/usr/bin/make" "cmTC_330fc/fast"
/Applications/Xcode.app/Contents/Developer/usr/bin/make -f CMakeFiles/cmTC_330fc.dir/build.make CMakeFiles/cmTC_330fc.dir/build
Building CXX object CMakeFiles/cmTC_330fc.dir/feature_tests.cxx.o
/Users/sankim/lib_build/ffmpeg-android/android-ndk-r16b/toolchains/mipsel-linux-android-4.9/prebuilt/darwin-x86_64/bin/mipsel-linux-android-g++ --sysroot=/Users/sankim/lib_build/ffmpeg-android/android-ndk-r16b/sysroot   -isystem /Users/sankim/lib_build/ffmpeg-android/android-ndk-r16b/sources/cxx-stl/gnu-libstdc++/4.9/include -isystem /Users/sankim/lib_build/ffmpeg-android/android-ndk-r16b/sources/cxx-stl/gnu-libstdc++/4.9/libs/mips/include -isystem /Users/sankim/lib_build/ffmpeg-android/android-ndk-r16b/sources/cxx-stl/gnu-libstdc++/4.9/include/backward -isystem /Users/sankim/lib_build/ffmpeg-android/android-ndk-r16b/sysroot/usr/include -isystem /Users/sankim/lib_build/ffmpeg-android/android-ndk-r16b/sysroot/usr/include/mipsel-linux-android  -funwind-tables -no-canonical-prefixes -D__ANDROID_API__=26 -fexceptions -frtti  -g -fPIE   -std=c++14 -o CMakeFiles/cmTC_330fc.dir/feature_tests.cxx.o -c /Users/sankim/lib_build/libx265-android/x265/build/android/mips/CMakeFiles/feature_tests.cxx
Linking CXX executable cmTC_330fc
/usr/local/Cellar/cmake/3.10.1/bin/cmake -E cmake_link_script CMakeFiles/cmTC_330fc.dir/link.txt --verbose=1
/Users/sankim/lib_build/ffmpeg-android/android-ndk-r16b/toolchains/mipsel-linux-android-4.9/prebuilt/darwin-x86_64/bin/mipsel-linux-android-g++ --sysroot=/Users/sankim/lib_build/ffmpeg-android/android-ndk-r16b/platforms/android-26/arch-mips  -funwind-tables -no-canonical-prefixes -D__ANDROID_API__=26 -fexceptions -frtti  -g  -fPIE -pie -Wl,--gc-sections -Wl,-z,nocopyreloc  CMakeFiles/cmTC_330fc.dir/feature_tests.cxx.o  -o cmTC_330fc  "/Users/sankim/lib_build/ffmpeg-android/android-ndk-r16b/sources/cxx-stl/gnu-libstdc++/4.9/libs/mips/libgnustl_static.a" 


    Feature record: CXX_FEATURE:0cxx_aggregate_default_initializers
    Feature record: CXX_FEATURE:1cxx_alias_templates
    Feature record: CXX_FEATURE:1cxx_alignas
    Feature record: CXX_FEATURE:1cxx_alignof
    Feature record: CXX_FEATURE:1cxx_attributes
    Feature record: CXX_FEATURE:1cxx_attribute_deprecated
    Feature record: CXX_FEATURE:1cxx_auto_type
    Feature record: CXX_FEATURE:1cxx_binary_literals
    Feature record: CXX_FEATURE:1cxx_constexpr
    Feature record: CXX_FEATURE:1cxx_contextual_conversions
    Feature record: CXX_FEATURE:1cxx_decltype
    Feature record: CXX_FEATURE:1cxx_decltype_auto
    Feature record: CXX_FEATURE:1cxx_decltype_incomplete_return_types
    Feature record: CXX_FEATURE:1cxx_default_function_template_args
    Feature record: CXX_FEATURE:1cxx_defaulted_functions
    Feature record: CXX_FEATURE:1cxx_defaulted_move_initializers
    Feature record: CXX_FEATURE:1cxx_delegating_constructors
    Feature record: CXX_FEATURE:1cxx_deleted_functions
    Feature record: CXX_FEATURE:1cxx_digit_separators
    Feature record: CXX_FEATURE:1cxx_enum_forward_declarations
    Feature record: CXX_FEATURE:1cxx_explicit_conversions
    Feature record: CXX_FEATURE:1cxx_extended_friend_declarations
    Feature record: CXX_FEATURE:1cxx_extern_templates
    Feature record: CXX_FEATURE:1cxx_final
    Feature record: CXX_FEATURE:1cxx_func_identifier
    Feature record: CXX_FEATURE:1cxx_generalized_initializers
    Feature record: CXX_FEATURE:1cxx_generic_lambdas
    Feature record: CXX_FEATURE:1cxx_inheriting_constructors
    Feature record: CXX_FEATURE:1cxx_inline_namespaces
    Feature record: CXX_FEATURE:1cxx_lambdas
    Feature record: CXX_FEATURE:1cxx_lambda_init_captures
    Feature record: CXX_FEATURE:1cxx_local_type_template_args
    Feature record: CXX_FEATURE:1cxx_long_long_type
    Feature record: CXX_FEATURE:1cxx_noexcept
    Feature record: CXX_FEATURE:1cxx_nonstatic_member_init
    Feature record: CXX_FEATURE:1cxx_nullptr
    Feature record: CXX_FEATURE:1cxx_override
    Feature record: CXX_FEATURE:1cxx_range_for
    Feature record: CXX_FEATURE:1cxx_raw_string_literals
    Feature record: CXX_FEATURE:1cxx_reference_qualified_functions
    Feature record: CXX_FEATURE:0cxx_relaxed_constexpr
    Feature record: CXX_FEATURE:1cxx_return_type_deduction
    Feature record: CXX_FEATURE:1cxx_right_angle_brackets
    Feature record: CXX_FEATURE:1cxx_rvalue_references
    Feature record: CXX_FEATURE:1cxx_sizeof_member
    Feature record: CXX_FEATURE:1cxx_static_assert
    Feature record: CXX_FEATURE:1cxx_strong_enums
    Feature record: CXX_FEATURE:1cxx_template_template_parameters
    Feature record: CXX_FEATURE:1cxx_thread_local
    Feature record: CXX_FEATURE:1cxx_trailing_return_types
    Feature record: CXX_FEATURE:1cxx_unicode_literals
    Feature record: CXX_FEATURE:1cxx_uniform_initialization
    Feature record: CXX_FEATURE:1cxx_unrestricted_unions
    Feature record: CXX_FEATURE:1cxx_user_literals
    Feature record: CXX_FEATURE:0cxx_variable_templates
    Feature record: CXX_FEATURE:1cxx_variadic_macros
    Feature record: CXX_FEATURE:1cxx_variadic_templates


Detecting CXX [-std=c++11] compiler features compiled with the following output:
Change Dir: /Users/sankim/lib_build/libx265-android/x265/build/android/mips/CMakeFiles/CMakeTmp

Run Build Command:"/usr/bin/make" "cmTC_a27cd/fast"
/Applications/Xcode.app/Contents/Developer/usr/bin/make -f CMakeFiles/cmTC_a27cd.dir/build.make CMakeFiles/cmTC_a27cd.dir/build
Building CXX object CMakeFiles/cmTC_a27cd.dir/feature_tests.cxx.o
/Users/sankim/lib_build/ffmpeg-android/android-ndk-r16b/toolchains/mipsel-linux-android-4.9/prebuilt/darwin-x86_64/bin/mipsel-linux-android-g++ --sysroot=/Users/sankim/lib_build/ffmpeg-android/android-ndk-r16b/sysroot   -isystem /Users/sankim/lib_build/ffmpeg-android/android-ndk-r16b/sources/cxx-stl/gnu-libstdc++/4.9/include -isystem /Users/sankim/lib_build/ffmpeg-android/android-ndk-r16b/sources/cxx-stl/gnu-libstdc++/4.9/libs/mips/include -isystem /Users/sankim/lib_build/ffmpeg-android/android-ndk-r16b/sources/cxx-stl/gnu-libstdc++/4.9/include/backward -isystem /Users/sankim/lib_build/ffmpeg-android/android-ndk-r16b/sysroot/usr/include -isystem /Users/sankim/lib_build/ffmpeg-android/android-ndk-r16b/sysroot/usr/include/mipsel-linux-android  -funwind-tables -no-canonical-prefixes -D__ANDROID_API__=26 -fexceptions -frtti  -g -fPIE   -std=c++11 -o CMakeFiles/cmTC_a27cd.dir/feature_tests.cxx.o -c /Users/sankim/lib_build/libx265-android/x265/build/android/mips/CMakeFiles/feature_tests.cxx
Linking CXX executable cmTC_a27cd
/usr/local/Cellar/cmake/3.10.1/bin/cmake -E cmake_link_script CMakeFiles/cmTC_a27cd.dir/link.txt --verbose=1
/Users/sankim/lib_build/ffmpeg-android/android-ndk-r16b/toolchains/mipsel-linux-android-4.9/prebuilt/darwin-x86_64/bin/mipsel-linux-android-g++ --sysroot=/Users/sankim/lib_build/ffmpeg-android/android-ndk-r16b/platforms/android-26/arch-mips  -funwind-tables -no-canonical-prefixes -D__ANDROID_API__=26 -fexceptions -frtti  -g  -fPIE -pie -Wl,--gc-sections -Wl,-z,nocopyreloc  CMakeFiles/cmTC_a27cd.dir/feature_tests.cxx.o  -o cmTC_a27cd  "/Users/sankim/lib_build/ffmpeg-android/android-ndk-r16b/sources/cxx-stl/gnu-libstdc++/4.9/libs/mips/libgnustl_static.a" 


    Feature record: CXX_FEATURE:0cxx_aggregate_default_initializers
    Feature record: CXX_FEATURE:1cxx_alias_templates
    Feature record: CXX_FEATURE:1cxx_alignas
    Feature record: CXX_FEATURE:1cxx_alignof
    Feature record: CXX_FEATURE:1cxx_attributes
    Feature record: CXX_FEATURE:0cxx_attribute_deprecated
    Feature record: CXX_FEATURE:1cxx_auto_type
    Feature record: CXX_FEATURE:0cxx_binary_literals
    Feature record: CXX_FEATURE:1cxx_constexpr
    Feature record: CXX_FEATURE:0cxx_contextual_conversions
    Feature record: CXX_FEATURE:1cxx_decltype
    Feature record: CXX_FEATURE:0cxx_decltype_auto
    Feature record: CXX_FEATURE:1cxx_decltype_incomplete_return_types
    Feature record: CXX_FEATURE:1cxx_default_function_template_args
    Feature record: CXX_FEATURE:1cxx_defaulted_functions
    Feature record: CXX_FEATURE:1cxx_defaulted_move_initializers
    Feature record: CXX_FEATURE:1cxx_delegating_constructors
    Feature record: CXX_FEATURE:1cxx_deleted_functions
    Feature record: CXX_FEATURE:0cxx_digit_separators
    Feature record: CXX_FEATURE:1cxx_enum_forward_declarations
    Feature record: CXX_FEATURE:1cxx_explicit_conversions
    Feature record: CXX_FEATURE:1cxx_extended_friend_declarations
    Feature record: CXX_FEATURE:1cxx_extern_templates
    Feature record: CXX_FEATURE:1cxx_final
    Feature record: CXX_FEATURE:1cxx_func_identifier
    Feature record: CXX_FEATURE:1cxx_generalized_initializers
    Feature record: CXX_FEATURE:0cxx_generic_lambdas
    Feature record: CXX_FEATURE:1cxx_inheriting_constructors
    Feature record: CXX_FEATURE:1cxx_inline_namespaces
    Feature record: CXX_FEATURE:1cxx_lambdas
    Feature record: CXX_FEATURE:0cxx_lambda_init_captures
    Feature record: CXX_FEATURE:1cxx_local_type_template_args
    Feature record: CXX_FEATURE:1cxx_long_long_type
    Feature record: CXX_FEATURE:1cxx_noexcept
    Feature record: CXX_FEATURE:1cxx_nonstatic_member_init
    Feature record: CXX_FEATURE:1cxx_nullptr
    Feature record: CXX_FEATURE:1cxx_override
    Feature record: CXX_FEATURE:1cxx_range_for
    Feature record: CXX_FEATURE:1cxx_raw_string_literals
    Feature record: CXX_FEATURE:1cxx_reference_qualified_functions
    Feature record: CXX_FEATURE:0cxx_relaxed_constexpr
    Feature record: CXX_FEATURE:0cxx_return_type_deduction
    Feature record: CXX_FEATURE:1cxx_right_angle_brackets
    Feature record: CXX_FEATURE:1cxx_rvalue_references
    Feature record: CXX_FEATURE:1cxx_sizeof_member
    Feature record: CXX_FEATURE:1cxx_static_assert
    Feature record: CXX_FEATURE:1cxx_strong_enums
    Feature record: CXX_FEATURE:1cxx_template_template_parameters
    Feature record: CXX_FEATURE:1cxx_thread_local
    Feature record: CXX_FEATURE:1cxx_trailing_return_types
    Feature record: CXX_FEATURE:1cxx_unicode_literals
    Feature record: CXX_FEATURE:1cxx_uniform_initialization
    Feature record: CXX_FEATURE:1cxx_unrestricted_unions
    Feature record: CXX_FEATURE:1cxx_user_literals
    Feature record: CXX_FEATURE:0cxx_variable_templates
    Feature record: CXX_FEATURE:1cxx_variadic_macros
    Feature record: CXX_FEATURE:1cxx_variadic_templates


Detecting CXX [-std=c++98] compiler features compiled with the following output:
Change Dir: /Users/sankim/lib_build/libx265-android/x265/build/android/mips/CMakeFiles/CMakeTmp

Run Build Command:"/usr/bin/make" "cmTC_252a8/fast"
/Applications/Xcode.app/Contents/Developer/usr/bin/make -f CMakeFiles/cmTC_252a8.dir/build.make CMakeFiles/cmTC_252a8.dir/build
Building CXX object CMakeFiles/cmTC_252a8.dir/feature_tests.cxx.o
/Users/sankim/lib_build/ffmpeg-android/android-ndk-r16b/toolchains/mipsel-linux-android-4.9/prebuilt/darwin-x86_64/bin/mipsel-linux-android-g++ --sysroot=/Users/sankim/lib_build/ffmpeg-android/android-ndk-r16b/sysroot   -isystem /Users/sankim/lib_build/ffmpeg-android/android-ndk-r16b/sources/cxx-stl/gnu-libstdc++/4.9/include -isystem /Users/sankim/lib_build/ffmpeg-android/android-ndk-r16b/sources/cxx-stl/gnu-libstdc++/4.9/libs/mips/include -isystem /Users/sankim/lib_build/ffmpeg-android/android-ndk-r16b/sources/cxx-stl/gnu-libstdc++/4.9/include/backward -isystem /Users/sankim/lib_build/ffmpeg-android/android-ndk-r16b/sysroot/usr/include -isystem /Users/sankim/lib_build/ffmpeg-android/android-ndk-r16b/sysroot/usr/include/mipsel-linux-android  -funwind-tables -no-canonical-prefixes -D__ANDROID_API__=26 -fexceptions -frtti  -g -fPIE   -std=c++98 -o CMakeFiles/cmTC_252a8.dir/feature_tests.cxx.o -c /Users/sankim/lib_build/libx265-android/x265/build/android/mips/CMakeFiles/feature_tests.cxx
Linking CXX executable cmTC_252a8
/usr/local/Cellar/cmake/3.10.1/bin/cmake -E cmake_link_script CMakeFiles/cmTC_252a8.dir/link.txt --verbose=1
/Users/sankim/lib_build/ffmpeg-android/android-ndk-r16b/toolchains/mipsel-linux-android-4.9/prebuilt/darwin-x86_64/bin/mipsel-linux-android-g++ --sysroot=/Users/sankim/lib_build/ffmpeg-android/android-ndk-r16b/platforms/android-26/arch-mips  -funwind-tables -no-canonical-prefixes -D__ANDROID_API__=26 -fexceptions -frtti  -g  -fPIE -pie -Wl,--gc-sections -Wl,-z,nocopyreloc  CMakeFiles/cmTC_252a8.dir/feature_tests.cxx.o  -o cmTC_252a8  "/Users/sankim/lib_build/ffmpeg-android/android-ndk-r16b/sources/cxx-stl/gnu-libstdc++/4.9/libs/mips/libgnustl_static.a" 


    Feature record: CXX_FEATURE:0cxx_aggregate_default_initializers
    Feature record: CXX_FEATURE:0cxx_alias_templates
    Feature record: CXX_FEATURE:0cxx_alignas
    Feature record: CXX_FEATURE:0cxx_alignof
    Feature record: CXX_FEATURE:0cxx_attributes
    Feature record: CXX_FEATURE:0cxx_attribute_deprecated
    Feature record: CXX_FEATURE:0cxx_auto_type
    Feature record: CXX_FEATURE:0cxx_binary_literals
    Feature record: CXX_FEATURE:0cxx_constexpr
    Feature record: CXX_FEATURE:0cxx_contextual_conversions
    Feature record: CXX_FEATURE:0cxx_decltype
    Feature record: CXX_FEATURE:0cxx_decltype_auto
    Feature record: CXX_FEATURE:0cxx_decltype_incomplete_return_types
    Feature record: CXX_FEATURE:0cxx_default_function_template_args
    Feature record: CXX_FEATURE:0cxx_defaulted_functions
    Feature record: CXX_FEATURE:0cxx_defaulted_move_initializers
    Feature record: CXX_FEATURE:0cxx_delegating_constructors
    Feature record: CXX_FEATURE:0cxx_deleted_functions
    Feature record: CXX_FEATURE:0cxx_digit_separators
    Feature record: CXX_FEATURE:0cxx_enum_forward_declarations
    Feature record: CXX_FEATURE:0cxx_explicit_conversions
    Feature record: CXX_FEATURE:0cxx_extended_friend_declarations
    Feature record: CXX_FEATURE:0cxx_extern_templates
    Feature record: CXX_FEATURE:0cxx_final
    Feature record: CXX_FEATURE:0cxx_func_identifier
    Feature record: CXX_FEATURE:0cxx_generalized_initializers
    Feature record: CXX_FEATURE:0cxx_generic_lambdas
    Feature record: CXX_FEATURE:0cxx_inheriting_constructors
    Feature record: CXX_FEATURE:0cxx_inline_namespaces
    Feature record: CXX_FEATURE:0cxx_lambdas
    Feature record: CXX_FEATURE:0cxx_lambda_init_captures
    Feature record: CXX_FEATURE:0cxx_local_type_template_args
    Feature record: CXX_FEATURE:0cxx_long_long_type
    Feature record: CXX_FEATURE:0cxx_noexcept
    Feature record: CXX_FEATURE:0cxx_nonstatic_member_init
    Feature record: CXX_FEATURE:0cxx_nullptr
    Feature record: CXX_FEATURE:0cxx_override
    Feature record: CXX_FEATURE:0cxx_range_for
    Feature record: CXX_FEATURE:0cxx_raw_string_literals
    Feature record: CXX_FEATURE:0cxx_reference_qualified_functions
    Feature record: CXX_FEATURE:0cxx_relaxed_constexpr
    Feature record: CXX_FEATURE:0cxx_return_type_deduction
    Feature record: CXX_FEATURE:0cxx_right_angle_brackets
    Feature record: CXX_FEATURE:0cxx_rvalue_references
    Feature record: CXX_FEATURE:0cxx_sizeof_member
    Feature record: CXX_FEATURE:0cxx_static_assert
    Feature record: CXX_FEATURE:0cxx_strong_enums
    Feature record: CXX_FEATURE:1cxx_template_template_parameters
    Feature record: CXX_FEATURE:0cxx_thread_local
    Feature record: CXX_FEATURE:0cxx_trailing_return_types
    Feature record: CXX_FEATURE:0cxx_unicode_literals
    Feature record: CXX_FEATURE:0cxx_uniform_initialization
    Feature record: CXX_FEATURE:0cxx_unrestricted_unions
    Feature record: CXX_FEATURE:0cxx_user_literals
    Feature record: CXX_FEATURE:0cxx_variable_templates
    Feature record: CXX_FEATURE:0cxx_variadic_macros
    Feature record: CXX_FEATURE:0cxx_variadic_templates
Determining if files inttypes.h exist passed with the following output:
Change Dir: /Users/sankim/lib_build/libx265-android/x265/build/android/mips/CMakeFiles/CMakeTmp

Run Build Command:"/usr/bin/make" "cmTC_1e0aa/fast"
/Applications/Xcode.app/Contents/Developer/usr/bin/make -f CMakeFiles/cmTC_1e0aa.dir/build.make CMakeFiles/cmTC_1e0aa.dir/build
Building C object CMakeFiles/cmTC_1e0aa.dir/CheckIncludeFiles.c.o
/Users/sankim/lib_build/ffmpeg-android/android-ndk-r16b/toolchains/mipsel-linux-android-4.9/prebuilt/darwin-x86_64/bin/mipsel-linux-android-gcc --sysroot=/Users/sankim/lib_build/ffmpeg-android/android-ndk-r16b/sysroot  -isystem /Users/sankim/lib_build/ffmpeg-android/android-ndk-r16b/sysroot/usr/include -isystem /Users/sankim/lib_build/ffmpeg-android/android-ndk-r16b/sysroot/usr/include/mipsel-linux-android  -funwind-tables -no-canonical-prefixes -D__ANDROID_API__=26 -fexceptions  -g -fPIE   -o CMakeFiles/cmTC_1e0aa.dir/CheckIncludeFiles.c.o   -c /Users/sankim/lib_build/libx265-android/x265/build/android/mips/CMakeFiles/CMakeTmp/CheckIncludeFiles.c
Linking C executable cmTC_1e0aa
/usr/local/Cellar/cmake/3.10.1/bin/cmake -E cmake_link_script CMakeFiles/cmTC_1e0aa.dir/link.txt --verbose=1
/Users/sankim/lib_build/ffmpeg-android/android-ndk-r16b/toolchains/mipsel-linux-android-4.9/prebuilt/darwin-x86_64/bin/mipsel-linux-android-gcc --sysroot=/Users/sankim/lib_build/ffmpeg-android/android-ndk-r16b/platforms/android-26/arch-mips -funwind-tables -no-canonical-prefixes -D__ANDROID_API__=26 -fexceptions  -g  -fPIE -pie -Wl,--gc-sections -Wl,-z,nocopyreloc  CMakeFiles/cmTC_1e0aa.dir/CheckIncludeFiles.c.o  -o cmTC_1e0aa 


Performing C++ SOURCE FILE Test CC_HAS_NO_STRICT_OVERFLOW succeeded with the following output:
Change Dir: /Users/sankim/lib_build/libx265-android/x265/build/android/mips/CMakeFiles/CMakeTmp

Run Build Command:"/usr/bin/make" "cmTC_30b39/fast"
/Applications/Xcode.app/Contents/Developer/usr/bin/make -f CMakeFiles/cmTC_30b39.dir/build.make CMakeFiles/cmTC_30b39.dir/build
Building CXX object CMakeFiles/cmTC_30b39.dir/src.cxx.o
/Users/sankim/lib_build/ffmpeg-android/android-ndk-r16b/toolchains/mipsel-linux-android-4.9/prebuilt/darwin-x86_64/bin/mipsel-linux-android-g++ --sysroot=/Users/sankim/lib_build/ffmpeg-android/android-ndk-r16b/sysroot   -isystem /Users/sankim/lib_build/ffmpeg-android/android-ndk-r16b/sources/cxx-stl/gnu-libstdc++/4.9/include -isystem /Users/sankim/lib_build/ffmpeg-android/android-ndk-r16b/sources/cxx-stl/gnu-libstdc++/4.9/libs/mips/include -isystem /Users/sankim/lib_build/ffmpeg-android/android-ndk-r16b/sources/cxx-stl/gnu-libstdc++/4.9/include/backward -isystem /Users/sankim/lib_build/ffmpeg-android/android-ndk-r16b/sysroot/usr/include -isystem /Users/sankim/lib_build/ffmpeg-android/android-ndk-r16b/sysroot/usr/include/mipsel-linux-android  -funwind-tables -no-canonical-prefixes -D__ANDROID_API__=26 -fexceptions -frtti -DCC_HAS_NO_STRICT_OVERFLOW -g -fPIE   -Wno-strict-overflow -o CMakeFiles/cmTC_30b39.dir/src.cxx.o -c /Users/sankim/lib_build/libx265-android/x265/build/android/mips/CMakeFiles/CMakeTmp/src.cxx
Linking CXX executable cmTC_30b39
/usr/local/Cellar/cmake/3.10.1/bin/cmake -E cmake_link_script CMakeFiles/cmTC_30b39.dir/link.txt --verbose=1
/Users/sankim/lib_build/ffmpeg-android/android-ndk-r16b/toolchains/mipsel-linux-android-4.9/prebuilt/darwin-x86_64/bin/mipsel-linux-android-g++ --sysroot=/Users/sankim/lib_build/ffmpeg-android/android-ndk-r16b/platforms/android-26/arch-mips  -funwind-tables -no-canonical-prefixes -D__ANDROID_API__=26 -fexceptions -frtti -DCC_HAS_NO_STRICT_OVERFLOW -g  -fPIE -pie -Wl,--gc-sections -Wl,-z,nocopyreloc  CMakeFiles/cmTC_30b39.dir/src.cxx.o  -o cmTC_30b39  "/Users/sankim/lib_build/ffmpeg-android/android-ndk-r16b/sources/cxx-stl/gnu-libstdc++/4.9/libs/mips/libgnustl_static.a" 

Source file was:
int main() { return 0; }
Performing C++ SOURCE FILE Test CC_HAS_NO_NARROWING succeeded with the following output:
Change Dir: /Users/sankim/lib_build/libx265-android/x265/build/android/mips/CMakeFiles/CMakeTmp

Run Build Command:"/usr/bin/make" "cmTC_ad5f5/fast"
/Applications/Xcode.app/Contents/Developer/usr/bin/make -f CMakeFiles/cmTC_ad5f5.dir/build.make CMakeFiles/cmTC_ad5f5.dir/build
Building CXX object CMakeFiles/cmTC_ad5f5.dir/src.cxx.o
/Users/sankim/lib_build/ffmpeg-android/android-ndk-r16b/toolchains/mipsel-linux-android-4.9/prebuilt/darwin-x86_64/bin/mipsel-linux-android-g++ --sysroot=/Users/sankim/lib_build/ffmpeg-android/android-ndk-r16b/sysroot   -isystem /Users/sankim/lib_build/ffmpeg-android/android-ndk-r16b/sources/cxx-stl/gnu-libstdc++/4.9/include -isystem /Users/sankim/lib_build/ffmpeg-android/android-ndk-r16b/sources/cxx-stl/gnu-libstdc++/4.9/libs/mips/include -isystem /Users/sankim/lib_build/ffmpeg-android/android-ndk-r16b/sources/cxx-stl/gnu-libstdc++/4.9/include/backward -isystem /Users/sankim/lib_build/ffmpeg-android/android-ndk-r16b/sysroot/usr/include -isystem /Users/sankim/lib_build/ffmpeg-android/android-ndk-r16b/sysroot/usr/include/mipsel-linux-android  -funwind-tables -no-canonical-prefixes -D__ANDROID_API__=26 -fexceptions -frtti -DCC_HAS_NO_NARROWING -g -fPIE   -Wno-narrowing -o CMakeFiles/cmTC_ad5f5.dir/src.cxx.o -c /Users/sankim/lib_build/libx265-android/x265/build/android/mips/CMakeFiles/CMakeTmp/src.cxx
Linking CXX executable cmTC_ad5f5
/usr/local/Cellar/cmake/3.10.1/bin/cmake -E cmake_link_script CMakeFiles/cmTC_ad5f5.dir/link.txt --verbose=1
/Users/sankim/lib_build/ffmpeg-android/android-ndk-r16b/toolchains/mipsel-linux-android-4.9/prebuilt/darwin-x86_64/bin/mipsel-linux-android-g++ --sysroot=/Users/sankim/lib_build/ffmpeg-android/android-ndk-r16b/platforms/android-26/arch-mips  -funwind-tables -no-canonical-prefixes -D__ANDROID_API__=26 -fexceptions -frtti -DCC_HAS_NO_NARROWING -g  -fPIE -pie -Wl,--gc-sections -Wl,-z,nocopyreloc  CMakeFiles/cmTC_ad5f5.dir/src.cxx.o  -o cmTC_ad5f5  "/Users/sankim/lib_build/ffmpeg-android/android-ndk-r16b/sources/cxx-stl/gnu-libstdc++/4.9/libs/mips/libgnustl_static.a" 

Source file was:
int main() { return 0; }
Performing C++ SOURCE FILE Test CC_HAS_NO_ARRAY_BOUNDS succeeded with the following output:
Change Dir: /Users/sankim/lib_build/libx265-android/x265/build/android/mips/CMakeFiles/CMakeTmp

Run Build Command:"/usr/bin/make" "cmTC_3413f/fast"
/Applications/Xcode.app/Contents/Developer/usr/bin/make -f CMakeFiles/cmTC_3413f.dir/build.make CMakeFiles/cmTC_3413f.dir/build
Building CXX object CMakeFiles/cmTC_3413f.dir/src.cxx.o
/Users/sankim/lib_build/ffmpeg-android/android-ndk-r16b/toolchains/mipsel-linux-android-4.9/prebuilt/darwin-x86_64/bin/mipsel-linux-android-g++ --sysroot=/Users/sankim/lib_build/ffmpeg-android/android-ndk-r16b/sysroot   -isystem /Users/sankim/lib_build/ffmpeg-android/android-ndk-r16b/sources/cxx-stl/gnu-libstdc++/4.9/include -isystem /Users/sankim/lib_build/ffmpeg-android/android-ndk-r16b/sources/cxx-stl/gnu-libstdc++/4.9/libs/mips/include -isystem /Users/sankim/lib_build/ffmpeg-android/android-ndk-r16b/sources/cxx-stl/gnu-libstdc++/4.9/include/backward -isystem /Users/sankim/lib_build/ffmpeg-android/android-ndk-r16b/sysroot/usr/include -isystem /Users/sankim/lib_build/ffmpeg-android/android-ndk-r16b/sysroot/usr/include/mipsel-linux-android  -funwind-tables -no-canonical-prefixes -D__ANDROID_API__=26 -fexceptions -frtti -DCC_HAS_NO_ARRAY_BOUNDS -g -fPIE   -Wno-array-bounds -o CMakeFiles/cmTC_3413f.dir/src.cxx.o -c /Users/sankim/lib_build/libx265-android/x265/build/android/mips/CMakeFiles/CMakeTmp/src.cxx
Linking CXX executable cmTC_3413f
/usr/local/Cellar/cmake/3.10.1/bin/cmake -E cmake_link_script CMakeFiles/cmTC_3413f.dir/link.txt --verbose=1
/Users/sankim/lib_build/ffmpeg-android/android-ndk-r16b/toolchains/mipsel-linux-android-4.9/prebuilt/darwin-x86_64/bin/mipsel-linux-android-g++ --sysroot=/Users/sankim/lib_build/ffmpeg-android/android-ndk-r16b/platforms/android-26/arch-mips  -funwind-tables -no-canonical-prefixes -D__ANDROID_API__=26 -fexceptions -frtti -DCC_HAS_NO_ARRAY_BOUNDS -g  -fPIE -pie -Wl,--gc-sections -Wl,-z,nocopyreloc  CMakeFiles/cmTC_3413f.dir/src.cxx.o  -o cmTC_3413f  "/Users/sankim/lib_build/ffmpeg-android/android-ndk-r16b/sources/cxx-stl/gnu-libstdc++/4.9/libs/mips/libgnustl_static.a" 

Source file was:
int main() { return 0; }
Performing C++ SOURCE FILE Test CC_HAS_FAST_MATH succeeded with the following output:
Change Dir: /Users/sankim/lib_build/libx265-android/x265/build/android/mips/CMakeFiles/CMakeTmp

Run Build Command:"/usr/bin/make" "cmTC_9e081/fast"
/Applications/Xcode.app/Contents/Developer/usr/bin/make -f CMakeFiles/cmTC_9e081.dir/build.make CMakeFiles/cmTC_9e081.dir/build
Building CXX object CMakeFiles/cmTC_9e081.dir/src.cxx.o
/Users/sankim/lib_build/ffmpeg-android/android-ndk-r16b/toolchains/mipsel-linux-android-4.9/prebuilt/darwin-x86_64/bin/mipsel-linux-android-g++ --sysroot=/Users/sankim/lib_build/ffmpeg-android/android-ndk-r16b/sysroot   -isystem /Users/sankim/lib_build/ffmpeg-android/android-ndk-r16b/sources/cxx-stl/gnu-libstdc++/4.9/include -isystem /Users/sankim/lib_build/ffmpeg-android/android-ndk-r16b/sources/cxx-stl/gnu-libstdc++/4.9/libs/mips/include -isystem /Users/sankim/lib_build/ffmpeg-android/android-ndk-r16b/sources/cxx-stl/gnu-libstdc++/4.9/include/backward -isystem /Users/sankim/lib_build/ffmpeg-android/android-ndk-r16b/sysroot/usr/include -isystem /Users/sankim/lib_build/ffmpeg-android/android-ndk-r16b/sysroot/usr/include/mipsel-linux-android  -funwind-tables -no-canonical-prefixes -D__ANDROID_API__=26 -fexceptions -frtti -DCC_HAS_FAST_MATH -g -fPIE   -ffast-math -o CMakeFiles/cmTC_9e081.dir/src.cxx.o -c /Users/sankim/lib_build/libx265-android/x265/build/android/mips/CMakeFiles/CMakeTmp/src.cxx
Linking CXX executable cmTC_9e081
/usr/local/Cellar/cmake/3.10.1/bin/cmake -E cmake_link_script CMakeFiles/cmTC_9e081.dir/link.txt --verbose=1
/Users/sankim/lib_build/ffmpeg-android/android-ndk-r16b/toolchains/mipsel-linux-android-4.9/prebuilt/darwin-x86_64/bin/mipsel-linux-android-g++ --sysroot=/Users/sankim/lib_build/ffmpeg-android/android-ndk-r16b/platforms/android-26/arch-mips  -funwind-tables -no-canonical-prefixes -D__ANDROID_API__=26 -fexceptions -frtti -DCC_HAS_FAST_MATH -g  -fPIE -pie -Wl,--gc-sections -Wl,-z,nocopyreloc  CMakeFiles/cmTC_9e081.dir/src.cxx.o  -o cmTC_9e081  "/Users/sankim/lib_build/ffmpeg-android/android-ndk-r16b/sources/cxx-stl/gnu-libstdc++/4.9/libs/mips/libgnustl_static.a" 

Source file was:
int main() { return 0; }
Performing C++ SOURCE FILE Test CC_HAS_FNO_EXCEPTIONS_FLAG succeeded with the following output:
Change Dir: /Users/sankim/lib_build/libx265-android/x265/build/android/mips/CMakeFiles/CMakeTmp

Run Build Command:"/usr/bin/make" "cmTC_2e316/fast"
/Applications/Xcode.app/Contents/Developer/usr/bin/make -f CMakeFiles/cmTC_2e316.dir/build.make CMakeFiles/cmTC_2e316.dir/build
Building CXX object CMakeFiles/cmTC_2e316.dir/src.cxx.o
/Users/sankim/lib_build/ffmpeg-android/android-ndk-r16b/toolchains/mipsel-linux-android-4.9/prebuilt/darwin-x86_64/bin/mipsel-linux-android-g++ --sysroot=/Users/sankim/lib_build/ffmpeg-android/android-ndk-r16b/sysroot   -isystem /Users/sankim/lib_build/ffmpeg-android/android-ndk-r16b/sources/cxx-stl/gnu-libstdc++/4.9/include -isystem /Users/sankim/lib_build/ffmpeg-android/android-ndk-r16b/sources/cxx-stl/gnu-libstdc++/4.9/libs/mips/include -isystem /Users/sankim/lib_build/ffmpeg-android/android-ndk-r16b/sources/cxx-stl/gnu-libstdc++/4.9/include/backward -isystem /Users/sankim/lib_build/ffmpeg-android/android-ndk-r16b/sysroot/usr/include -isystem /Users/sankim/lib_build/ffmpeg-android/android-ndk-r16b/sysroot/usr/include/mipsel-linux-android  -funwind-tables -no-canonical-prefixes -D__ANDROID_API__=26 -fexceptions -frtti -DCC_HAS_FNO_EXCEPTIONS_FLAG -g -fPIE   -fno-exceptions -o CMakeFiles/cmTC_2e316.dir/src.cxx.o -c /Users/sankim/lib_build/libx265-android/x265/build/android/mips/CMakeFiles/CMakeTmp/src.cxx
Linking CXX executable cmTC_2e316
/usr/local/Cellar/cmake/3.10.1/bin/cmake -E cmake_link_script CMakeFiles/cmTC_2e316.dir/link.txt --verbose=1
/Users/sankim/lib_build/ffmpeg-android/android-ndk-r16b/toolchains/mipsel-linux-android-4.9/prebuilt/darwin-x86_64/bin/mipsel-linux-android-g++ --sysroot=/Users/sankim/lib_build/ffmpeg-android/android-ndk-r16b/platforms/android-26/arch-mips  -funwind-tables -no-canonical-prefixes -D__ANDROID_API__=26 -fexceptions -frtti -DCC_HAS_FNO_EXCEPTIONS_FLAG -g  -fPIE -pie -Wl,--gc-sections -Wl,-z,nocopyreloc  CMakeFiles/cmTC_2e316.dir/src.cxx.o  -o cmTC_2e316  "/Users/sankim/lib_build/ffmpeg-android/android-ndk-r16b/sources/cxx-stl/gnu-libstdc++/4.9/libs/mips/libgnustl_static.a" 

Source file was:
int main() { return 0; }
Determining if the strtok_r exist passed with the following output:
Change Dir: /Users/sankim/lib_build/libx265-android/x265/build/android/mips/CMakeFiles/CMakeTmp

Run Build Command:"/usr/bin/make" "cmTC_777c7/fast"
/Applications/Xcode.app/Contents/Developer/usr/bin/make -f CMakeFiles/cmTC_777c7.dir/build.make CMakeFiles/cmTC_777c7.dir/build
Building C object CMakeFiles/cmTC_777c7.dir/CheckSymbolExists.c.o
/Users/sankim/lib_build/ffmpeg-android/android-ndk-r16b/toolchains/mipsel-linux-android-4.9/prebuilt/darwin-x86_64/bin/mipsel-linux-android-gcc --sysroot=/Users/sankim/lib_build/ffmpeg-android/android-ndk-r16b/sysroot  -isystem /Users/sankim/lib_build/ffmpeg-android/android-ndk-r16b/sysroot/usr/include -isystem /Users/sankim/lib_build/ffmpeg-android/android-ndk-r16b/sysroot/usr/include/mipsel-linux-android  -funwind-tables -no-canonical-prefixes -D__ANDROID_API__=26 -fexceptions  -g -fPIE   -o CMakeFiles/cmTC_777c7.dir/CheckSymbolExists.c.o   -c /Users/sankim/lib_build/libx265-android/x265/build/android/mips/CMakeFiles/CMakeTmp/CheckSymbolExists.c
Linking C executable cmTC_777c7
/usr/local/Cellar/cmake/3.10.1/bin/cmake -E cmake_link_script CMakeFiles/cmTC_777c7.dir/link.txt --verbose=1
/Users/sankim/lib_build/ffmpeg-android/android-ndk-r16b/toolchains/mipsel-linux-android-4.9/prebuilt/darwin-x86_64/bin/mipsel-linux-android-gcc --sysroot=/Users/sankim/lib_build/ffmpeg-android/android-ndk-r16b/platforms/android-26/arch-mips -funwind-tables -no-canonical-prefixes -D__ANDROID_API__=26 -fexceptions  -g  -fPIE -pie -Wl,--gc-sections -Wl,-z,nocopyreloc  CMakeFiles/cmTC_777c7.dir/CheckSymbolExists.c.o  -o cmTC_777c7 

File /Users/sankim/lib_build/libx265-android/x265/build/android/mips/CMakeFiles/CMakeTmp/CheckSymbolExists.c:
/* */
#include <string.h>

int main(int argc, char** argv)
{
  (void)argv;
#ifndef strtok_r
  return ((int*)(&strtok_r))[argc];
#else
  (void)argc;
  return 0;
#endif
}

Determining if files getopt.h exist passed with the following output:
Change Dir: /Users/sankim/lib_build/libx265-android/x265/build/android/mips/CMakeFiles/CMakeTmp

Run Build Command:"/usr/bin/make" "cmTC_0d925/fast"
/Applications/Xcode.app/Contents/Developer/usr/bin/make -f CMakeFiles/cmTC_0d925.dir/build.make CMakeFiles/cmTC_0d925.dir/build
Building C object CMakeFiles/cmTC_0d925.dir/CheckIncludeFiles.c.o
/Users/sankim/lib_build/ffmpeg-android/android-ndk-r16b/toolchains/mipsel-linux-android-4.9/prebuilt/darwin-x86_64/bin/mipsel-linux-android-gcc --sysroot=/Users/sankim/lib_build/ffmpeg-android/android-ndk-r16b/sysroot  -isystem /Users/sankim/lib_build/ffmpeg-android/android-ndk-r16b/sysroot/usr/include -isystem /Users/sankim/lib_build/ffmpeg-android/android-ndk-r16b/sysroot/usr/include/mipsel-linux-android  -funwind-tables -no-canonical-prefixes -D__ANDROID_API__=26 -fexceptions  -g -fPIE   -o CMakeFiles/cmTC_0d925.dir/CheckIncludeFiles.c.o   -c /Users/sankim/lib_build/libx265-android/x265/build/android/mips/CMakeFiles/CMakeTmp/CheckIncludeFiles.c
Linking C executable cmTC_0d925
/usr/local/Cellar/cmake/3.10.1/bin/cmake -E cmake_link_script CMakeFiles/cmTC_0d925.dir/link.txt --verbose=1
/Users/sankim/lib_build/ffmpeg-android/android-ndk-r16b/toolchains/mipsel-linux-android-4.9/prebuilt/darwin-x86_64/bin/mipsel-linux-android-gcc --sysroot=/Users/sankim/lib_build/ffmpeg-android/android-ndk-r16b/platforms/android-26/arch-mips -funwind-tables -no-canonical-prefixes -D__ANDROID_API__=26 -fexceptions  -g  -fPIE -pie -Wl,--gc-sections -Wl,-z,nocopyreloc  CMakeFiles/cmTC_0d925.dir/CheckIncludeFiles.c.o  -o cmTC_0d925 


