The target system is: Android - 26 - i686
The host system is: Darwin - 18.0.0 - x86_64
Compiling the C compiler identification source file "CMakeCCompilerId.c" succeeded.
Compiler: /Users/sankim/lib_build/ffmpeg-android/android-ndk-r16b/toolchains/x86-4.9/prebuilt/darwin-x86_64/bin/i686-linux-android-gcc 
Build flags: 
Id flags: -c 

The output was:
0


Compilation of the C compiler identification source "CMakeCCompilerId.c" produced "CMakeCCompilerId.o"

The C compiler identification is GNU, found in "/Users/sankim/lib_build/libx265-android/x265/build/android/x86/CMakeFiles/3.10.1/CompilerIdC/CMakeCCompilerId.o"

Compiling the CXX compiler identification source file "CMakeCXXCompilerId.cpp" succeeded.
Compiler: /Users/sankim/lib_build/ffmpeg-android/android-ndk-r16b/toolchains/x86-4.9/prebuilt/darwin-x86_64/bin/i686-linux-android-g++ 
Build flags: 
Id flags: -c 

The output was:
0


Compilation of the CXX compiler identification source "CMakeCXXCompilerId.cpp" produced "CMakeCXXCompilerId.o"

The CXX compiler identification is GNU, found in "/Users/sankim/lib_build/libx265-android/x265/build/android/x86/CMakeFiles/3.10.1/CompilerIdCXX/CMakeCXXCompilerId.o"

Determining if the C compiler works passed with the following output:
Change Dir: /Users/sankim/lib_build/libx265-android/x265/build/android/x86/CMakeFiles/CMakeTmp

Run Build Command:"/usr/bin/make" "cmTC_0586d/fast"
/Applications/Xcode.app/Contents/Developer/usr/bin/make -f CMakeFiles/cmTC_0586d.dir/build.make CMakeFiles/cmTC_0586d.dir/build
Building C object CMakeFiles/cmTC_0586d.dir/testCCompiler.c.o
/Users/sankim/lib_build/ffmpeg-android/android-ndk-r16b/toolchains/x86-4.9/prebuilt/darwin-x86_64/bin/i686-linux-android-gcc --sysroot=/Users/sankim/lib_build/ffmpeg-android/android-ndk-r16b/sysroot  -isystem /Users/sankim/lib_build/ffmpeg-android/android-ndk-r16b/sysroot/usr/include -isystem /Users/sankim/lib_build/ffmpeg-android/android-ndk-r16b/sysroot/usr/include/i686-linux-android  -funwind-tables -no-canonical-prefixes -D__ANDROID_API__=26 -fexceptions  -g -fPIE   -o CMakeFiles/cmTC_0586d.dir/testCCompiler.c.o   -c /Users/sankim/lib_build/libx265-android/x265/build/android/x86/CMakeFiles/CMakeTmp/testCCompiler.c
Linking C executable cmTC_0586d
/usr/local/Cellar/cmake/3.10.1/bin/cmake -E cmake_link_script CMakeFiles/cmTC_0586d.dir/link.txt --verbose=1
/Users/sankim/lib_build/ffmpeg-android/android-ndk-r16b/toolchains/x86-4.9/prebuilt/darwin-x86_64/bin/i686-linux-android-gcc --sysroot=/Users/sankim/lib_build/ffmpeg-android/android-ndk-r16b/platforms/android-26/arch-x86 -funwind-tables -no-canonical-prefixes -D__ANDROID_API__=26 -fexceptions  -g  -fPIE -pie -Wl,--gc-sections -Wl,-z,nocopyreloc  CMakeFiles/cmTC_0586d.dir/testCCompiler.c.o  -o cmTC_0586d 


Detecting C compiler ABI info compiled with the following output:
Change Dir: /Users/sankim/lib_build/libx265-android/x265/build/android/x86/CMakeFiles/CMakeTmp

Run Build Command:"/usr/bin/make" "cmTC_3faa3/fast"
/Applications/Xcode.app/Contents/Developer/usr/bin/make -f CMakeFiles/cmTC_3faa3.dir/build.make CMakeFiles/cmTC_3faa3.dir/build
Building C object CMakeFiles/cmTC_3faa3.dir/CMakeCCompilerABI.c.o
/Users/sankim/lib_build/ffmpeg-android/android-ndk-r16b/toolchains/x86-4.9/prebuilt/darwin-x86_64/bin/i686-linux-android-gcc --sysroot=/Users/sankim/lib_build/ffmpeg-android/android-ndk-r16b/sysroot  -isystem /Users/sankim/lib_build/ffmpeg-android/android-ndk-r16b/sysroot/usr/include -isystem /Users/sankim/lib_build/ffmpeg-android/android-ndk-r16b/sysroot/usr/include/i686-linux-android  -funwind-tables -no-canonical-prefixes -D__ANDROID_API__=26 -fexceptions  -g -fPIE   -o CMakeFiles/cmTC_3faa3.dir/CMakeCCompilerABI.c.o   -c /usr/local/Cellar/cmake/3.10.1/share/cmake/Modules/CMakeCCompilerABI.c
Linking C executable cmTC_3faa3
/usr/local/Cellar/cmake/3.10.1/bin/cmake -E cmake_link_script CMakeFiles/cmTC_3faa3.dir/link.txt --verbose=1
/Users/sankim/lib_build/ffmpeg-android/android-ndk-r16b/toolchains/x86-4.9/prebuilt/darwin-x86_64/bin/i686-linux-android-gcc --sysroot=/Users/sankim/lib_build/ffmpeg-android/android-ndk-r16b/platforms/android-26/arch-x86 -funwind-tables -no-canonical-prefixes -D__ANDROID_API__=26 -fexceptions  -g  -fPIE -pie -Wl,--gc-sections -Wl,-z,nocopyreloc -v CMakeFiles/cmTC_3faa3.dir/CMakeCCompilerABI.c.o  -o cmTC_3faa3 
Using built-in specs.
COLLECT_GCC=/Users/sankim/lib_build/ffmpeg-android/android-ndk-r16b/toolchains/x86-4.9/prebuilt/darwin-x86_64/bin/i686-linux-android-gcc
COLLECT_LTO_WRAPPER=/Users/sankim/lib_build/ffmpeg-android/android-ndk-r16b/toolchains/x86-4.9/prebuilt/darwin-x86_64/bin/../libexec/gcc/i686-linux-android/4.9.x/lto-wrapper
Target: i686-linux-android
Configured with: /Volumes/Android/buildbot/src/android/gcc/toolchain/build/../gcc/gcc-4.9/configure --prefix=/tmp/f421836e511e63ff64f43553a850bb2b --target=i686-linux-android --host=x86_64-apple-darwin --build=x86_64-apple-darwin --with-gnu-as --with-gnu-ld --enable-languages=c,c++ --with-gmp=/buildbot/tmp/build/toolchain/temp-install --with-mpfr=/buildbot/tmp/build/toolchain/temp-install --with-mpc=/buildbot/tmp/build/toolchain/temp-install --with-cloog=/buildbot/tmp/build/toolchain/temp-install --with-isl=/buildbot/tmp/build/toolchain/temp-install --with-ppl=/buildbot/tmp/build/toolchain/temp-install --disable-ppl-version-check --disable-cloog-version-check --disable-isl-version-check --enable-cloog-backend=isl --with-host-libstdcxx='-static-libgcc -lstdc++ -lm' --disable-libssp --enable-threads --disable-nls --disable-libmudflap --disable-libgomp --disable-libstdc__-v3 --disable-sjlj-exceptions --disable-shared --disable-tls --disable-libitm --with-arch=i686 --with-tune=intel --with-fpmath=sse --enable-bionic-libs --enable-libatomic-ifuncs=no --enable-initfini-array --disable-nls --prefix=/tmp/f421836e511e63ff64f43553a850bb2b --with-sysroot=/tmp/f421836e511e63ff64f43553a850bb2b/sysroot --with-binutils-version=2.27 --with-mpfr-version=3.1.1 --with-mpc-version=1.0.1 --with-gmp-version=5.0.5 --with-gcc-version=4.9 --with-gdb-version=none --with-gxx-include-dir=/tmp/f421836e511e63ff64f43553a850bb2b/include/c++/4.9.x --with-bugurl=http://source.android.com/source/report-bugs.html --enable-languages=c,c++ --disable-bootstrap --enable-plugins --enable-libgomp --enable-gnu-indirect-function --disable-libcilkrts --disable-libsanitizer --enable-gold --enable-threads --enable-eh-frame-hdr-for-static --enable-graphite=yes --with-isl-version=0.11.1 --with-cloog-version=0.18.0 --program-transform-name='s&^&i686-linux-android-&' --enable-gold=default
Thread model: posix
gcc version 4.9.x 20150123 (prerelease) (GCC) 
COMPILER_PATH=/Users/sankim/lib_build/ffmpeg-android/android-ndk-r16b/toolchains/x86-4.9/prebuilt/darwin-x86_64/bin/../libexec/gcc/i686-linux-android/4.9.x/:/Users/sankim/lib_build/ffmpeg-android/android-ndk-r16b/toolchains/x86-4.9/prebuilt/darwin-x86_64/bin/../libexec/gcc/:/Users/sankim/lib_build/ffmpeg-android/android-ndk-r16b/toolchains/x86-4.9/prebuilt/darwin-x86_64/bin/../lib/gcc/i686-linux-android/4.9.x/../../../../i686-linux-android/bin/
LIBRARY_PATH=/Users/sankim/lib_build/ffmpeg-android/android-ndk-r16b/toolchains/x86-4.9/prebuilt/darwin-x86_64/bin/../lib/gcc/i686-linux-android/4.9.x/:/Users/sankim/lib_build/ffmpeg-android/android-ndk-r16b/toolchains/x86-4.9/prebuilt/darwin-x86_64/bin/../lib/gcc/:/Users/sankim/lib_build/ffmpeg-android/android-ndk-r16b/toolchains/x86-4.9/prebuilt/darwin-x86_64/bin/../lib/gcc/i686-linux-android/4.9.x/../../../../i686-linux-android/lib/:/Users/sankim/lib_build/ffmpeg-android/android-ndk-r16b/platforms/android-26/arch-x86/usr/lib/
COLLECT_GCC_OPTIONS='-funwind-tables' '-D' '__ANDROID_API__=26' '-fexceptions' '-g' '-fPIE' '-pie' '-v' '-o' 'cmTC_3faa3' '-mtune=intel' '-march=i686'
 /Users/sankim/lib_build/ffmpeg-android/android-ndk-r16b/toolchains/x86-4.9/prebuilt/darwin-x86_64/bin/../libexec/gcc/i686-linux-android/4.9.x/collect2 -plugin /Users/sankim/lib_build/ffmpeg-android/android-ndk-r16b/toolchains/x86-4.9/prebuilt/darwin-x86_64/bin/../libexec/gcc/i686-linux-android/4.9.x/liblto_plugin.so -plugin-opt=/Users/sankim/lib_build/ffmpeg-android/android-ndk-r16b/toolchains/x86-4.9/prebuilt/darwin-x86_64/bin/../libexec/gcc/i686-linux-android/4.9.x/lto-wrapper -plugin-opt=-fresolution=/var/folders/cl/yl7tt_gs76s8t1d8kb3bm03m0000gn/T//ccWQBXIB.res -plugin-opt=-pass-through=-lgcc -plugin-opt=-pass-through=-lc -plugin-opt=-pass-through=-ldl -plugin-opt=-pass-through=-lgcc --sysroot=/Users/sankim/lib_build/ffmpeg-android/android-ndk-r16b/platforms/android-26/arch-x86 --eh-frame-hdr -m elf_i386 -dynamic-linker /system/bin/linker -z noexecstack -z relro -z now -pie -o cmTC_3faa3 /Users/sankim/lib_build/ffmpeg-android/android-ndk-r16b/platforms/android-26/arch-x86/usr/lib/crtbegin_dynamic.o -L/Users/sankim/lib_build/ffmpeg-android/android-ndk-r16b/toolchains/x86-4.9/prebuilt/darwin-x86_64/bin/../lib/gcc/i686-linux-android/4.9.x -L/Users/sankim/lib_build/ffmpeg-android/android-ndk-r16b/toolchains/x86-4.9/prebuilt/darwin-x86_64/bin/../lib/gcc -L/Users/sankim/lib_build/ffmpeg-android/android-ndk-r16b/toolchains/x86-4.9/prebuilt/darwin-x86_64/bin/../lib/gcc/i686-linux-android/4.9.x/../../../../i686-linux-android/lib -L/Users/sankim/lib_build/ffmpeg-android/android-ndk-r16b/platforms/android-26/arch-x86/usr/lib --gc-sections -z nocopyreloc CMakeFiles/cmTC_3faa3.dir/CMakeCCompilerABI.c.o -lgcc -lc -ldl -lgcc /Users/sankim/lib_build/ffmpeg-android/android-ndk-r16b/platforms/android-26/arch-x86/usr/lib/crtend_android.o


Parsed C implicit link information from above output:
  link line regex: [^( *|.*[/\])(i686-linux-android-ld|CMAKE_LINK_STARTFILE-NOTFOUND|([^/\]+-)?ld|collect2)[^/\]*( |$)]
  ignore line: [Change Dir: /Users/sankim/lib_build/libx265-android/x265/build/android/x86/CMakeFiles/CMakeTmp]
  ignore line: []
  ignore line: [Run Build Command:"/usr/bin/make" "cmTC_3faa3/fast"]
  ignore line: [/Applications/Xcode.app/Contents/Developer/usr/bin/make -f CMakeFiles/cmTC_3faa3.dir/build.make CMakeFiles/cmTC_3faa3.dir/build]
  ignore line: [Building C object CMakeFiles/cmTC_3faa3.dir/CMakeCCompilerABI.c.o]
  ignore line: [/Users/sankim/lib_build/ffmpeg-android/android-ndk-r16b/toolchains/x86-4.9/prebuilt/darwin-x86_64/bin/i686-linux-android-gcc --sysroot=/Users/sankim/lib_build/ffmpeg-android/android-ndk-r16b/sysroot  -isystem /Users/sankim/lib_build/ffmpeg-android/android-ndk-r16b/sysroot/usr/include -isystem /Users/sankim/lib_build/ffmpeg-android/android-ndk-r16b/sysroot/usr/include/i686-linux-android  -funwind-tables -no-canonical-prefixes -D__ANDROID_API__=26 -fexceptions  -g -fPIE   -o CMakeFiles/cmTC_3faa3.dir/CMakeCCompilerABI.c.o   -c /usr/local/Cellar/cmake/3.10.1/share/cmake/Modules/CMakeCCompilerABI.c]
  ignore line: [Linking C executable cmTC_3faa3]
  ignore line: [/usr/local/Cellar/cmake/3.10.1/bin/cmake -E cmake_link_script CMakeFiles/cmTC_3faa3.dir/link.txt --verbose=1]
  ignore line: [/Users/sankim/lib_build/ffmpeg-android/android-ndk-r16b/toolchains/x86-4.9/prebuilt/darwin-x86_64/bin/i686-linux-android-gcc --sysroot=/Users/sankim/lib_build/ffmpeg-android/android-ndk-r16b/platforms/android-26/arch-x86 -funwind-tables -no-canonical-prefixes -D__ANDROID_API__=26 -fexceptions  -g  -fPIE -pie -Wl,--gc-sections -Wl,-z,nocopyreloc -v CMakeFiles/cmTC_3faa3.dir/CMakeCCompilerABI.c.o  -o cmTC_3faa3 ]
  ignore line: [Using built-in specs.]
  ignore line: [COLLECT_GCC=/Users/sankim/lib_build/ffmpeg-android/android-ndk-r16b/toolchains/x86-4.9/prebuilt/darwin-x86_64/bin/i686-linux-android-gcc]
  ignore line: [COLLECT_LTO_WRAPPER=/Users/sankim/lib_build/ffmpeg-android/android-ndk-r16b/toolchains/x86-4.9/prebuilt/darwin-x86_64/bin/../libexec/gcc/i686-linux-android/4.9.x/lto-wrapper]
  ignore line: [Target: i686-linux-android]
  ignore line: [Configured with: /Volumes/Android/buildbot/src/android/gcc/toolchain/build/../gcc/gcc-4.9/configure --prefix=/tmp/f421836e511e63ff64f43553a850bb2b --target=i686-linux-android --host=x86_64-apple-darwin --build=x86_64-apple-darwin --with-gnu-as --with-gnu-ld --enable-languages=c,c++ --with-gmp=/buildbot/tmp/build/toolchain/temp-install --with-mpfr=/buildbot/tmp/build/toolchain/temp-install --with-mpc=/buildbot/tmp/build/toolchain/temp-install --with-cloog=/buildbot/tmp/build/toolchain/temp-install --with-isl=/buildbot/tmp/build/toolchain/temp-install --with-ppl=/buildbot/tmp/build/toolchain/temp-install --disable-ppl-version-check --disable-cloog-version-check --disable-isl-version-check --enable-cloog-backend=isl --with-host-libstdcxx='-static-libgcc -lstdc++ -lm' --disable-libssp --enable-threads --disable-nls --disable-libmudflap --disable-libgomp --disable-libstdc__-v3 --disable-sjlj-exceptions --disable-shared --disable-tls --disable-libitm --with-arch=i686 --with-tune=intel --with-fpmath=sse --enable-bionic-libs --enable-libatomic-ifuncs=no --enable-initfini-array --disable-nls --prefix=/tmp/f421836e511e63ff64f43553a850bb2b --with-sysroot=/tmp/f421836e511e63ff64f43553a850bb2b/sysroot --with-binutils-version=2.27 --with-mpfr-version=3.1.1 --with-mpc-version=1.0.1 --with-gmp-version=5.0.5 --with-gcc-version=4.9 --with-gdb-version=none --with-gxx-include-dir=/tmp/f421836e511e63ff64f43553a850bb2b/include/c++/4.9.x --with-bugurl=http://source.android.com/source/report-bugs.html --enable-languages=c,c++ --disable-bootstrap --enable-plugins --enable-libgomp --enable-gnu-indirect-function --disable-libcilkrts --disable-libsanitizer --enable-gold --enable-threads --enable-eh-frame-hdr-for-static --enable-graphite=yes --with-isl-version=0.11.1 --with-cloog-version=0.18.0 --program-transform-name='s&^&i686-linux-android-&' --enable-gold=default]
  ignore line: [Thread model: posix]
  ignore line: [gcc version 4.9.x 20150123 (prerelease) (GCC) ]
  ignore line: [COMPILER_PATH=/Users/sankim/lib_build/ffmpeg-android/android-ndk-r16b/toolchains/x86-4.9/prebuilt/darwin-x86_64/bin/../libexec/gcc/i686-linux-android/4.9.x/:/Users/sankim/lib_build/ffmpeg-android/android-ndk-r16b/toolchains/x86-4.9/prebuilt/darwin-x86_64/bin/../libexec/gcc/:/Users/sankim/lib_build/ffmpeg-android/android-ndk-r16b/toolchains/x86-4.9/prebuilt/darwin-x86_64/bin/../lib/gcc/i686-linux-android/4.9.x/../../../../i686-linux-android/bin/]
  ignore line: [LIBRARY_PATH=/Users/sankim/lib_build/ffmpeg-android/android-ndk-r16b/toolchains/x86-4.9/prebuilt/darwin-x86_64/bin/../lib/gcc/i686-linux-android/4.9.x/:/Users/sankim/lib_build/ffmpeg-android/android-ndk-r16b/toolchains/x86-4.9/prebuilt/darwin-x86_64/bin/../lib/gcc/:/Users/sankim/lib_build/ffmpeg-android/android-ndk-r16b/toolchains/x86-4.9/prebuilt/darwin-x86_64/bin/../lib/gcc/i686-linux-android/4.9.x/../../../../i686-linux-android/lib/:/Users/sankim/lib_build/ffmpeg-android/android-ndk-r16b/platforms/android-26/arch-x86/usr/lib/]
  ignore line: [COLLECT_GCC_OPTIONS='-funwind-tables' '-D' '__ANDROID_API__=26' '-fexceptions' '-g' '-fPIE' '-pie' '-v' '-o' 'cmTC_3faa3' '-mtune=intel' '-march=i686']
  link line: [ /Users/sankim/lib_build/ffmpeg-android/android-ndk-r16b/toolchains/x86-4.9/prebuilt/darwin-x86_64/bin/../libexec/gcc/i686-linux-android/4.9.x/collect2 -plugin /Users/sankim/lib_build/ffmpeg-android/android-ndk-r16b/toolchains/x86-4.9/prebuilt/darwin-x86_64/bin/../libexec/gcc/i686-linux-android/4.9.x/liblto_plugin.so -plugin-opt=/Users/sankim/lib_build/ffmpeg-android/android-ndk-r16b/toolchains/x86-4.9/prebuilt/darwin-x86_64/bin/../libexec/gcc/i686-linux-android/4.9.x/lto-wrapper -plugin-opt=-fresolution=/var/folders/cl/yl7tt_gs76s8t1d8kb3bm03m0000gn/T//ccWQBXIB.res -plugin-opt=-pass-through=-lgcc -plugin-opt=-pass-through=-lc -plugin-opt=-pass-through=-ldl -plugin-opt=-pass-through=-lgcc --sysroot=/Users/sankim/lib_build/ffmpeg-android/android-ndk-r16b/platforms/android-26/arch-x86 --eh-frame-hdr -m elf_i386 -dynamic-linker /system/bin/linker -z noexecstack -z relro -z now -pie -o cmTC_3faa3 /Users/sankim/lib_build/ffmpeg-android/android-ndk-r16b/platforms/android-26/arch-x86/usr/lib/crtbegin_dynamic.o -L/Users/sankim/lib_build/ffmpeg-android/android-ndk-r16b/toolchains/x86-4.9/prebuilt/darwin-x86_64/bin/../lib/gcc/i686-linux-android/4.9.x -L/Users/sankim/lib_build/ffmpeg-android/android-ndk-r16b/toolchains/x86-4.9/prebuilt/darwin-x86_64/bin/../lib/gcc -L/Users/sankim/lib_build/ffmpeg-android/android-ndk-r16b/toolchains/x86-4.9/prebuilt/darwin-x86_64/bin/../lib/gcc/i686-linux-android/4.9.x/../../../../i686-linux-android/lib -L/Users/sankim/lib_build/ffmpeg-android/android-ndk-r16b/platforms/android-26/arch-x86/usr/lib --gc-sections -z nocopyreloc CMakeFiles/cmTC_3faa3.dir/CMakeCCompilerABI.c.o -lgcc -lc -ldl -lgcc /Users/sankim/lib_build/ffmpeg-android/android-ndk-r16b/platforms/android-26/arch-x86/usr/lib/crtend_android.o]
    arg [/Users/sankim/lib_build/ffmpeg-android/android-ndk-r16b/toolchains/x86-4.9/prebuilt/darwin-x86_64/bin/../libexec/gcc/i686-linux-android/4.9.x/collect2] ==> ignore
    arg [-plugin] ==> ignore
    arg [/Users/sankim/lib_build/ffmpeg-android/android-ndk-r16b/toolchains/x86-4.9/prebuilt/darwin-x86_64/bin/../libexec/gcc/i686-linux-android/4.9.x/liblto_plugin.so] ==> ignore
    arg [-plugin-opt=/Users/sankim/lib_build/ffmpeg-android/android-ndk-r16b/toolchains/x86-4.9/prebuilt/darwin-x86_64/bin/../libexec/gcc/i686-linux-android/4.9.x/lto-wrapper] ==> ignore
    arg [-plugin-opt=-fresolution=/var/folders/cl/yl7tt_gs76s8t1d8kb3bm03m0000gn/T//ccWQBXIB.res] ==> ignore
    arg [-plugin-opt=-pass-through=-lgcc] ==> ignore
    arg [-plugin-opt=-pass-through=-lc] ==> ignore
    arg [-plugin-opt=-pass-through=-ldl] ==> ignore
    arg [-plugin-opt=-pass-through=-lgcc] ==> ignore
    arg [--sysroot=/Users/sankim/lib_build/ffmpeg-android/android-ndk-r16b/platforms/android-26/arch-x86] ==> ignore
    arg [--eh-frame-hdr] ==> ignore
    arg [-m] ==> ignore
    arg [elf_i386] ==> ignore
    arg [-dynamic-linker] ==> ignore
    arg [/system/bin/linker] ==> ignore
    arg [-znoexecstack] ==> ignore
    arg [-zrelro] ==> ignore
    arg [-znow] ==> ignore
    arg [-pie] ==> ignore
    arg [-o] ==> ignore
    arg [cmTC_3faa3] ==> ignore
    arg [/Users/sankim/lib_build/ffmpeg-android/android-ndk-r16b/platforms/android-26/arch-x86/usr/lib/crtbegin_dynamic.o] ==> ignore
    arg [-L/Users/sankim/lib_build/ffmpeg-android/android-ndk-r16b/toolchains/x86-4.9/prebuilt/darwin-x86_64/bin/../lib/gcc/i686-linux-android/4.9.x] ==> dir [/Users/sankim/lib_build/ffmpeg-android/android-ndk-r16b/toolchains/x86-4.9/prebuilt/darwin-x86_64/bin/../lib/gcc/i686-linux-android/4.9.x]
    arg [-L/Users/sankim/lib_build/ffmpeg-android/android-ndk-r16b/toolchains/x86-4.9/prebuilt/darwin-x86_64/bin/../lib/gcc] ==> dir [/Users/sankim/lib_build/ffmpeg-android/android-ndk-r16b/toolchains/x86-4.9/prebuilt/darwin-x86_64/bin/../lib/gcc]
    arg [-L/Users/sankim/lib_build/ffmpeg-android/android-ndk-r16b/toolchains/x86-4.9/prebuilt/darwin-x86_64/bin/../lib/gcc/i686-linux-android/4.9.x/../../../../i686-linux-android/lib] ==> dir [/Users/sankim/lib_build/ffmpeg-android/android-ndk-r16b/toolchains/x86-4.9/prebuilt/darwin-x86_64/bin/../lib/gcc/i686-linux-android/4.9.x/../../../../i686-linux-android/lib]
    arg [-L/Users/sankim/lib_build/ffmpeg-android/android-ndk-r16b/platforms/android-26/arch-x86/usr/lib] ==> dir [/Users/sankim/lib_build/ffmpeg-android/android-ndk-r16b/platforms/android-26/arch-x86/usr/lib]
    arg [--gc-sections] ==> ignore
    arg [-znocopyreloc] ==> ignore
    arg [CMakeFiles/cmTC_3faa3.dir/CMakeCCompilerABI.c.o] ==> ignore
    arg [-lgcc] ==> lib [gcc]
    arg [-lc] ==> lib [c]
    arg [-ldl] ==> lib [dl]
    arg [-lgcc] ==> lib [gcc]
    arg [/Users/sankim/lib_build/ffmpeg-android/android-ndk-r16b/platforms/android-26/arch-x86/usr/lib/crtend_android.o] ==> ignore
  collapse library dir [/Users/sankim/lib_build/ffmpeg-android/android-ndk-r16b/toolchains/x86-4.9/prebuilt/darwin-x86_64/bin/../lib/gcc/i686-linux-android/4.9.x] ==> [/Users/sankim/lib_build/ffmpeg-android/android-ndk-r16b/toolchains/x86-4.9/prebuilt/darwin-x86_64/lib/gcc/i686-linux-android/4.9.x]
  collapse library dir [/Users/sankim/lib_build/ffmpeg-android/android-ndk-r16b/toolchains/x86-4.9/prebuilt/darwin-x86_64/bin/../lib/gcc] ==> [/Users/sankim/lib_build/ffmpeg-android/android-ndk-r16b/toolchains/x86-4.9/prebuilt/darwin-x86_64/lib/gcc]
  collapse library dir [/Users/sankim/lib_build/ffmpeg-android/android-ndk-r16b/toolchains/x86-4.9/prebuilt/darwin-x86_64/bin/../lib/gcc/i686-linux-android/4.9.x/../../../../i686-linux-android/lib] ==> [/Users/sankim/lib_build/ffmpeg-android/android-ndk-r16b/toolchains/x86-4.9/prebuilt/darwin-x86_64/i686-linux-android/lib]
  collapse library dir [/Users/sankim/lib_build/ffmpeg-android/android-ndk-r16b/platforms/android-26/arch-x86/usr/lib] ==> [/Users/sankim/lib_build/ffmpeg-android/android-ndk-r16b/platforms/android-26/arch-x86/usr/lib]
  implicit libs: [gcc;c;dl;gcc]
  implicit dirs: [/Users/sankim/lib_build/ffmpeg-android/android-ndk-r16b/toolchains/x86-4.9/prebuilt/darwin-x86_64/lib/gcc/i686-linux-android/4.9.x;/Users/sankim/lib_build/ffmpeg-android/android-ndk-r16b/toolchains/x86-4.9/prebuilt/darwin-x86_64/lib/gcc;/Users/sankim/lib_build/ffmpeg-android/android-ndk-r16b/toolchains/x86-4.9/prebuilt/darwin-x86_64/i686-linux-android/lib;/Users/sankim/lib_build/ffmpeg-android/android-ndk-r16b/platforms/android-26/arch-x86/usr/lib]
  implicit fwks: []




Detecting C [-std=c11] compiler features compiled with the following output:
Change Dir: /Users/sankim/lib_build/libx265-android/x265/build/android/x86/CMakeFiles/CMakeTmp

Run Build Command:"/usr/bin/make" "cmTC_30871/fast"
/Applications/Xcode.app/Contents/Developer/usr/bin/make -f CMakeFiles/cmTC_30871.dir/build.make CMakeFiles/cmTC_30871.dir/build
Building C object CMakeFiles/cmTC_30871.dir/feature_tests.c.o
/Users/sankim/lib_build/ffmpeg-android/android-ndk-r16b/toolchains/x86-4.9/prebuilt/darwin-x86_64/bin/i686-linux-android-gcc --sysroot=/Users/sankim/lib_build/ffmpeg-android/android-ndk-r16b/sysroot  -isystem /Users/sankim/lib_build/ffmpeg-android/android-ndk-r16b/sysroot/usr/include -isystem /Users/sankim/lib_build/ffmpeg-android/android-ndk-r16b/sysroot/usr/include/i686-linux-android  -funwind-tables -no-canonical-prefixes -D__ANDROID_API__=26 -fexceptions  -g -fPIE   -std=c11 -o CMakeFiles/cmTC_30871.dir/feature_tests.c.o   -c /Users/sankim/lib_build/libx265-android/x265/build/android/x86/CMakeFiles/feature_tests.c
Linking C executable cmTC_30871
/usr/local/Cellar/cmake/3.10.1/bin/cmake -E cmake_link_script CMakeFiles/cmTC_30871.dir/link.txt --verbose=1
/Users/sankim/lib_build/ffmpeg-android/android-ndk-r16b/toolchains/x86-4.9/prebuilt/darwin-x86_64/bin/i686-linux-android-gcc --sysroot=/Users/sankim/lib_build/ffmpeg-android/android-ndk-r16b/platforms/android-26/arch-x86 -funwind-tables -no-canonical-prefixes -D__ANDROID_API__=26 -fexceptions  -g  -fPIE -pie -Wl,--gc-sections -Wl,-z,nocopyreloc  CMakeFiles/cmTC_30871.dir/feature_tests.c.o  -o cmTC_30871 


    Feature record: C_FEATURE:1c_function_prototypes
    Feature record: C_FEATURE:1c_restrict
    Feature record: C_FEATURE:1c_static_assert
    Feature record: C_FEATURE:1c_variadic_macros


Detecting C [-std=c99] compiler features compiled with the following output:
Change Dir: /Users/sankim/lib_build/libx265-android/x265/build/android/x86/CMakeFiles/CMakeTmp

Run Build Command:"/usr/bin/make" "cmTC_3407f/fast"
/Applications/Xcode.app/Contents/Developer/usr/bin/make -f CMakeFiles/cmTC_3407f.dir/build.make CMakeFiles/cmTC_3407f.dir/build
Building C object CMakeFiles/cmTC_3407f.dir/feature_tests.c.o
/Users/sankim/lib_build/ffmpeg-android/android-ndk-r16b/toolchains/x86-4.9/prebuilt/darwin-x86_64/bin/i686-linux-android-gcc --sysroot=/Users/sankim/lib_build/ffmpeg-android/android-ndk-r16b/sysroot  -isystem /Users/sankim/lib_build/ffmpeg-android/android-ndk-r16b/sysroot/usr/include -isystem /Users/sankim/lib_build/ffmpeg-android/android-ndk-r16b/sysroot/usr/include/i686-linux-android  -funwind-tables -no-canonical-prefixes -D__ANDROID_API__=26 -fexceptions  -g -fPIE   -std=c99 -o CMakeFiles/cmTC_3407f.dir/feature_tests.c.o   -c /Users/sankim/lib_build/libx265-android/x265/build/android/x86/CMakeFiles/feature_tests.c
Linking C executable cmTC_3407f
/usr/local/Cellar/cmake/3.10.1/bin/cmake -E cmake_link_script CMakeFiles/cmTC_3407f.dir/link.txt --verbose=1
/Users/sankim/lib_build/ffmpeg-android/android-ndk-r16b/toolchains/x86-4.9/prebuilt/darwin-x86_64/bin/i686-linux-android-gcc --sysroot=/Users/sankim/lib_build/ffmpeg-android/android-ndk-r16b/platforms/android-26/arch-x86 -funwind-tables -no-canonical-prefixes -D__ANDROID_API__=26 -fexceptions  -g  -fPIE -pie -Wl,--gc-sections -Wl,-z,nocopyreloc  CMakeFiles/cmTC_3407f.dir/feature_tests.c.o  -o cmTC_3407f 


    Feature record: C_FEATURE:1c_function_prototypes
    Feature record: C_FEATURE:1c_restrict
    Feature record: C_FEATURE:0c_static_assert
    Feature record: C_FEATURE:1c_variadic_macros


Detecting C [-std=c90] compiler features compiled with the following output:
Change Dir: /Users/sankim/lib_build/libx265-android/x265/build/android/x86/CMakeFiles/CMakeTmp

Run Build Command:"/usr/bin/make" "cmTC_a7c18/fast"
/Applications/Xcode.app/Contents/Developer/usr/bin/make -f CMakeFiles/cmTC_a7c18.dir/build.make CMakeFiles/cmTC_a7c18.dir/build
Building C object CMakeFiles/cmTC_a7c18.dir/feature_tests.c.o
/Users/sankim/lib_build/ffmpeg-android/android-ndk-r16b/toolchains/x86-4.9/prebuilt/darwin-x86_64/bin/i686-linux-android-gcc --sysroot=/Users/sankim/lib_build/ffmpeg-android/android-ndk-r16b/sysroot  -isystem /Users/sankim/lib_build/ffmpeg-android/android-ndk-r16b/sysroot/usr/include -isystem /Users/sankim/lib_build/ffmpeg-android/android-ndk-r16b/sysroot/usr/include/i686-linux-android  -funwind-tables -no-canonical-prefixes -D__ANDROID_API__=26 -fexceptions  -g -fPIE   -std=c90 -o CMakeFiles/cmTC_a7c18.dir/feature_tests.c.o   -c /Users/sankim/lib_build/libx265-android/x265/build/android/x86/CMakeFiles/feature_tests.c
Linking C executable cmTC_a7c18
/usr/local/Cellar/cmake/3.10.1/bin/cmake -E cmake_link_script CMakeFiles/cmTC_a7c18.dir/link.txt --verbose=1
/Users/sankim/lib_build/ffmpeg-android/android-ndk-r16b/toolchains/x86-4.9/prebuilt/darwin-x86_64/bin/i686-linux-android-gcc --sysroot=/Users/sankim/lib_build/ffmpeg-android/android-ndk-r16b/platforms/android-26/arch-x86 -funwind-tables -no-canonical-prefixes -D__ANDROID_API__=26 -fexceptions  -g  -fPIE -pie -Wl,--gc-sections -Wl,-z,nocopyreloc  CMakeFiles/cmTC_a7c18.dir/feature_tests.c.o  -o cmTC_a7c18 


    Feature record: C_FEATURE:1c_function_prototypes
    Feature record: C_FEATURE:0c_restrict
    Feature record: C_FEATURE:0c_static_assert
    Feature record: C_FEATURE:0c_variadic_macros
Determining if the CXX compiler works passed with the following output:
Change Dir: /Users/sankim/lib_build/libx265-android/x265/build/android/x86/CMakeFiles/CMakeTmp

Run Build Command:"/usr/bin/make" "cmTC_ed923/fast"
/Applications/Xcode.app/Contents/Developer/usr/bin/make -f CMakeFiles/cmTC_ed923.dir/build.make CMakeFiles/cmTC_ed923.dir/build
Building CXX object CMakeFiles/cmTC_ed923.dir/testCXXCompiler.cxx.o
/Users/sankim/lib_build/ffmpeg-android/android-ndk-r16b/toolchains/x86-4.9/prebuilt/darwin-x86_64/bin/i686-linux-android-g++ --sysroot=/Users/sankim/lib_build/ffmpeg-android/android-ndk-r16b/sysroot   -isystem /Users/sankim/lib_build/ffmpeg-android/android-ndk-r16b/sources/cxx-stl/gnu-libstdc++/4.9/include -isystem /Users/sankim/lib_build/ffmpeg-android/android-ndk-r16b/sources/cxx-stl/gnu-libstdc++/4.9/libs/x86/include -isystem /Users/sankim/lib_build/ffmpeg-android/android-ndk-r16b/sources/cxx-stl/gnu-libstdc++/4.9/include/backward -isystem /Users/sankim/lib_build/ffmpeg-android/android-ndk-r16b/sysroot/usr/include -isystem /Users/sankim/lib_build/ffmpeg-android/android-ndk-r16b/sysroot/usr/include/i686-linux-android  -funwind-tables -no-canonical-prefixes -D__ANDROID_API__=26 -fexceptions -frtti  -g -fPIE   -o CMakeFiles/cmTC_ed923.dir/testCXXCompiler.cxx.o -c /Users/sankim/lib_build/libx265-android/x265/build/android/x86/CMakeFiles/CMakeTmp/testCXXCompiler.cxx
Linking CXX executable cmTC_ed923
/usr/local/Cellar/cmake/3.10.1/bin/cmake -E cmake_link_script CMakeFiles/cmTC_ed923.dir/link.txt --verbose=1
/Users/sankim/lib_build/ffmpeg-android/android-ndk-r16b/toolchains/x86-4.9/prebuilt/darwin-x86_64/bin/i686-linux-android-g++ --sysroot=/Users/sankim/lib_build/ffmpeg-android/android-ndk-r16b/platforms/android-26/arch-x86  -funwind-tables -no-canonical-prefixes -D__ANDROID_API__=26 -fexceptions -frtti  -g  -fPIE -pie -Wl,--gc-sections -Wl,-z,nocopyreloc  CMakeFiles/cmTC_ed923.dir/testCXXCompiler.cxx.o  -o cmTC_ed923  "/Users/sankim/lib_build/ffmpeg-android/android-ndk-r16b/sources/cxx-stl/gnu-libstdc++/4.9/libs/x86/libgnustl_static.a" 


Detecting CXX compiler ABI info compiled with the following output:
Change Dir: /Users/sankim/lib_build/libx265-android/x265/build/android/x86/CMakeFiles/CMakeTmp

Run Build Command:"/usr/bin/make" "cmTC_4f473/fast"
/Applications/Xcode.app/Contents/Developer/usr/bin/make -f CMakeFiles/cmTC_4f473.dir/build.make CMakeFiles/cmTC_4f473.dir/build
Building CXX object CMakeFiles/cmTC_4f473.dir/CMakeCXXCompilerABI.cpp.o
/Users/sankim/lib_build/ffmpeg-android/android-ndk-r16b/toolchains/x86-4.9/prebuilt/darwin-x86_64/bin/i686-linux-android-g++ --sysroot=/Users/sankim/lib_build/ffmpeg-android/android-ndk-r16b/sysroot   -isystem /Users/sankim/lib_build/ffmpeg-android/android-ndk-r16b/sources/cxx-stl/gnu-libstdc++/4.9/include -isystem /Users/sankim/lib_build/ffmpeg-android/android-ndk-r16b/sources/cxx-stl/gnu-libstdc++/4.9/libs/x86/include -isystem /Users/sankim/lib_build/ffmpeg-android/android-ndk-r16b/sources/cxx-stl/gnu-libstdc++/4.9/include/backward -isystem /Users/sankim/lib_build/ffmpeg-android/android-ndk-r16b/sysroot/usr/include -isystem /Users/sankim/lib_build/ffmpeg-android/android-ndk-r16b/sysroot/usr/include/i686-linux-android  -funwind-tables -no-canonical-prefixes -D__ANDROID_API__=26 -fexceptions -frtti  -g -fPIE   -o CMakeFiles/cmTC_4f473.dir/CMakeCXXCompilerABI.cpp.o -c /usr/local/Cellar/cmake/3.10.1/share/cmake/Modules/CMakeCXXCompilerABI.cpp
Linking CXX executable cmTC_4f473
/usr/local/Cellar/cmake/3.10.1/bin/cmake -E cmake_link_script CMakeFiles/cmTC_4f473.dir/link.txt --verbose=1
/Users/sankim/lib_build/ffmpeg-android/android-ndk-r16b/toolchains/x86-4.9/prebuilt/darwin-x86_64/bin/i686-linux-android-g++ --sysroot=/Users/sankim/lib_build/ffmpeg-android/android-ndk-r16b/platforms/android-26/arch-x86  -funwind-tables -no-canonical-prefixes -D__ANDROID_API__=26 -fexceptions -frtti  -g  -fPIE -pie -Wl,--gc-sections -Wl,-z,nocopyreloc -v CMakeFiles/cmTC_4f473.dir/CMakeCXXCompilerABI.cpp.o  -o cmTC_4f473  "/Users/sankim/lib_build/ffmpeg-android/android-ndk-r16b/sources/cxx-stl/gnu-libstdc++/4.9/libs/x86/libgnustl_static.a" 
Using built-in specs.
COLLECT_GCC=/Users/sankim/lib_build/ffmpeg-android/android-ndk-r16b/toolchains/x86-4.9/prebuilt/darwin-x86_64/bin/i686-linux-android-g++
COLLECT_LTO_WRAPPER=/Users/sankim/lib_build/ffmpeg-android/android-ndk-r16b/toolchains/x86-4.9/prebuilt/darwin-x86_64/bin/../libexec/gcc/i686-linux-android/4.9.x/lto-wrapper
Target: i686-linux-android
Configured with: /Volumes/Android/buildbot/src/android/gcc/toolchain/build/../gcc/gcc-4.9/configure --prefix=/tmp/f421836e511e63ff64f43553a850bb2b --target=i686-linux-android --host=x86_64-apple-darwin --build=x86_64-apple-darwin --with-gnu-as --with-gnu-ld --enable-languages=c,c++ --with-gmp=/buildbot/tmp/build/toolchain/temp-install --with-mpfr=/buildbot/tmp/build/toolchain/temp-install --with-mpc=/buildbot/tmp/build/toolchain/temp-install --with-cloog=/buildbot/tmp/build/toolchain/temp-install --with-isl=/buildbot/tmp/build/toolchain/temp-install --with-ppl=/buildbot/tmp/build/toolchain/temp-install --disable-ppl-version-check --disable-cloog-version-check --disable-isl-version-check --enable-cloog-backend=isl --with-host-libstdcxx='-static-libgcc -lstdc++ -lm' --disable-libssp --enable-threads --disable-nls --disable-libmudflap --disable-libgomp --disable-libstdc__-v3 --disable-sjlj-exceptions --disable-shared --disable-tls --disable-libitm --with-arch=i686 --with-tune=intel --with-fpmath=sse --enable-bionic-libs --enable-libatomic-ifuncs=no --enable-initfini-array --disable-nls --prefix=/tmp/f421836e511e63ff64f43553a850bb2b --with-sysroot=/tmp/f421836e511e63ff64f43553a850bb2b/sysroot --with-binutils-version=2.27 --with-mpfr-version=3.1.1 --with-mpc-version=1.0.1 --with-gmp-version=5.0.5 --with-gcc-version=4.9 --with-gdb-version=none --with-gxx-include-dir=/tmp/f421836e511e63ff64f43553a850bb2b/include/c++/4.9.x --with-bugurl=http://source.android.com/source/report-bugs.html --enable-languages=c,c++ --disable-bootstrap --enable-plugins --enable-libgomp --enable-gnu-indirect-function --disable-libcilkrts --disable-libsanitizer --enable-gold --enable-threads --enable-eh-frame-hdr-for-static --enable-graphite=yes --with-isl-version=0.11.1 --with-cloog-version=0.18.0 --program-transform-name='s&^&i686-linux-android-&' --enable-gold=default
Thread model: posix
gcc version 4.9.x 20150123 (prerelease) (GCC) 
COMPILER_PATH=/Users/sankim/lib_build/ffmpeg-android/android-ndk-r16b/toolchains/x86-4.9/prebuilt/darwin-x86_64/bin/../libexec/gcc/i686-linux-android/4.9.x/:/Users/sankim/lib_build/ffmpeg-android/android-ndk-r16b/toolchains/x86-4.9/prebuilt/darwin-x86_64/bin/../libexec/gcc/:/Users/sankim/lib_build/ffmpeg-android/android-ndk-r16b/toolchains/x86-4.9/prebuilt/darwin-x86_64/bin/../lib/gcc/i686-linux-android/4.9.x/../../../../i686-linux-android/bin/
LIBRARY_PATH=/Users/sankim/lib_build/ffmpeg-android/android-ndk-r16b/toolchains/x86-4.9/prebuilt/darwin-x86_64/bin/../lib/gcc/i686-linux-android/4.9.x/:/Users/sankim/lib_build/ffmpeg-android/android-ndk-r16b/toolchains/x86-4.9/prebuilt/darwin-x86_64/bin/../lib/gcc/:/Users/sankim/lib_build/ffmpeg-android/android-ndk-r16b/toolchains/x86-4.9/prebuilt/darwin-x86_64/bin/../lib/gcc/i686-linux-android/4.9.x/../../../../i686-linux-android/lib/:/Users/sankim/lib_build/ffmpeg-android/android-ndk-r16b/platforms/android-26/arch-x86/usr/lib/
COLLECT_GCC_OPTIONS='-funwind-tables' '-D' '__ANDROID_API__=26' '-fexceptions' '-frtti' '-g' '-fPIE' '-pie' '-v' '-o' 'cmTC_4f473' '-mtune=intel' '-march=i686'
 /Users/sankim/lib_build/ffmpeg-android/android-ndk-r16b/toolchains/x86-4.9/prebuilt/darwin-x86_64/bin/../libexec/gcc/i686-linux-android/4.9.x/collect2 -plugin /Users/sankim/lib_build/ffmpeg-android/android-ndk-r16b/toolchains/x86-4.9/prebuilt/darwin-x86_64/bin/../libexec/gcc/i686-linux-android/4.9.x/liblto_plugin.so -plugin-opt=/Users/sankim/lib_build/ffmpeg-android/android-ndk-r16b/toolchains/x86-4.9/prebuilt/darwin-x86_64/bin/../libexec/gcc/i686-linux-android/4.9.x/lto-wrapper -plugin-opt=-fresolution=/var/folders/cl/yl7tt_gs76s8t1d8kb3bm03m0000gn/T//cc6Qe2Lx.res -plugin-opt=-pass-through=-lgcc -plugin-opt=-pass-through=-lc -plugin-opt=-pass-through=-ldl -plugin-opt=-pass-through=-lgcc --sysroot=/Users/sankim/lib_build/ffmpeg-android/android-ndk-r16b/platforms/android-26/arch-x86 --eh-frame-hdr -m elf_i386 -dynamic-linker /system/bin/linker -z noexecstack -z relro -z now -pie -o cmTC_4f473 /Users/sankim/lib_build/ffmpeg-android/android-ndk-r16b/platforms/android-26/arch-x86/usr/lib/crtbegin_dynamic.o -L/Users/sankim/lib_build/ffmpeg-android/android-ndk-r16b/toolchains/x86-4.9/prebuilt/darwin-x86_64/bin/../lib/gcc/i686-linux-android/4.9.x -L/Users/sankim/lib_build/ffmpeg-android/android-ndk-r16b/toolchains/x86-4.9/prebuilt/darwin-x86_64/bin/../lib/gcc -L/Users/sankim/lib_build/ffmpeg-android/android-ndk-r16b/toolchains/x86-4.9/prebuilt/darwin-x86_64/bin/../lib/gcc/i686-linux-android/4.9.x/../../../../i686-linux-android/lib -L/Users/sankim/lib_build/ffmpeg-android/android-ndk-r16b/platforms/android-26/arch-x86/usr/lib --gc-sections -z nocopyreloc CMakeFiles/cmTC_4f473.dir/CMakeCXXCompilerABI.cpp.o /Users/sankim/lib_build/ffmpeg-android/android-ndk-r16b/sources/cxx-stl/gnu-libstdc++/4.9/libs/x86/libgnustl_static.a -lstdc++ -lm -lgcc -lc -ldl -lgcc /Users/sankim/lib_build/ffmpeg-android/android-ndk-r16b/platforms/android-26/arch-x86/usr/lib/crtend_android.o


Parsed CXX implicit link information from above output:
  link line regex: [^( *|.*[/\])(i686-linux-android-ld|CMAKE_LINK_STARTFILE-NOTFOUND|([^/\]+-)?ld|collect2)[^/\]*( |$)]
  ignore line: [Change Dir: /Users/sankim/lib_build/libx265-android/x265/build/android/x86/CMakeFiles/CMakeTmp]
  ignore line: []
  ignore line: [Run Build Command:"/usr/bin/make" "cmTC_4f473/fast"]
  ignore line: [/Applications/Xcode.app/Contents/Developer/usr/bin/make -f CMakeFiles/cmTC_4f473.dir/build.make CMakeFiles/cmTC_4f473.dir/build]
  ignore line: [Building CXX object CMakeFiles/cmTC_4f473.dir/CMakeCXXCompilerABI.cpp.o]
  ignore line: [/Users/sankim/lib_build/ffmpeg-android/android-ndk-r16b/toolchains/x86-4.9/prebuilt/darwin-x86_64/bin/i686-linux-android-g++ --sysroot=/Users/sankim/lib_build/ffmpeg-android/android-ndk-r16b/sysroot   -isystem /Users/sankim/lib_build/ffmpeg-android/android-ndk-r16b/sources/cxx-stl/gnu-libstdc++/4.9/include -isystem /Users/sankim/lib_build/ffmpeg-android/android-ndk-r16b/sources/cxx-stl/gnu-libstdc++/4.9/libs/x86/include -isystem /Users/sankim/lib_build/ffmpeg-android/android-ndk-r16b/sources/cxx-stl/gnu-libstdc++/4.9/include/backward -isystem /Users/sankim/lib_build/ffmpeg-android/android-ndk-r16b/sysroot/usr/include -isystem /Users/sankim/lib_build/ffmpeg-android/android-ndk-r16b/sysroot/usr/include/i686-linux-android  -funwind-tables -no-canonical-prefixes -D__ANDROID_API__=26 -fexceptions -frtti  -g -fPIE   -o CMakeFiles/cmTC_4f473.dir/CMakeCXXCompilerABI.cpp.o -c /usr/local/Cellar/cmake/3.10.1/share/cmake/Modules/CMakeCXXCompilerABI.cpp]
  ignore line: [Linking CXX executable cmTC_4f473]
  ignore line: [/usr/local/Cellar/cmake/3.10.1/bin/cmake -E cmake_link_script CMakeFiles/cmTC_4f473.dir/link.txt --verbose=1]
  ignore line: [/Users/sankim/lib_build/ffmpeg-android/android-ndk-r16b/toolchains/x86-4.9/prebuilt/darwin-x86_64/bin/i686-linux-android-g++ --sysroot=/Users/sankim/lib_build/ffmpeg-android/android-ndk-r16b/platforms/android-26/arch-x86  -funwind-tables -no-canonical-prefixes -D__ANDROID_API__=26 -fexceptions -frtti  -g  -fPIE -pie -Wl,--gc-sections -Wl,-z,nocopyreloc -v CMakeFiles/cmTC_4f473.dir/CMakeCXXCompilerABI.cpp.o  -o cmTC_4f473  "/Users/sankim/lib_build/ffmpeg-android/android-ndk-r16b/sources/cxx-stl/gnu-libstdc++/4.9/libs/x86/libgnustl_static.a" ]
  ignore line: [Using built-in specs.]
  ignore line: [COLLECT_GCC=/Users/sankim/lib_build/ffmpeg-android/android-ndk-r16b/toolchains/x86-4.9/prebuilt/darwin-x86_64/bin/i686-linux-android-g++]
  ignore line: [COLLECT_LTO_WRAPPER=/Users/sankim/lib_build/ffmpeg-android/android-ndk-r16b/toolchains/x86-4.9/prebuilt/darwin-x86_64/bin/../libexec/gcc/i686-linux-android/4.9.x/lto-wrapper]
  ignore line: [Target: i686-linux-android]
  ignore line: [Configured with: /Volumes/Android/buildbot/src/android/gcc/toolchain/build/../gcc/gcc-4.9/configure --prefix=/tmp/f421836e511e63ff64f43553a850bb2b --target=i686-linux-android --host=x86_64-apple-darwin --build=x86_64-apple-darwin --with-gnu-as --with-gnu-ld --enable-languages=c,c++ --with-gmp=/buildbot/tmp/build/toolchain/temp-install --with-mpfr=/buildbot/tmp/build/toolchain/temp-install --with-mpc=/buildbot/tmp/build/toolchain/temp-install --with-cloog=/buildbot/tmp/build/toolchain/temp-install --with-isl=/buildbot/tmp/build/toolchain/temp-install --with-ppl=/buildbot/tmp/build/toolchain/temp-install --disable-ppl-version-check --disable-cloog-version-check --disable-isl-version-check --enable-cloog-backend=isl --with-host-libstdcxx='-static-libgcc -lstdc++ -lm' --disable-libssp --enable-threads --disable-nls --disable-libmudflap --disable-libgomp --disable-libstdc__-v3 --disable-sjlj-exceptions --disable-shared --disable-tls --disable-libitm --with-arch=i686 --with-tune=intel --with-fpmath=sse --enable-bionic-libs --enable-libatomic-ifuncs=no --enable-initfini-array --disable-nls --prefix=/tmp/f421836e511e63ff64f43553a850bb2b --with-sysroot=/tmp/f421836e511e63ff64f43553a850bb2b/sysroot --with-binutils-version=2.27 --with-mpfr-version=3.1.1 --with-mpc-version=1.0.1 --with-gmp-version=5.0.5 --with-gcc-version=4.9 --with-gdb-version=none --with-gxx-include-dir=/tmp/f421836e511e63ff64f43553a850bb2b/include/c++/4.9.x --with-bugurl=http://source.android.com/source/report-bugs.html --enable-languages=c,c++ --disable-bootstrap --enable-plugins --enable-libgomp --enable-gnu-indirect-function --disable-libcilkrts --disable-libsanitizer --enable-gold --enable-threads --enable-eh-frame-hdr-for-static --enable-graphite=yes --with-isl-version=0.11.1 --with-cloog-version=0.18.0 --program-transform-name='s&^&i686-linux-android-&' --enable-gold=default]
  ignore line: [Thread model: posix]
  ignore line: [gcc version 4.9.x 20150123 (prerelease) (GCC) ]
  ignore line: [COMPILER_PATH=/Users/sankim/lib_build/ffmpeg-android/android-ndk-r16b/toolchains/x86-4.9/prebuilt/darwin-x86_64/bin/../libexec/gcc/i686-linux-android/4.9.x/:/Users/sankim/lib_build/ffmpeg-android/android-ndk-r16b/toolchains/x86-4.9/prebuilt/darwin-x86_64/bin/../libexec/gcc/:/Users/sankim/lib_build/ffmpeg-android/android-ndk-r16b/toolchains/x86-4.9/prebuilt/darwin-x86_64/bin/../lib/gcc/i686-linux-android/4.9.x/../../../../i686-linux-android/bin/]
  ignore line: [LIBRARY_PATH=/Users/sankim/lib_build/ffmpeg-android/android-ndk-r16b/toolchains/x86-4.9/prebuilt/darwin-x86_64/bin/../lib/gcc/i686-linux-android/4.9.x/:/Users/sankim/lib_build/ffmpeg-android/android-ndk-r16b/toolchains/x86-4.9/prebuilt/darwin-x86_64/bin/../lib/gcc/:/Users/sankim/lib_build/ffmpeg-android/android-ndk-r16b/toolchains/x86-4.9/prebuilt/darwin-x86_64/bin/../lib/gcc/i686-linux-android/4.9.x/../../../../i686-linux-android/lib/:/Users/sankim/lib_build/ffmpeg-android/android-ndk-r16b/platforms/android-26/arch-x86/usr/lib/]
  ignore line: [COLLECT_GCC_OPTIONS='-funwind-tables' '-D' '__ANDROID_API__=26' '-fexceptions' '-frtti' '-g' '-fPIE' '-pie' '-v' '-o' 'cmTC_4f473' '-mtune=intel' '-march=i686']
  link line: [ /Users/sankim/lib_build/ffmpeg-android/android-ndk-r16b/toolchains/x86-4.9/prebuilt/darwin-x86_64/bin/../libexec/gcc/i686-linux-android/4.9.x/collect2 -plugin /Users/sankim/lib_build/ffmpeg-android/android-ndk-r16b/toolchains/x86-4.9/prebuilt/darwin-x86_64/bin/../libexec/gcc/i686-linux-android/4.9.x/liblto_plugin.so -plugin-opt=/Users/sankim/lib_build/ffmpeg-android/android-ndk-r16b/toolchains/x86-4.9/prebuilt/darwin-x86_64/bin/../libexec/gcc/i686-linux-android/4.9.x/lto-wrapper -plugin-opt=-fresolution=/var/folders/cl/yl7tt_gs76s8t1d8kb3bm03m0000gn/T//cc6Qe2Lx.res -plugin-opt=-pass-through=-lgcc -plugin-opt=-pass-through=-lc -plugin-opt=-pass-through=-ldl -plugin-opt=-pass-through=-lgcc --sysroot=/Users/sankim/lib_build/ffmpeg-android/android-ndk-r16b/platforms/android-26/arch-x86 --eh-frame-hdr -m elf_i386 -dynamic-linker /system/bin/linker -z noexecstack -z relro -z now -pie -o cmTC_4f473 /Users/sankim/lib_build/ffmpeg-android/android-ndk-r16b/platforms/android-26/arch-x86/usr/lib/crtbegin_dynamic.o -L/Users/sankim/lib_build/ffmpeg-android/android-ndk-r16b/toolchains/x86-4.9/prebuilt/darwin-x86_64/bin/../lib/gcc/i686-linux-android/4.9.x -L/Users/sankim/lib_build/ffmpeg-android/android-ndk-r16b/toolchains/x86-4.9/prebuilt/darwin-x86_64/bin/../lib/gcc -L/Users/sankim/lib_build/ffmpeg-android/android-ndk-r16b/toolchains/x86-4.9/prebuilt/darwin-x86_64/bin/../lib/gcc/i686-linux-android/4.9.x/../../../../i686-linux-android/lib -L/Users/sankim/lib_build/ffmpeg-android/android-ndk-r16b/platforms/android-26/arch-x86/usr/lib --gc-sections -z nocopyreloc CMakeFiles/cmTC_4f473.dir/CMakeCXXCompilerABI.cpp.o /Users/sankim/lib_build/ffmpeg-android/android-ndk-r16b/sources/cxx-stl/gnu-libstdc++/4.9/libs/x86/libgnustl_static.a -lstdc++ -lm -lgcc -lc -ldl -lgcc /Users/sankim/lib_build/ffmpeg-android/android-ndk-r16b/platforms/android-26/arch-x86/usr/lib/crtend_android.o]
    arg [/Users/sankim/lib_build/ffmpeg-android/android-ndk-r16b/toolchains/x86-4.9/prebuilt/darwin-x86_64/bin/../libexec/gcc/i686-linux-android/4.9.x/collect2] ==> ignore
    arg [-plugin] ==> ignore
    arg [/Users/sankim/lib_build/ffmpeg-android/android-ndk-r16b/toolchains/x86-4.9/prebuilt/darwin-x86_64/bin/../libexec/gcc/i686-linux-android/4.9.x/liblto_plugin.so] ==> ignore
    arg [-plugin-opt=/Users/sankim/lib_build/ffmpeg-android/android-ndk-r16b/toolchains/x86-4.9/prebuilt/darwin-x86_64/bin/../libexec/gcc/i686-linux-android/4.9.x/lto-wrapper] ==> ignore
    arg [-plugin-opt=-fresolution=/var/folders/cl/yl7tt_gs76s8t1d8kb3bm03m0000gn/T//cc6Qe2Lx.res] ==> ignore
    arg [-plugin-opt=-pass-through=-lgcc] ==> ignore
    arg [-plugin-opt=-pass-through=-lc] ==> ignore
    arg [-plugin-opt=-pass-through=-ldl] ==> ignore
    arg [-plugin-opt=-pass-through=-lgcc] ==> ignore
    arg [--sysroot=/Users/sankim/lib_build/ffmpeg-android/android-ndk-r16b/platforms/android-26/arch-x86] ==> ignore
    arg [--eh-frame-hdr] ==> ignore
    arg [-m] ==> ignore
    arg [elf_i386] ==> ignore
    arg [-dynamic-linker] ==> ignore
    arg [/system/bin/linker] ==> ignore
    arg [-znoexecstack] ==> ignore
    arg [-zrelro] ==> ignore
    arg [-znow] ==> ignore
    arg [-pie] ==> ignore
    arg [-o] ==> ignore
    arg [cmTC_4f473] ==> ignore
    arg [/Users/sankim/lib_build/ffmpeg-android/android-ndk-r16b/platforms/android-26/arch-x86/usr/lib/crtbegin_dynamic.o] ==> ignore
    arg [-L/Users/sankim/lib_build/ffmpeg-android/android-ndk-r16b/toolchains/x86-4.9/prebuilt/darwin-x86_64/bin/../lib/gcc/i686-linux-android/4.9.x] ==> dir [/Users/sankim/lib_build/ffmpeg-android/android-ndk-r16b/toolchains/x86-4.9/prebuilt/darwin-x86_64/bin/../lib/gcc/i686-linux-android/4.9.x]
    arg [-L/Users/sankim/lib_build/ffmpeg-android/android-ndk-r16b/toolchains/x86-4.9/prebuilt/darwin-x86_64/bin/../lib/gcc] ==> dir [/Users/sankim/lib_build/ffmpeg-android/android-ndk-r16b/toolchains/x86-4.9/prebuilt/darwin-x86_64/bin/../lib/gcc]
    arg [-L/Users/sankim/lib_build/ffmpeg-android/android-ndk-r16b/toolchains/x86-4.9/prebuilt/darwin-x86_64/bin/../lib/gcc/i686-linux-android/4.9.x/../../../../i686-linux-android/lib] ==> dir [/Users/sankim/lib_build/ffmpeg-android/android-ndk-r16b/toolchains/x86-4.9/prebuilt/darwin-x86_64/bin/../lib/gcc/i686-linux-android/4.9.x/../../../../i686-linux-android/lib]
    arg [-L/Users/sankim/lib_build/ffmpeg-android/android-ndk-r16b/platforms/android-26/arch-x86/usr/lib] ==> dir [/Users/sankim/lib_build/ffmpeg-android/android-ndk-r16b/platforms/android-26/arch-x86/usr/lib]
    arg [--gc-sections] ==> ignore
    arg [-znocopyreloc] ==> ignore
    arg [CMakeFiles/cmTC_4f473.dir/CMakeCXXCompilerABI.cpp.o] ==> ignore
    arg [/Users/sankim/lib_build/ffmpeg-android/android-ndk-r16b/sources/cxx-stl/gnu-libstdc++/4.9/libs/x86/libgnustl_static.a] ==> lib [/Users/sankim/lib_build/ffmpeg-android/android-ndk-r16b/sources/cxx-stl/gnu-libstdc++/4.9/libs/x86/libgnustl_static.a]
    arg [-lstdc++] ==> lib [stdc++]
    arg [-lm] ==> lib [m]
    arg [-lgcc] ==> lib [gcc]
    arg [-lc] ==> lib [c]
    arg [-ldl] ==> lib [dl]
    arg [-lgcc] ==> lib [gcc]
    arg [/Users/sankim/lib_build/ffmpeg-android/android-ndk-r16b/platforms/android-26/arch-x86/usr/lib/crtend_android.o] ==> ignore
  collapse library dir [/Users/sankim/lib_build/ffmpeg-android/android-ndk-r16b/toolchains/x86-4.9/prebuilt/darwin-x86_64/bin/../lib/gcc/i686-linux-android/4.9.x] ==> [/Users/sankim/lib_build/ffmpeg-android/android-ndk-r16b/toolchains/x86-4.9/prebuilt/darwin-x86_64/lib/gcc/i686-linux-android/4.9.x]
  collapse library dir [/Users/sankim/lib_build/ffmpeg-android/android-ndk-r16b/toolchains/x86-4.9/prebuilt/darwin-x86_64/bin/../lib/gcc] ==> [/Users/sankim/lib_build/ffmpeg-android/android-ndk-r16b/toolchains/x86-4.9/prebuilt/darwin-x86_64/lib/gcc]
  collapse library dir [/Users/sankim/lib_build/ffmpeg-android/android-ndk-r16b/toolchains/x86-4.9/prebuilt/darwin-x86_64/bin/../lib/gcc/i686-linux-android/4.9.x/../../../../i686-linux-android/lib] ==> [/Users/sankim/lib_build/ffmpeg-android/android-ndk-r16b/toolchains/x86-4.9/prebuilt/darwin-x86_64/i686-linux-android/lib]
  collapse library dir [/Users/sankim/lib_build/ffmpeg-android/android-ndk-r16b/platforms/android-26/arch-x86/usr/lib] ==> [/Users/sankim/lib_build/ffmpeg-android/android-ndk-r16b/platforms/android-26/arch-x86/usr/lib]
  implicit libs: [/Users/sankim/lib_build/ffmpeg-android/android-ndk-r16b/sources/cxx-stl/gnu-libstdc++/4.9/libs/x86/libgnustl_static.a;stdc++;m;gcc;c;dl;gcc]
  implicit dirs: [/Users/sankim/lib_build/ffmpeg-android/android-ndk-r16b/toolchains/x86-4.9/prebuilt/darwin-x86_64/lib/gcc/i686-linux-android/4.9.x;/Users/sankim/lib_build/ffmpeg-android/android-ndk-r16b/toolchains/x86-4.9/prebuilt/darwin-x86_64/lib/gcc;/Users/sankim/lib_build/ffmpeg-android/android-ndk-r16b/toolchains/x86-4.9/prebuilt/darwin-x86_64/i686-linux-android/lib;/Users/sankim/lib_build/ffmpeg-android/android-ndk-r16b/platforms/android-26/arch-x86/usr/lib]
  implicit fwks: []




Detecting CXX [-std=c++14] compiler features compiled with the following output:
Change Dir: /Users/sankim/lib_build/libx265-android/x265/build/android/x86/CMakeFiles/CMakeTmp

Run Build Command:"/usr/bin/make" "cmTC_2e85e/fast"
/Applications/Xcode.app/Contents/Developer/usr/bin/make -f CMakeFiles/cmTC_2e85e.dir/build.make CMakeFiles/cmTC_2e85e.dir/build
Building CXX object CMakeFiles/cmTC_2e85e.dir/feature_tests.cxx.o
/Users/sankim/lib_build/ffmpeg-android/android-ndk-r16b/toolchains/x86-4.9/prebuilt/darwin-x86_64/bin/i686-linux-android-g++ --sysroot=/Users/sankim/lib_build/ffmpeg-android/android-ndk-r16b/sysroot   -isystem /Users/sankim/lib_build/ffmpeg-android/android-ndk-r16b/sources/cxx-stl/gnu-libstdc++/4.9/include -isystem /Users/sankim/lib_build/ffmpeg-android/android-ndk-r16b/sources/cxx-stl/gnu-libstdc++/4.9/libs/x86/include -isystem /Users/sankim/lib_build/ffmpeg-android/android-ndk-r16b/sources/cxx-stl/gnu-libstdc++/4.9/include/backward -isystem /Users/sankim/lib_build/ffmpeg-android/android-ndk-r16b/sysroot/usr/include -isystem /Users/sankim/lib_build/ffmpeg-android/android-ndk-r16b/sysroot/usr/include/i686-linux-android  -funwind-tables -no-canonical-prefixes -D__ANDROID_API__=26 -fexceptions -frtti  -g -fPIE   -std=c++14 -o CMakeFiles/cmTC_2e85e.dir/feature_tests.cxx.o -c /Users/sankim/lib_build/libx265-android/x265/build/android/x86/CMakeFiles/feature_tests.cxx
Linking CXX executable cmTC_2e85e
/usr/local/Cellar/cmake/3.10.1/bin/cmake -E cmake_link_script CMakeFiles/cmTC_2e85e.dir/link.txt --verbose=1
/Users/sankim/lib_build/ffmpeg-android/android-ndk-r16b/toolchains/x86-4.9/prebuilt/darwin-x86_64/bin/i686-linux-android-g++ --sysroot=/Users/sankim/lib_build/ffmpeg-android/android-ndk-r16b/platforms/android-26/arch-x86  -funwind-tables -no-canonical-prefixes -D__ANDROID_API__=26 -fexceptions -frtti  -g  -fPIE -pie -Wl,--gc-sections -Wl,-z,nocopyreloc  CMakeFiles/cmTC_2e85e.dir/feature_tests.cxx.o  -o cmTC_2e85e  "/Users/sankim/lib_build/ffmpeg-android/android-ndk-r16b/sources/cxx-stl/gnu-libstdc++/4.9/libs/x86/libgnustl_static.a" 


    Feature record: CXX_FEATURE:0cxx_aggregate_default_initializers
    Feature record: CXX_FEATURE:1cxx_alias_templates
    Feature record: CXX_FEATURE:1cxx_alignas
    Feature record: CXX_FEATURE:1cxx_alignof
    Feature record: CXX_FEATURE:1cxx_attributes
    Feature record: CXX_FEATURE:1cxx_attribute_deprecated
    Feature record: CXX_FEATURE:1cxx_auto_type
    Feature record: CXX_FEATURE:1cxx_binary_literals
    Feature record: CXX_FEATURE:1cxx_constexpr
    Feature record: CXX_FEATURE:1cxx_contextual_conversions
    Feature record: CXX_FEATURE:1cxx_decltype
    Feature record: CXX_FEATURE:1cxx_decltype_auto
    Feature record: CXX_FEATURE:1cxx_decltype_incomplete_return_types
    Feature record: CXX_FEATURE:1cxx_default_function_template_args
    Feature record: CXX_FEATURE:1cxx_defaulted_functions
    Feature record: CXX_FEATURE:1cxx_defaulted_move_initializers
    Feature record: CXX_FEATURE:1cxx_delegating_constructors
    Feature record: CXX_FEATURE:1cxx_deleted_functions
    Feature record: CXX_FEATURE:1cxx_digit_separators
    Feature record: CXX_FEATURE:1cxx_enum_forward_declarations
    Feature record: CXX_FEATURE:1cxx_explicit_conversions
    Feature record: CXX_FEATURE:1cxx_extended_friend_declarations
    Feature record: CXX_FEATURE:1cxx_extern_templates
    Feature record: CXX_FEATURE:1cxx_final
    Feature record: CXX_FEATURE:1cxx_func_identifier
    Feature record: CXX_FEATURE:1cxx_generalized_initializers
    Feature record: CXX_FEATURE:1cxx_generic_lambdas
    Feature record: CXX_FEATURE:1cxx_inheriting_constructors
    Feature record: CXX_FEATURE:1cxx_inline_namespaces
    Feature record: CXX_FEATURE:1cxx_lambdas
    Feature record: CXX_FEATURE:1cxx_lambda_init_captures
    Feature record: CXX_FEATURE:1cxx_local_type_template_args
    Feature record: CXX_FEATURE:1cxx_long_long_type
    Feature record: CXX_FEATURE:1cxx_noexcept
    Feature record: CXX_FEATURE:1cxx_nonstatic_member_init
    Feature record: CXX_FEATURE:1cxx_nullptr
    Feature record: CXX_FEATURE:1cxx_override
    Feature record: CXX_FEATURE:1cxx_range_for
    Feature record: CXX_FEATURE:1cxx_raw_string_literals
    Feature record: CXX_FEATURE:1cxx_reference_qualified_functions
    Feature record: CXX_FEATURE:0cxx_relaxed_constexpr
    Feature record: CXX_FEATURE:1cxx_return_type_deduction
    Feature record: CXX_FEATURE:1cxx_right_angle_brackets
    Feature record: CXX_FEATURE:1cxx_rvalue_references
    Feature record: CXX_FEATURE:1cxx_sizeof_member
    Feature record: CXX_FEATURE:1cxx_static_assert
    Feature record: CXX_FEATURE:1cxx_strong_enums
    Feature record: CXX_FEATURE:1cxx_template_template_parameters
    Feature record: CXX_FEATURE:1cxx_thread_local
    Feature record: CXX_FEATURE:1cxx_trailing_return_types
    Feature record: CXX_FEATURE:1cxx_unicode_literals
    Feature record: CXX_FEATURE:1cxx_uniform_initialization
    Feature record: CXX_FEATURE:1cxx_unrestricted_unions
    Feature record: CXX_FEATURE:1cxx_user_literals
    Feature record: CXX_FEATURE:0cxx_variable_templates
    Feature record: CXX_FEATURE:1cxx_variadic_macros
    Feature record: CXX_FEATURE:1cxx_variadic_templates


Detecting CXX [-std=c++11] compiler features compiled with the following output:
Change Dir: /Users/sankim/lib_build/libx265-android/x265/build/android/x86/CMakeFiles/CMakeTmp

Run Build Command:"/usr/bin/make" "cmTC_2b5a4/fast"
/Applications/Xcode.app/Contents/Developer/usr/bin/make -f CMakeFiles/cmTC_2b5a4.dir/build.make CMakeFiles/cmTC_2b5a4.dir/build
Building CXX object CMakeFiles/cmTC_2b5a4.dir/feature_tests.cxx.o
/Users/sankim/lib_build/ffmpeg-android/android-ndk-r16b/toolchains/x86-4.9/prebuilt/darwin-x86_64/bin/i686-linux-android-g++ --sysroot=/Users/sankim/lib_build/ffmpeg-android/android-ndk-r16b/sysroot   -isystem /Users/sankim/lib_build/ffmpeg-android/android-ndk-r16b/sources/cxx-stl/gnu-libstdc++/4.9/include -isystem /Users/sankim/lib_build/ffmpeg-android/android-ndk-r16b/sources/cxx-stl/gnu-libstdc++/4.9/libs/x86/include -isystem /Users/sankim/lib_build/ffmpeg-android/android-ndk-r16b/sources/cxx-stl/gnu-libstdc++/4.9/include/backward -isystem /Users/sankim/lib_build/ffmpeg-android/android-ndk-r16b/sysroot/usr/include -isystem /Users/sankim/lib_build/ffmpeg-android/android-ndk-r16b/sysroot/usr/include/i686-linux-android  -funwind-tables -no-canonical-prefixes -D__ANDROID_API__=26 -fexceptions -frtti  -g -fPIE   -std=c++11 -o CMakeFiles/cmTC_2b5a4.dir/feature_tests.cxx.o -c /Users/sankim/lib_build/libx265-android/x265/build/android/x86/CMakeFiles/feature_tests.cxx
Linking CXX executable cmTC_2b5a4
/usr/local/Cellar/cmake/3.10.1/bin/cmake -E cmake_link_script CMakeFiles/cmTC_2b5a4.dir/link.txt --verbose=1
/Users/sankim/lib_build/ffmpeg-android/android-ndk-r16b/toolchains/x86-4.9/prebuilt/darwin-x86_64/bin/i686-linux-android-g++ --sysroot=/Users/sankim/lib_build/ffmpeg-android/android-ndk-r16b/platforms/android-26/arch-x86  -funwind-tables -no-canonical-prefixes -D__ANDROID_API__=26 -fexceptions -frtti  -g  -fPIE -pie -Wl,--gc-sections -Wl,-z,nocopyreloc  CMakeFiles/cmTC_2b5a4.dir/feature_tests.cxx.o  -o cmTC_2b5a4  "/Users/sankim/lib_build/ffmpeg-android/android-ndk-r16b/sources/cxx-stl/gnu-libstdc++/4.9/libs/x86/libgnustl_static.a" 


    Feature record: CXX_FEATURE:0cxx_aggregate_default_initializers
    Feature record: CXX_FEATURE:1cxx_alias_templates
    Feature record: CXX_FEATURE:1cxx_alignas
    Feature record: CXX_FEATURE:1cxx_alignof
    Feature record: CXX_FEATURE:1cxx_attributes
    Feature record: CXX_FEATURE:0cxx_attribute_deprecated
    Feature record: CXX_FEATURE:1cxx_auto_type
    Feature record: CXX_FEATURE:0cxx_binary_literals
    Feature record: CXX_FEATURE:1cxx_constexpr
    Feature record: CXX_FEATURE:0cxx_contextual_conversions
    Feature record: CXX_FEATURE:1cxx_decltype
    Feature record: CXX_FEATURE:0cxx_decltype_auto
    Feature record: CXX_FEATURE:1cxx_decltype_incomplete_return_types
    Feature record: CXX_FEATURE:1cxx_default_function_template_args
    Feature record: CXX_FEATURE:1cxx_defaulted_functions
    Feature record: CXX_FEATURE:1cxx_defaulted_move_initializers
    Feature record: CXX_FEATURE:1cxx_delegating_constructors
    Feature record: CXX_FEATURE:1cxx_deleted_functions
    Feature record: CXX_FEATURE:0cxx_digit_separators
    Feature record: CXX_FEATURE:1cxx_enum_forward_declarations
    Feature record: CXX_FEATURE:1cxx_explicit_conversions
    Feature record: CXX_FEATURE:1cxx_extended_friend_declarations
    Feature record: CXX_FEATURE:1cxx_extern_templates
    Feature record: CXX_FEATURE:1cxx_final
    Feature record: CXX_FEATURE:1cxx_func_identifier
    Feature record: CXX_FEATURE:1cxx_generalized_initializers
    Feature record: CXX_FEATURE:0cxx_generic_lambdas
    Feature record: CXX_FEATURE:1cxx_inheriting_constructors
    Feature record: CXX_FEATURE:1cxx_inline_namespaces
    Feature record: CXX_FEATURE:1cxx_lambdas
    Feature record: CXX_FEATURE:0cxx_lambda_init_captures
    Feature record: CXX_FEATURE:1cxx_local_type_template_args
    Feature record: CXX_FEATURE:1cxx_long_long_type
    Feature record: CXX_FEATURE:1cxx_noexcept
    Feature record: CXX_FEATURE:1cxx_nonstatic_member_init
    Feature record: CXX_FEATURE:1cxx_nullptr
    Feature record: CXX_FEATURE:1cxx_override
    Feature record: CXX_FEATURE:1cxx_range_for
    Feature record: CXX_FEATURE:1cxx_raw_string_literals
    Feature record: CXX_FEATURE:1cxx_reference_qualified_functions
    Feature record: CXX_FEATURE:0cxx_relaxed_constexpr
    Feature record: CXX_FEATURE:0cxx_return_type_deduction
    Feature record: CXX_FEATURE:1cxx_right_angle_brackets
    Feature record: CXX_FEATURE:1cxx_rvalue_references
    Feature record: CXX_FEATURE:1cxx_sizeof_member
    Feature record: CXX_FEATURE:1cxx_static_assert
    Feature record: CXX_FEATURE:1cxx_strong_enums
    Feature record: CXX_FEATURE:1cxx_template_template_parameters
    Feature record: CXX_FEATURE:1cxx_thread_local
    Feature record: CXX_FEATURE:1cxx_trailing_return_types
    Feature record: CXX_FEATURE:1cxx_unicode_literals
    Feature record: CXX_FEATURE:1cxx_uniform_initialization
    Feature record: CXX_FEATURE:1cxx_unrestricted_unions
    Feature record: CXX_FEATURE:1cxx_user_literals
    Feature record: CXX_FEATURE:0cxx_variable_templates
    Feature record: CXX_FEATURE:1cxx_variadic_macros
    Feature record: CXX_FEATURE:1cxx_variadic_templates


Detecting CXX [-std=c++98] compiler features compiled with the following output:
Change Dir: /Users/sankim/lib_build/libx265-android/x265/build/android/x86/CMakeFiles/CMakeTmp

Run Build Command:"/usr/bin/make" "cmTC_4ea09/fast"
/Applications/Xcode.app/Contents/Developer/usr/bin/make -f CMakeFiles/cmTC_4ea09.dir/build.make CMakeFiles/cmTC_4ea09.dir/build
Building CXX object CMakeFiles/cmTC_4ea09.dir/feature_tests.cxx.o
/Users/sankim/lib_build/ffmpeg-android/android-ndk-r16b/toolchains/x86-4.9/prebuilt/darwin-x86_64/bin/i686-linux-android-g++ --sysroot=/Users/sankim/lib_build/ffmpeg-android/android-ndk-r16b/sysroot   -isystem /Users/sankim/lib_build/ffmpeg-android/android-ndk-r16b/sources/cxx-stl/gnu-libstdc++/4.9/include -isystem /Users/sankim/lib_build/ffmpeg-android/android-ndk-r16b/sources/cxx-stl/gnu-libstdc++/4.9/libs/x86/include -isystem /Users/sankim/lib_build/ffmpeg-android/android-ndk-r16b/sources/cxx-stl/gnu-libstdc++/4.9/include/backward -isystem /Users/sankim/lib_build/ffmpeg-android/android-ndk-r16b/sysroot/usr/include -isystem /Users/sankim/lib_build/ffmpeg-android/android-ndk-r16b/sysroot/usr/include/i686-linux-android  -funwind-tables -no-canonical-prefixes -D__ANDROID_API__=26 -fexceptions -frtti  -g -fPIE   -std=c++98 -o CMakeFiles/cmTC_4ea09.dir/feature_tests.cxx.o -c /Users/sankim/lib_build/libx265-android/x265/build/android/x86/CMakeFiles/feature_tests.cxx
Linking CXX executable cmTC_4ea09
/usr/local/Cellar/cmake/3.10.1/bin/cmake -E cmake_link_script CMakeFiles/cmTC_4ea09.dir/link.txt --verbose=1
/Users/sankim/lib_build/ffmpeg-android/android-ndk-r16b/toolchains/x86-4.9/prebuilt/darwin-x86_64/bin/i686-linux-android-g++ --sysroot=/Users/sankim/lib_build/ffmpeg-android/android-ndk-r16b/platforms/android-26/arch-x86  -funwind-tables -no-canonical-prefixes -D__ANDROID_API__=26 -fexceptions -frtti  -g  -fPIE -pie -Wl,--gc-sections -Wl,-z,nocopyreloc  CMakeFiles/cmTC_4ea09.dir/feature_tests.cxx.o  -o cmTC_4ea09  "/Users/sankim/lib_build/ffmpeg-android/android-ndk-r16b/sources/cxx-stl/gnu-libstdc++/4.9/libs/x86/libgnustl_static.a" 


    Feature record: CXX_FEATURE:0cxx_aggregate_default_initializers
    Feature record: CXX_FEATURE:0cxx_alias_templates
    Feature record: CXX_FEATURE:0cxx_alignas
    Feature record: CXX_FEATURE:0cxx_alignof
    Feature record: CXX_FEATURE:0cxx_attributes
    Feature record: CXX_FEATURE:0cxx_attribute_deprecated
    Feature record: CXX_FEATURE:0cxx_auto_type
    Feature record: CXX_FEATURE:0cxx_binary_literals
    Feature record: CXX_FEATURE:0cxx_constexpr
    Feature record: CXX_FEATURE:0cxx_contextual_conversions
    Feature record: CXX_FEATURE:0cxx_decltype
    Feature record: CXX_FEATURE:0cxx_decltype_auto
    Feature record: CXX_FEATURE:0cxx_decltype_incomplete_return_types
    Feature record: CXX_FEATURE:0cxx_default_function_template_args
    Feature record: CXX_FEATURE:0cxx_defaulted_functions
    Feature record: CXX_FEATURE:0cxx_defaulted_move_initializers
    Feature record: CXX_FEATURE:0cxx_delegating_constructors
    Feature record: CXX_FEATURE:0cxx_deleted_functions
    Feature record: CXX_FEATURE:0cxx_digit_separators
    Feature record: CXX_FEATURE:0cxx_enum_forward_declarations
    Feature record: CXX_FEATURE:0cxx_explicit_conversions
    Feature record: CXX_FEATURE:0cxx_extended_friend_declarations
    Feature record: CXX_FEATURE:0cxx_extern_templates
    Feature record: CXX_FEATURE:0cxx_final
    Feature record: CXX_FEATURE:0cxx_func_identifier
    Feature record: CXX_FEATURE:0cxx_generalized_initializers
    Feature record: CXX_FEATURE:0cxx_generic_lambdas
    Feature record: CXX_FEATURE:0cxx_inheriting_constructors
    Feature record: CXX_FEATURE:0cxx_inline_namespaces
    Feature record: CXX_FEATURE:0cxx_lambdas
    Feature record: CXX_FEATURE:0cxx_lambda_init_captures
    Feature record: CXX_FEATURE:0cxx_local_type_template_args
    Feature record: CXX_FEATURE:0cxx_long_long_type
    Feature record: CXX_FEATURE:0cxx_noexcept
    Feature record: CXX_FEATURE:0cxx_nonstatic_member_init
    Feature record: CXX_FEATURE:0cxx_nullptr
    Feature record: CXX_FEATURE:0cxx_override
    Feature record: CXX_FEATURE:0cxx_range_for
    Feature record: CXX_FEATURE:0cxx_raw_string_literals
    Feature record: CXX_FEATURE:0cxx_reference_qualified_functions
    Feature record: CXX_FEATURE:0cxx_relaxed_constexpr
    Feature record: CXX_FEATURE:0cxx_return_type_deduction
    Feature record: CXX_FEATURE:0cxx_right_angle_brackets
    Feature record: CXX_FEATURE:0cxx_rvalue_references
    Feature record: CXX_FEATURE:0cxx_sizeof_member
    Feature record: CXX_FEATURE:0cxx_static_assert
    Feature record: CXX_FEATURE:0cxx_strong_enums
    Feature record: CXX_FEATURE:1cxx_template_template_parameters
    Feature record: CXX_FEATURE:0cxx_thread_local
    Feature record: CXX_FEATURE:0cxx_trailing_return_types
    Feature record: CXX_FEATURE:0cxx_unicode_literals
    Feature record: CXX_FEATURE:0cxx_uniform_initialization
    Feature record: CXX_FEATURE:0cxx_unrestricted_unions
    Feature record: CXX_FEATURE:0cxx_user_literals
    Feature record: CXX_FEATURE:0cxx_variable_templates
    Feature record: CXX_FEATURE:0cxx_variadic_macros
    Feature record: CXX_FEATURE:0cxx_variadic_templates
Determining if files inttypes.h exist passed with the following output:
Change Dir: /Users/sankim/lib_build/libx265-android/x265/build/android/x86/CMakeFiles/CMakeTmp

Run Build Command:"/usr/bin/make" "cmTC_78965/fast"
/Applications/Xcode.app/Contents/Developer/usr/bin/make -f CMakeFiles/cmTC_78965.dir/build.make CMakeFiles/cmTC_78965.dir/build
Building C object CMakeFiles/cmTC_78965.dir/CheckIncludeFiles.c.o
/Users/sankim/lib_build/ffmpeg-android/android-ndk-r16b/toolchains/x86-4.9/prebuilt/darwin-x86_64/bin/i686-linux-android-gcc --sysroot=/Users/sankim/lib_build/ffmpeg-android/android-ndk-r16b/sysroot  -isystem /Users/sankim/lib_build/ffmpeg-android/android-ndk-r16b/sysroot/usr/include -isystem /Users/sankim/lib_build/ffmpeg-android/android-ndk-r16b/sysroot/usr/include/i686-linux-android  -funwind-tables -no-canonical-prefixes -D__ANDROID_API__=26 -fexceptions  -g -fPIE   -o CMakeFiles/cmTC_78965.dir/CheckIncludeFiles.c.o   -c /Users/sankim/lib_build/libx265-android/x265/build/android/x86/CMakeFiles/CMakeTmp/CheckIncludeFiles.c
Linking C executable cmTC_78965
/usr/local/Cellar/cmake/3.10.1/bin/cmake -E cmake_link_script CMakeFiles/cmTC_78965.dir/link.txt --verbose=1
/Users/sankim/lib_build/ffmpeg-android/android-ndk-r16b/toolchains/x86-4.9/prebuilt/darwin-x86_64/bin/i686-linux-android-gcc --sysroot=/Users/sankim/lib_build/ffmpeg-android/android-ndk-r16b/platforms/android-26/arch-x86 -funwind-tables -no-canonical-prefixes -D__ANDROID_API__=26 -fexceptions  -g  -fPIE -pie -Wl,--gc-sections -Wl,-z,nocopyreloc  CMakeFiles/cmTC_78965.dir/CheckIncludeFiles.c.o  -o cmTC_78965 


Performing C++ SOURCE FILE Test CC_HAS_NO_STRICT_OVERFLOW succeeded with the following output:
Change Dir: /Users/sankim/lib_build/libx265-android/x265/build/android/x86/CMakeFiles/CMakeTmp

Run Build Command:"/usr/bin/make" "cmTC_1848d/fast"
/Applications/Xcode.app/Contents/Developer/usr/bin/make -f CMakeFiles/cmTC_1848d.dir/build.make CMakeFiles/cmTC_1848d.dir/build
Building CXX object CMakeFiles/cmTC_1848d.dir/src.cxx.o
/Users/sankim/lib_build/ffmpeg-android/android-ndk-r16b/toolchains/x86-4.9/prebuilt/darwin-x86_64/bin/i686-linux-android-g++ --sysroot=/Users/sankim/lib_build/ffmpeg-android/android-ndk-r16b/sysroot   -isystem /Users/sankim/lib_build/ffmpeg-android/android-ndk-r16b/sources/cxx-stl/gnu-libstdc++/4.9/include -isystem /Users/sankim/lib_build/ffmpeg-android/android-ndk-r16b/sources/cxx-stl/gnu-libstdc++/4.9/libs/x86/include -isystem /Users/sankim/lib_build/ffmpeg-android/android-ndk-r16b/sources/cxx-stl/gnu-libstdc++/4.9/include/backward -isystem /Users/sankim/lib_build/ffmpeg-android/android-ndk-r16b/sysroot/usr/include -isystem /Users/sankim/lib_build/ffmpeg-android/android-ndk-r16b/sysroot/usr/include/i686-linux-android  -funwind-tables -no-canonical-prefixes -D__ANDROID_API__=26 -fexceptions -frtti -DCC_HAS_NO_STRICT_OVERFLOW -g -fPIE   -Wno-strict-overflow -o CMakeFiles/cmTC_1848d.dir/src.cxx.o -c /Users/sankim/lib_build/libx265-android/x265/build/android/x86/CMakeFiles/CMakeTmp/src.cxx
Linking CXX executable cmTC_1848d
/usr/local/Cellar/cmake/3.10.1/bin/cmake -E cmake_link_script CMakeFiles/cmTC_1848d.dir/link.txt --verbose=1
/Users/sankim/lib_build/ffmpeg-android/android-ndk-r16b/toolchains/x86-4.9/prebuilt/darwin-x86_64/bin/i686-linux-android-g++ --sysroot=/Users/sankim/lib_build/ffmpeg-android/android-ndk-r16b/platforms/android-26/arch-x86  -funwind-tables -no-canonical-prefixes -D__ANDROID_API__=26 -fexceptions -frtti -DCC_HAS_NO_STRICT_OVERFLOW -g  -fPIE -pie -Wl,--gc-sections -Wl,-z,nocopyreloc  CMakeFiles/cmTC_1848d.dir/src.cxx.o  -o cmTC_1848d  "/Users/sankim/lib_build/ffmpeg-android/android-ndk-r16b/sources/cxx-stl/gnu-libstdc++/4.9/libs/x86/libgnustl_static.a" 

Source file was:
int main() { return 0; }
Performing C++ SOURCE FILE Test CC_HAS_NO_NARROWING succeeded with the following output:
Change Dir: /Users/sankim/lib_build/libx265-android/x265/build/android/x86/CMakeFiles/CMakeTmp

Run Build Command:"/usr/bin/make" "cmTC_c946d/fast"
/Applications/Xcode.app/Contents/Developer/usr/bin/make -f CMakeFiles/cmTC_c946d.dir/build.make CMakeFiles/cmTC_c946d.dir/build
Building CXX object CMakeFiles/cmTC_c946d.dir/src.cxx.o
/Users/sankim/lib_build/ffmpeg-android/android-ndk-r16b/toolchains/x86-4.9/prebuilt/darwin-x86_64/bin/i686-linux-android-g++ --sysroot=/Users/sankim/lib_build/ffmpeg-android/android-ndk-r16b/sysroot   -isystem /Users/sankim/lib_build/ffmpeg-android/android-ndk-r16b/sources/cxx-stl/gnu-libstdc++/4.9/include -isystem /Users/sankim/lib_build/ffmpeg-android/android-ndk-r16b/sources/cxx-stl/gnu-libstdc++/4.9/libs/x86/include -isystem /Users/sankim/lib_build/ffmpeg-android/android-ndk-r16b/sources/cxx-stl/gnu-libstdc++/4.9/include/backward -isystem /Users/sankim/lib_build/ffmpeg-android/android-ndk-r16b/sysroot/usr/include -isystem /Users/sankim/lib_build/ffmpeg-android/android-ndk-r16b/sysroot/usr/include/i686-linux-android  -funwind-tables -no-canonical-prefixes -D__ANDROID_API__=26 -fexceptions -frtti -DCC_HAS_NO_NARROWING -g -fPIE   -Wno-narrowing -o CMakeFiles/cmTC_c946d.dir/src.cxx.o -c /Users/sankim/lib_build/libx265-android/x265/build/android/x86/CMakeFiles/CMakeTmp/src.cxx
Linking CXX executable cmTC_c946d
/usr/local/Cellar/cmake/3.10.1/bin/cmake -E cmake_link_script CMakeFiles/cmTC_c946d.dir/link.txt --verbose=1
/Users/sankim/lib_build/ffmpeg-android/android-ndk-r16b/toolchains/x86-4.9/prebuilt/darwin-x86_64/bin/i686-linux-android-g++ --sysroot=/Users/sankim/lib_build/ffmpeg-android/android-ndk-r16b/platforms/android-26/arch-x86  -funwind-tables -no-canonical-prefixes -D__ANDROID_API__=26 -fexceptions -frtti -DCC_HAS_NO_NARROWING -g  -fPIE -pie -Wl,--gc-sections -Wl,-z,nocopyreloc  CMakeFiles/cmTC_c946d.dir/src.cxx.o  -o cmTC_c946d  "/Users/sankim/lib_build/ffmpeg-android/android-ndk-r16b/sources/cxx-stl/gnu-libstdc++/4.9/libs/x86/libgnustl_static.a" 

Source file was:
int main() { return 0; }
Performing C++ SOURCE FILE Test CC_HAS_NO_ARRAY_BOUNDS succeeded with the following output:
Change Dir: /Users/sankim/lib_build/libx265-android/x265/build/android/x86/CMakeFiles/CMakeTmp

Run Build Command:"/usr/bin/make" "cmTC_13064/fast"
/Applications/Xcode.app/Contents/Developer/usr/bin/make -f CMakeFiles/cmTC_13064.dir/build.make CMakeFiles/cmTC_13064.dir/build
Building CXX object CMakeFiles/cmTC_13064.dir/src.cxx.o
/Users/sankim/lib_build/ffmpeg-android/android-ndk-r16b/toolchains/x86-4.9/prebuilt/darwin-x86_64/bin/i686-linux-android-g++ --sysroot=/Users/sankim/lib_build/ffmpeg-android/android-ndk-r16b/sysroot   -isystem /Users/sankim/lib_build/ffmpeg-android/android-ndk-r16b/sources/cxx-stl/gnu-libstdc++/4.9/include -isystem /Users/sankim/lib_build/ffmpeg-android/android-ndk-r16b/sources/cxx-stl/gnu-libstdc++/4.9/libs/x86/include -isystem /Users/sankim/lib_build/ffmpeg-android/android-ndk-r16b/sources/cxx-stl/gnu-libstdc++/4.9/include/backward -isystem /Users/sankim/lib_build/ffmpeg-android/android-ndk-r16b/sysroot/usr/include -isystem /Users/sankim/lib_build/ffmpeg-android/android-ndk-r16b/sysroot/usr/include/i686-linux-android  -funwind-tables -no-canonical-prefixes -D__ANDROID_API__=26 -fexceptions -frtti -DCC_HAS_NO_ARRAY_BOUNDS -g -fPIE   -Wno-array-bounds -o CMakeFiles/cmTC_13064.dir/src.cxx.o -c /Users/sankim/lib_build/libx265-android/x265/build/android/x86/CMakeFiles/CMakeTmp/src.cxx
Linking CXX executable cmTC_13064
/usr/local/Cellar/cmake/3.10.1/bin/cmake -E cmake_link_script CMakeFiles/cmTC_13064.dir/link.txt --verbose=1
/Users/sankim/lib_build/ffmpeg-android/android-ndk-r16b/toolchains/x86-4.9/prebuilt/darwin-x86_64/bin/i686-linux-android-g++ --sysroot=/Users/sankim/lib_build/ffmpeg-android/android-ndk-r16b/platforms/android-26/arch-x86  -funwind-tables -no-canonical-prefixes -D__ANDROID_API__=26 -fexceptions -frtti -DCC_HAS_NO_ARRAY_BOUNDS -g  -fPIE -pie -Wl,--gc-sections -Wl,-z,nocopyreloc  CMakeFiles/cmTC_13064.dir/src.cxx.o  -o cmTC_13064  "/Users/sankim/lib_build/ffmpeg-android/android-ndk-r16b/sources/cxx-stl/gnu-libstdc++/4.9/libs/x86/libgnustl_static.a" 

Source file was:
int main() { return 0; }
Performing C++ SOURCE FILE Test CC_HAS_FAST_MATH succeeded with the following output:
Change Dir: /Users/sankim/lib_build/libx265-android/x265/build/android/x86/CMakeFiles/CMakeTmp

Run Build Command:"/usr/bin/make" "cmTC_07263/fast"
/Applications/Xcode.app/Contents/Developer/usr/bin/make -f CMakeFiles/cmTC_07263.dir/build.make CMakeFiles/cmTC_07263.dir/build
Building CXX object CMakeFiles/cmTC_07263.dir/src.cxx.o
/Users/sankim/lib_build/ffmpeg-android/android-ndk-r16b/toolchains/x86-4.9/prebuilt/darwin-x86_64/bin/i686-linux-android-g++ --sysroot=/Users/sankim/lib_build/ffmpeg-android/android-ndk-r16b/sysroot   -isystem /Users/sankim/lib_build/ffmpeg-android/android-ndk-r16b/sources/cxx-stl/gnu-libstdc++/4.9/include -isystem /Users/sankim/lib_build/ffmpeg-android/android-ndk-r16b/sources/cxx-stl/gnu-libstdc++/4.9/libs/x86/include -isystem /Users/sankim/lib_build/ffmpeg-android/android-ndk-r16b/sources/cxx-stl/gnu-libstdc++/4.9/include/backward -isystem /Users/sankim/lib_build/ffmpeg-android/android-ndk-r16b/sysroot/usr/include -isystem /Users/sankim/lib_build/ffmpeg-android/android-ndk-r16b/sysroot/usr/include/i686-linux-android  -funwind-tables -no-canonical-prefixes -D__ANDROID_API__=26 -fexceptions -frtti -DCC_HAS_FAST_MATH -g -fPIE   -ffast-math -o CMakeFiles/cmTC_07263.dir/src.cxx.o -c /Users/sankim/lib_build/libx265-android/x265/build/android/x86/CMakeFiles/CMakeTmp/src.cxx
Linking CXX executable cmTC_07263
/usr/local/Cellar/cmake/3.10.1/bin/cmake -E cmake_link_script CMakeFiles/cmTC_07263.dir/link.txt --verbose=1
/Users/sankim/lib_build/ffmpeg-android/android-ndk-r16b/toolchains/x86-4.9/prebuilt/darwin-x86_64/bin/i686-linux-android-g++ --sysroot=/Users/sankim/lib_build/ffmpeg-android/android-ndk-r16b/platforms/android-26/arch-x86  -funwind-tables -no-canonical-prefixes -D__ANDROID_API__=26 -fexceptions -frtti -DCC_HAS_FAST_MATH -g  -fPIE -pie -Wl,--gc-sections -Wl,-z,nocopyreloc  CMakeFiles/cmTC_07263.dir/src.cxx.o  -o cmTC_07263  "/Users/sankim/lib_build/ffmpeg-android/android-ndk-r16b/sources/cxx-stl/gnu-libstdc++/4.9/libs/x86/libgnustl_static.a" 

Source file was:
int main() { return 0; }
Performing C++ SOURCE FILE Test CC_HAS_STACK_REALIGN succeeded with the following output:
Change Dir: /Users/sankim/lib_build/libx265-android/x265/build/android/x86/CMakeFiles/CMakeTmp

Run Build Command:"/usr/bin/make" "cmTC_1ca24/fast"
/Applications/Xcode.app/Contents/Developer/usr/bin/make -f CMakeFiles/cmTC_1ca24.dir/build.make CMakeFiles/cmTC_1ca24.dir/build
Building CXX object CMakeFiles/cmTC_1ca24.dir/src.cxx.o
/Users/sankim/lib_build/ffmpeg-android/android-ndk-r16b/toolchains/x86-4.9/prebuilt/darwin-x86_64/bin/i686-linux-android-g++ --sysroot=/Users/sankim/lib_build/ffmpeg-android/android-ndk-r16b/sysroot   -isystem /Users/sankim/lib_build/ffmpeg-android/android-ndk-r16b/sources/cxx-stl/gnu-libstdc++/4.9/include -isystem /Users/sankim/lib_build/ffmpeg-android/android-ndk-r16b/sources/cxx-stl/gnu-libstdc++/4.9/libs/x86/include -isystem /Users/sankim/lib_build/ffmpeg-android/android-ndk-r16b/sources/cxx-stl/gnu-libstdc++/4.9/include/backward -isystem /Users/sankim/lib_build/ffmpeg-android/android-ndk-r16b/sysroot/usr/include -isystem /Users/sankim/lib_build/ffmpeg-android/android-ndk-r16b/sysroot/usr/include/i686-linux-android  -funwind-tables -no-canonical-prefixes -D__ANDROID_API__=26 -fexceptions -frtti -DCC_HAS_STACK_REALIGN -g -fPIE   -mstackrealign -o CMakeFiles/cmTC_1ca24.dir/src.cxx.o -c /Users/sankim/lib_build/libx265-android/x265/build/android/x86/CMakeFiles/CMakeTmp/src.cxx
Linking CXX executable cmTC_1ca24
/usr/local/Cellar/cmake/3.10.1/bin/cmake -E cmake_link_script CMakeFiles/cmTC_1ca24.dir/link.txt --verbose=1
/Users/sankim/lib_build/ffmpeg-android/android-ndk-r16b/toolchains/x86-4.9/prebuilt/darwin-x86_64/bin/i686-linux-android-g++ --sysroot=/Users/sankim/lib_build/ffmpeg-android/android-ndk-r16b/platforms/android-26/arch-x86  -funwind-tables -no-canonical-prefixes -D__ANDROID_API__=26 -fexceptions -frtti -DCC_HAS_STACK_REALIGN -g  -fPIE -pie -Wl,--gc-sections -Wl,-z,nocopyreloc  CMakeFiles/cmTC_1ca24.dir/src.cxx.o  -o cmTC_1ca24  "/Users/sankim/lib_build/ffmpeg-android/android-ndk-r16b/sources/cxx-stl/gnu-libstdc++/4.9/libs/x86/libgnustl_static.a" 

Source file was:
int main() { return 0; }
Performing C++ SOURCE FILE Test CC_HAS_FNO_EXCEPTIONS_FLAG succeeded with the following output:
Change Dir: /Users/sankim/lib_build/libx265-android/x265/build/android/x86/CMakeFiles/CMakeTmp

Run Build Command:"/usr/bin/make" "cmTC_842e7/fast"
/Applications/Xcode.app/Contents/Developer/usr/bin/make -f CMakeFiles/cmTC_842e7.dir/build.make CMakeFiles/cmTC_842e7.dir/build
Building CXX object CMakeFiles/cmTC_842e7.dir/src.cxx.o
/Users/sankim/lib_build/ffmpeg-android/android-ndk-r16b/toolchains/x86-4.9/prebuilt/darwin-x86_64/bin/i686-linux-android-g++ --sysroot=/Users/sankim/lib_build/ffmpeg-android/android-ndk-r16b/sysroot   -isystem /Users/sankim/lib_build/ffmpeg-android/android-ndk-r16b/sources/cxx-stl/gnu-libstdc++/4.9/include -isystem /Users/sankim/lib_build/ffmpeg-android/android-ndk-r16b/sources/cxx-stl/gnu-libstdc++/4.9/libs/x86/include -isystem /Users/sankim/lib_build/ffmpeg-android/android-ndk-r16b/sources/cxx-stl/gnu-libstdc++/4.9/include/backward -isystem /Users/sankim/lib_build/ffmpeg-android/android-ndk-r16b/sysroot/usr/include -isystem /Users/sankim/lib_build/ffmpeg-android/android-ndk-r16b/sysroot/usr/include/i686-linux-android  -funwind-tables -no-canonical-prefixes -D__ANDROID_API__=26 -fexceptions -frtti -DCC_HAS_FNO_EXCEPTIONS_FLAG -g -fPIE   -fno-exceptions -o CMakeFiles/cmTC_842e7.dir/src.cxx.o -c /Users/sankim/lib_build/libx265-android/x265/build/android/x86/CMakeFiles/CMakeTmp/src.cxx
Linking CXX executable cmTC_842e7
/usr/local/Cellar/cmake/3.10.1/bin/cmake -E cmake_link_script CMakeFiles/cmTC_842e7.dir/link.txt --verbose=1
/Users/sankim/lib_build/ffmpeg-android/android-ndk-r16b/toolchains/x86-4.9/prebuilt/darwin-x86_64/bin/i686-linux-android-g++ --sysroot=/Users/sankim/lib_build/ffmpeg-android/android-ndk-r16b/platforms/android-26/arch-x86  -funwind-tables -no-canonical-prefixes -D__ANDROID_API__=26 -fexceptions -frtti -DCC_HAS_FNO_EXCEPTIONS_FLAG -g  -fPIE -pie -Wl,--gc-sections -Wl,-z,nocopyreloc  CMakeFiles/cmTC_842e7.dir/src.cxx.o  -o cmTC_842e7  "/Users/sankim/lib_build/ffmpeg-android/android-ndk-r16b/sources/cxx-stl/gnu-libstdc++/4.9/libs/x86/libgnustl_static.a" 

Source file was:
int main() { return 0; }
Determining if the strtok_r exist passed with the following output:
Change Dir: /Users/sankim/lib_build/libx265-android/x265/build/android/x86/CMakeFiles/CMakeTmp

Run Build Command:"/usr/bin/make" "cmTC_478f1/fast"
/Applications/Xcode.app/Contents/Developer/usr/bin/make -f CMakeFiles/cmTC_478f1.dir/build.make CMakeFiles/cmTC_478f1.dir/build
Building C object CMakeFiles/cmTC_478f1.dir/CheckSymbolExists.c.o
/Users/sankim/lib_build/ffmpeg-android/android-ndk-r16b/toolchains/x86-4.9/prebuilt/darwin-x86_64/bin/i686-linux-android-gcc --sysroot=/Users/sankim/lib_build/ffmpeg-android/android-ndk-r16b/sysroot  -isystem /Users/sankim/lib_build/ffmpeg-android/android-ndk-r16b/sysroot/usr/include -isystem /Users/sankim/lib_build/ffmpeg-android/android-ndk-r16b/sysroot/usr/include/i686-linux-android  -funwind-tables -no-canonical-prefixes -D__ANDROID_API__=26 -fexceptions  -g -fPIE   -o CMakeFiles/cmTC_478f1.dir/CheckSymbolExists.c.o   -c /Users/sankim/lib_build/libx265-android/x265/build/android/x86/CMakeFiles/CMakeTmp/CheckSymbolExists.c
Linking C executable cmTC_478f1
/usr/local/Cellar/cmake/3.10.1/bin/cmake -E cmake_link_script CMakeFiles/cmTC_478f1.dir/link.txt --verbose=1
/Users/sankim/lib_build/ffmpeg-android/android-ndk-r16b/toolchains/x86-4.9/prebuilt/darwin-x86_64/bin/i686-linux-android-gcc --sysroot=/Users/sankim/lib_build/ffmpeg-android/android-ndk-r16b/platforms/android-26/arch-x86 -funwind-tables -no-canonical-prefixes -D__ANDROID_API__=26 -fexceptions  -g  -fPIE -pie -Wl,--gc-sections -Wl,-z,nocopyreloc  CMakeFiles/cmTC_478f1.dir/CheckSymbolExists.c.o  -o cmTC_478f1 

File /Users/sankim/lib_build/libx265-android/x265/build/android/x86/CMakeFiles/CMakeTmp/CheckSymbolExists.c:
/* */
#include <string.h>

int main(int argc, char** argv)
{
  (void)argv;
#ifndef strtok_r
  return ((int*)(&strtok_r))[argc];
#else
  (void)argc;
  return 0;
#endif
}

Determining if files getopt.h exist passed with the following output:
Change Dir: /Users/sankim/lib_build/libx265-android/x265/build/android/x86/CMakeFiles/CMakeTmp

Run Build Command:"/usr/bin/make" "cmTC_2bba1/fast"
/Applications/Xcode.app/Contents/Developer/usr/bin/make -f CMakeFiles/cmTC_2bba1.dir/build.make CMakeFiles/cmTC_2bba1.dir/build
Building C object CMakeFiles/cmTC_2bba1.dir/CheckIncludeFiles.c.o
/Users/sankim/lib_build/ffmpeg-android/android-ndk-r16b/toolchains/x86-4.9/prebuilt/darwin-x86_64/bin/i686-linux-android-gcc --sysroot=/Users/sankim/lib_build/ffmpeg-android/android-ndk-r16b/sysroot  -isystem /Users/sankim/lib_build/ffmpeg-android/android-ndk-r16b/sysroot/usr/include -isystem /Users/sankim/lib_build/ffmpeg-android/android-ndk-r16b/sysroot/usr/include/i686-linux-android  -funwind-tables -no-canonical-prefixes -D__ANDROID_API__=26 -fexceptions  -g -fPIE   -o CMakeFiles/cmTC_2bba1.dir/CheckIncludeFiles.c.o   -c /Users/sankim/lib_build/libx265-android/x265/build/android/x86/CMakeFiles/CMakeTmp/CheckIncludeFiles.c
Linking C executable cmTC_2bba1
/usr/local/Cellar/cmake/3.10.1/bin/cmake -E cmake_link_script CMakeFiles/cmTC_2bba1.dir/link.txt --verbose=1
/Users/sankim/lib_build/ffmpeg-android/android-ndk-r16b/toolchains/x86-4.9/prebuilt/darwin-x86_64/bin/i686-linux-android-gcc --sysroot=/Users/sankim/lib_build/ffmpeg-android/android-ndk-r16b/platforms/android-26/arch-x86 -funwind-tables -no-canonical-prefixes -D__ANDROID_API__=26 -fexceptions  -g  -fPIE -pie -Wl,--gc-sections -Wl,-z,nocopyreloc  CMakeFiles/cmTC_2bba1.dir/CheckIncludeFiles.c.o  -o cmTC_2bba1 


